[2024-07-01 14:34:35] staging.ERROR: ErrorException: Creating default object from empty value in /var/www/html/whitenoise/apiv1-wn/app/Http/Controllers/RegistrationController.php:265
Stack trace:
#0 /var/www/html/whitenoise/apiv1-wn/app/Http/Controllers/RegistrationController.php(265): Laravel\Lumen\Application->Laravel\Lumen\Concerns\{closure}()
#1 [internal function]: App\Http\Controllers\RegistrationController->create()
#2 /var/www/html/whitenoise/apiv1-wn/vendor/illuminate/container/BoundMethod.php(32): call_user_func_array()
#3 /var/www/html/whitenoise/apiv1-wn/vendor/illuminate/container/BoundMethod.php(90): Illuminate\Container\BoundMethod::Illuminate\Container\{closure}()
#4 /var/www/html/whitenoise/apiv1-wn/vendor/illuminate/container/BoundMethod.php(34): Illuminate\Container\BoundMethod::callBoundMethod()
#5 /var/www/html/whitenoise/apiv1-wn/vendor/illuminate/container/Container.php(576): Illuminate\Container\BoundMethod::call()
#6 /var/www/html/whitenoise/apiv1-wn/vendor/laravel/lumen-framework/src/Concerns/RoutesRequests.php(376): Illuminate\Container\Container->call()
#7 /var/www/html/whitenoise/apiv1-wn/vendor/laravel/lumen-framework/src/Concerns/RoutesRequests.php(342): Laravel\Lumen\Application->callControllerCallable()
#8 /var/www/html/whitenoise/apiv1-wn/vendor/laravel/lumen-framework/src/Concerns/RoutesRequests.php(316): Laravel\Lumen\Application->callLumenController()
#9 /var/www/html/whitenoise/apiv1-wn/vendor/laravel/lumen-framework/src/Concerns/RoutesRequests.php(278): Laravel\Lumen\Application->callControllerAction()
#10 /var/www/html/whitenoise/apiv1-wn/vendor/laravel/lumen-framework/src/Concerns/RoutesRequests.php(263): Laravel\Lumen\Application->callActionOnArrayBasedRoute()
#11 /var/www/html/whitenoise/apiv1-wn/vendor/laravel/lumen-framework/src/Concerns/RoutesRequests.php(165): Laravel\Lumen\Application->handleFoundRoute()
#12 /var/www/html/whitenoise/apiv1-wn/vendor/laravel/lumen-framework/src/Concerns/RoutesRequests.php(416): Laravel\Lumen\Application->Laravel\Lumen\Concerns\{closure}()
#13 /var/www/html/whitenoise/apiv1-wn/vendor/laravel/lumen-framework/src/Concerns/RoutesRequests.php(171): Laravel\Lumen\Application->sendThroughPipeline()
#14 /var/www/html/whitenoise/apiv1-wn/vendor/laravel/lumen-framework/src/Concerns/RoutesRequests.php(108): Laravel\Lumen\Application->dispatch()
#15 /var/www/html/whitenoise/apiv1-wn/public/index.php(28): Laravel\Lumen\Application->run()
#16 /var/www/html/whitenoise/apiv1-wn/index.php(22): require_once('/var/www/html/w...')
#17 {main} {"exception":"[object] (ErrorException(code: 0): Creating default object from empty value at /var/www/html/whitenoise/apiv1-wn/app/Http/Controllers/RegistrationController.php:265)
[stacktrace]
#0 /var/www/html/whitenoise/apiv1-wn/app/Http/Controllers/RegistrationController.php(265): Laravel\\Lumen\\Application->Laravel\\Lumen\\Concerns\\{closure}()
#1 [internal function]: App\\Http\\Controllers\\RegistrationController->create()
#2 /var/www/html/whitenoise/apiv1-wn/vendor/illuminate/container/BoundMethod.php(32): call_user_func_array()
#3 /var/www/html/whitenoise/apiv1-wn/vendor/illuminate/container/BoundMethod.php(90): Illuminate\\Container\\BoundMethod::Illuminate\\Container\\{closure}()
#4 /var/www/html/whitenoise/apiv1-wn/vendor/illuminate/container/BoundMethod.php(34): Illuminate\\Container\\BoundMethod::callBoundMethod()
#5 /var/www/html/whitenoise/apiv1-wn/vendor/illuminate/container/Container.php(576): Illuminate\\Container\\BoundMethod::call()
#6 /var/www/html/whitenoise/apiv1-wn/vendor/laravel/lumen-framework/src/Concerns/RoutesRequests.php(376): Illuminate\\Container\\Container->call()
#7 /var/www/html/whitenoise/apiv1-wn/vendor/laravel/lumen-framework/src/Concerns/RoutesRequests.php(342): Laravel\\Lumen\\Application->callControllerCallable()
#8 /var/www/html/whitenoise/apiv1-wn/vendor/laravel/lumen-framework/src/Concerns/RoutesRequests.php(316): Laravel\\Lumen\\Application->callLumenController()
#9 /var/www/html/whitenoise/apiv1-wn/vendor/laravel/lumen-framework/src/Concerns/RoutesRequests.php(278): Laravel\\Lumen\\Application->callControllerAction()
#10 /var/www/html/whitenoise/apiv1-wn/vendor/laravel/lumen-framework/src/Concerns/RoutesRequests.php(263): Laravel\\Lumen\\Application->callActionOnArrayBasedRoute()
#11 /var/www/html/whitenoise/apiv1-wn/vendor/laravel/lumen-framework/src/Concerns/RoutesRequests.php(165): Laravel\\Lumen\\Application->handleFoundRoute()
#12 /var/www/html/whitenoise/apiv1-wn/vendor/laravel/lumen-framework/src/Concerns/RoutesRequests.php(416): Laravel\\Lumen\\Application->Laravel\\Lumen\\Concerns\\{closure}()
#13 /var/www/html/whitenoise/apiv1-wn/vendor/laravel/lumen-framework/src/Concerns/RoutesRequests.php(171): Laravel\\Lumen\\Application->sendThroughPipeline()
#14 /var/www/html/whitenoise/apiv1-wn/vendor/laravel/lumen-framework/src/Concerns/RoutesRequests.php(108): Laravel\\Lumen\\Application->dispatch()
#15 /var/www/html/whitenoise/apiv1-wn/public/index.php(28): Laravel\\Lumen\\Application->run()
#16 /var/www/html/whitenoise/apiv1-wn/index.php(22): require_once('/var/www/html/w...')
#17 {main}
"} 
[2024-07-01 14:36:11] staging.ERROR: PDOException: SQLSTATE[42S02]: Base table or view not found: 1146 Table 'whitenoise.Voucher' doesn't exist in /var/www/html/whitenoise/apiv1-wn/vendor/illuminate/database/Connection.php:326
Stack trace:
#0 /var/www/html/whitenoise/apiv1-wn/vendor/illuminate/database/Connection.php(326): PDO->prepare()
#1 /var/www/html/whitenoise/apiv1-wn/vendor/illuminate/database/Connection.php(657): Illuminate\Database\Connection->Illuminate\Database\{closure}()
#2 /var/www/html/whitenoise/apiv1-wn/vendor/illuminate/database/Connection.php(624): Illuminate\Database\Connection->runQueryCallback()
#3 /var/www/html/whitenoise/apiv1-wn/vendor/illuminate/database/Connection.php(333): Illuminate\Database\Connection->run()
#4 /var/www/html/whitenoise/apiv1-wn/vendor/illuminate/database/Query/Builder.php(2130): Illuminate\Database\Connection->select()
#5 /var/www/html/whitenoise/apiv1-wn/vendor/illuminate/database/Query/Builder.php(2118): Illuminate\Database\Query\Builder->runSelect()
#6 /var/www/html/whitenoise/apiv1-wn/vendor/illuminate/database/Query/Builder.php(2604): Illuminate\Database\Query\Builder->Illuminate\Database\Query\{closure}()
#7 /var/www/html/whitenoise/apiv1-wn/vendor/illuminate/database/Query/Builder.php(2119): Illuminate\Database\Query\Builder->onceWithColumns()
#8 /var/www/html/whitenoise/apiv1-wn/vendor/illuminate/database/Eloquent/Builder.php(521): Illuminate\Database\Query\Builder->get()
#9 /var/www/html/whitenoise/apiv1-wn/vendor/illuminate/database/Eloquent/Builder.php(505): Illuminate\Database\Eloquent\Builder->getModels()
#10 /var/www/html/whitenoise/apiv1-wn/app/Http/Controllers/RegistrationController.php(304): Illuminate\Database\Eloquent\Builder->get()
#11 [internal function]: App\Http\Controllers\RegistrationController->create()
#12 /var/www/html/whitenoise/apiv1-wn/vendor/illuminate/container/BoundMethod.php(32): call_user_func_array()
#13 /var/www/html/whitenoise/apiv1-wn/vendor/illuminate/container/BoundMethod.php(90): Illuminate\Container\BoundMethod::Illuminate\Container\{closure}()
#14 /var/www/html/whitenoise/apiv1-wn/vendor/illuminate/container/BoundMethod.php(34): Illuminate\Container\BoundMethod::callBoundMethod()
#15 /var/www/html/whitenoise/apiv1-wn/vendor/illuminate/container/Container.php(576): Illuminate\Container\BoundMethod::call()
#16 /var/www/html/whitenoise/apiv1-wn/vendor/laravel/lumen-framework/src/Concerns/RoutesRequests.php(376): Illuminate\Container\Container->call()
#17 /var/www/html/whitenoise/apiv1-wn/vendor/laravel/lumen-framework/src/Concerns/RoutesRequests.php(342): Laravel\Lumen\Application->callControllerCallable()
#18 /var/www/html/whitenoise/apiv1-wn/vendor/laravel/lumen-framework/src/Concerns/RoutesRequests.php(316): Laravel\Lumen\Application->callLumenController()
#19 /var/www/html/whitenoise/apiv1-wn/vendor/laravel/lumen-framework/src/Concerns/RoutesRequests.php(278): Laravel\Lumen\Application->callControllerAction()
#20 /var/www/html/whitenoise/apiv1-wn/vendor/laravel/lumen-framework/src/Concerns/RoutesRequests.php(263): Laravel\Lumen\Application->callActionOnArrayBasedRoute()
#21 /var/www/html/whitenoise/apiv1-wn/vendor/laravel/lumen-framework/src/Concerns/RoutesRequests.php(165): Laravel\Lumen\Application->handleFoundRoute()
#22 /var/www/html/whitenoise/apiv1-wn/vendor/laravel/lumen-framework/src/Concerns/RoutesRequests.php(416): Laravel\Lumen\Application->Laravel\Lumen\Concerns\{closure}()
#23 /var/www/html/whitenoise/apiv1-wn/vendor/laravel/lumen-framework/src/Concerns/RoutesRequests.php(171): Laravel\Lumen\Application->sendThroughPipeline()
#24 /var/www/html/whitenoise/apiv1-wn/vendor/laravel/lumen-framework/src/Concerns/RoutesRequests.php(108): Laravel\Lumen\Application->dispatch()
#25 /var/www/html/whitenoise/apiv1-wn/public/index.php(28): Laravel\Lumen\Application->run()
#26 /var/www/html/whitenoise/apiv1-wn/index.php(22): require_once('/var/www/html/w...')
#27 {main}

Next Illuminate\Database\QueryException: SQLSTATE[42S02]: Base table or view not found: 1146 Table 'whitenoise.Voucher' doesn't exist (SQL: select * from `Voucher` where `CategoryVoucher` = 2) in /var/www/html/whitenoise/apiv1-wn/vendor/illuminate/database/Connection.php:664
Stack trace:
#0 /var/www/html/whitenoise/apiv1-wn/vendor/illuminate/database/Connection.php(624): Illuminate\Database\Connection->runQueryCallback()
#1 /var/www/html/whitenoise/apiv1-wn/vendor/illuminate/database/Connection.php(333): Illuminate\Database\Connection->run()
#2 /var/www/html/whitenoise/apiv1-wn/vendor/illuminate/database/Query/Builder.php(2130): Illuminate\Database\Connection->select()
#3 /var/www/html/whitenoise/apiv1-wn/vendor/illuminate/database/Query/Builder.php(2118): Illuminate\Database\Query\Builder->runSelect()
#4 /var/www/html/whitenoise/apiv1-wn/vendor/illuminate/database/Query/Builder.php(2604): Illuminate\Database\Query\Builder->Illuminate\Database\Query\{closure}()
#5 /var/www/html/whitenoise/apiv1-wn/vendor/illuminate/database/Query/Builder.php(2119): Illuminate\Database\Query\Builder->onceWithColumns()
#6 /var/www/html/whitenoise/apiv1-wn/vendor/illuminate/database/Eloquent/Builder.php(521): Illuminate\Database\Query\Builder->get()
#7 /var/www/html/whitenoise/apiv1-wn/vendor/illuminate/database/Eloquent/Builder.php(505): Illuminate\Database\Eloquent\Builder->getModels()
#8 /var/www/html/whitenoise/apiv1-wn/app/Http/Controllers/RegistrationController.php(304): Illuminate\Database\Eloquent\Builder->get()
#9 [internal function]: App\Http\Controllers\RegistrationController->create()
#10 /var/www/html/whitenoise/apiv1-wn/vendor/illuminate/container/BoundMethod.php(32): call_user_func_array()
#11 /var/www/html/whitenoise/apiv1-wn/vendor/illuminate/container/BoundMethod.php(90): Illuminate\Container\BoundMethod::Illuminate\Container\{closure}()
#12 /var/www/html/whitenoise/apiv1-wn/vendor/illuminate/container/BoundMethod.php(34): Illuminate\Container\BoundMethod::callBoundMethod()
#13 /var/www/html/whitenoise/apiv1-wn/vendor/illuminate/container/Container.php(576): Illuminate\Container\BoundMethod::call()
#14 /var/www/html/whitenoise/apiv1-wn/vendor/laravel/lumen-framework/src/Concerns/RoutesRequests.php(376): Illuminate\Container\Container->call()
#15 /var/www/html/whitenoise/apiv1-wn/vendor/laravel/lumen-framework/src/Concerns/RoutesRequests.php(342): Laravel\Lumen\Application->callControllerCallable()
#16 /var/www/html/whitenoise/apiv1-wn/vendor/laravel/lumen-framework/src/Concerns/RoutesRequests.php(316): Laravel\Lumen\Application->callLumenController()
#17 /var/www/html/whitenoise/apiv1-wn/vendor/laravel/lumen-framework/src/Concerns/RoutesRequests.php(278): Laravel\Lumen\Application->callControllerAction()
#18 /var/www/html/whitenoise/apiv1-wn/vendor/laravel/lumen-framework/src/Concerns/RoutesRequests.php(263): Laravel\Lumen\Application->callActionOnArrayBasedRoute()
#19 /var/www/html/whitenoise/apiv1-wn/vendor/laravel/lumen-framework/src/Concerns/RoutesRequests.php(165): Laravel\Lumen\Application->handleFoundRoute()
#20 /var/www/html/whitenoise/apiv1-wn/vendor/laravel/lumen-framework/src/Concerns/RoutesRequests.php(416): Laravel\Lumen\Application->Laravel\Lumen\Concerns\{closure}()
#21 /var/www/html/whitenoise/apiv1-wn/vendor/laravel/lumen-framework/src/Concerns/RoutesRequests.php(171): Laravel\Lumen\Application->sendThroughPipeline()
#22 /var/www/html/whitenoise/apiv1-wn/vendor/laravel/lumen-framework/src/Concerns/RoutesRequests.php(108): Laravel\Lumen\Application->dispatch()
#23 /var/www/html/whitenoise/apiv1-wn/public/index.php(28): Laravel\Lumen\Application->run()
#24 /var/www/html/whitenoise/apiv1-wn/index.php(22): require_once('/var/www/html/w...')
#25 {main} {"exception":"[object] (Illuminate\\Database\\QueryException(code: 42S02): SQLSTATE[42S02]: Base table or view not found: 1146 Table 'whitenoise.Voucher' doesn't exist (SQL: select * from `Voucher` where `CategoryVoucher` = 2) at /var/www/html/whitenoise/apiv1-wn/vendor/illuminate/database/Connection.php:664, PDOException(code: 42S02): SQLSTATE[42S02]: Base table or view not found: 1146 Table 'whitenoise.Voucher' doesn't exist at /var/www/html/whitenoise/apiv1-wn/vendor/illuminate/database/Connection.php:326)
[stacktrace]
#0 /var/www/html/whitenoise/apiv1-wn/vendor/illuminate/database/Connection.php(624): Illuminate\\Database\\Connection->runQueryCallback()
#1 /var/www/html/whitenoise/apiv1-wn/vendor/illuminate/database/Connection.php(333): Illuminate\\Database\\Connection->run()
#2 /var/www/html/whitenoise/apiv1-wn/vendor/illuminate/database/Query/Builder.php(2130): Illuminate\\Database\\Connection->select()
#3 /var/www/html/whitenoise/apiv1-wn/vendor/illuminate/database/Query/Builder.php(2118): Illuminate\\Database\\Query\\Builder->runSelect()
#4 /var/www/html/whitenoise/apiv1-wn/vendor/illuminate/database/Query/Builder.php(2604): Illuminate\\Database\\Query\\Builder->Illuminate\\Database\\Query\\{closure}()
#5 /var/www/html/whitenoise/apiv1-wn/vendor/illuminate/database/Query/Builder.php(2119): Illuminate\\Database\\Query\\Builder->onceWithColumns()
#6 /var/www/html/whitenoise/apiv1-wn/vendor/illuminate/database/Eloquent/Builder.php(521): Illuminate\\Database\\Query\\Builder->get()
#7 /var/www/html/whitenoise/apiv1-wn/vendor/illuminate/database/Eloquent/Builder.php(505): Illuminate\\Database\\Eloquent\\Builder->getModels()
#8 /var/www/html/whitenoise/apiv1-wn/app/Http/Controllers/RegistrationController.php(304): Illuminate\\Database\\Eloquent\\Builder->get()
#9 [internal function]: App\\Http\\Controllers\\RegistrationController->create()
#10 /var/www/html/whitenoise/apiv1-wn/vendor/illuminate/container/BoundMethod.php(32): call_user_func_array()
#11 /var/www/html/whitenoise/apiv1-wn/vendor/illuminate/container/BoundMethod.php(90): Illuminate\\Container\\BoundMethod::Illuminate\\Container\\{closure}()
#12 /var/www/html/whitenoise/apiv1-wn/vendor/illuminate/container/BoundMethod.php(34): Illuminate\\Container\\BoundMethod::callBoundMethod()
#13 /var/www/html/whitenoise/apiv1-wn/vendor/illuminate/container/Container.php(576): Illuminate\\Container\\BoundMethod::call()
#14 /var/www/html/whitenoise/apiv1-wn/vendor/laravel/lumen-framework/src/Concerns/RoutesRequests.php(376): Illuminate\\Container\\Container->call()
#15 /var/www/html/whitenoise/apiv1-wn/vendor/laravel/lumen-framework/src/Concerns/RoutesRequests.php(342): Laravel\\Lumen\\Application->callControllerCallable()
#16 /var/www/html/whitenoise/apiv1-wn/vendor/laravel/lumen-framework/src/Concerns/RoutesRequests.php(316): Laravel\\Lumen\\Application->callLumenController()
#17 /var/www/html/whitenoise/apiv1-wn/vendor/laravel/lumen-framework/src/Concerns/RoutesRequests.php(278): Laravel\\Lumen\\Application->callControllerAction()
#18 /var/www/html/whitenoise/apiv1-wn/vendor/laravel/lumen-framework/src/Concerns/RoutesRequests.php(263): Laravel\\Lumen\\Application->callActionOnArrayBasedRoute()
#19 /var/www/html/whitenoise/apiv1-wn/vendor/laravel/lumen-framework/src/Concerns/RoutesRequests.php(165): Laravel\\Lumen\\Application->handleFoundRoute()
#20 /var/www/html/whitenoise/apiv1-wn/vendor/laravel/lumen-framework/src/Concerns/RoutesRequests.php(416): Laravel\\Lumen\\Application->Laravel\\Lumen\\Concerns\\{closure}()
#21 /var/www/html/whitenoise/apiv1-wn/vendor/laravel/lumen-framework/src/Concerns/RoutesRequests.php(171): Laravel\\Lumen\\Application->sendThroughPipeline()
#22 /var/www/html/whitenoise/apiv1-wn/vendor/laravel/lumen-framework/src/Concerns/RoutesRequests.php(108): Laravel\\Lumen\\Application->dispatch()
#23 /var/www/html/whitenoise/apiv1-wn/public/index.php(28): Laravel\\Lumen\\Application->run()
#24 /var/www/html/whitenoise/apiv1-wn/index.php(22): require_once('/var/www/html/w...')
#25 {main}
"} 
[2024-07-01 14:37:12] staging.ERROR: PDOException: SQLSTATE[42S02]: Base table or view not found: 1146 Table 'whitenoise.Voucher' doesn't exist in /var/www/html/whitenoise/apiv1-wn/vendor/illuminate/database/Connection.php:326
Stack trace:
#0 /var/www/html/whitenoise/apiv1-wn/vendor/illuminate/database/Connection.php(326): PDO->prepare()
#1 /var/www/html/whitenoise/apiv1-wn/vendor/illuminate/database/Connection.php(657): Illuminate\Database\Connection->Illuminate\Database\{closure}()
#2 /var/www/html/whitenoise/apiv1-wn/vendor/illuminate/database/Connection.php(624): Illuminate\Database\Connection->runQueryCallback()
#3 /var/www/html/whitenoise/apiv1-wn/vendor/illuminate/database/Connection.php(333): Illuminate\Database\Connection->run()
#4 /var/www/html/whitenoise/apiv1-wn/vendor/illuminate/database/Query/Builder.php(2130): Illuminate\Database\Connection->select()
#5 /var/www/html/whitenoise/apiv1-wn/vendor/illuminate/database/Query/Builder.php(2118): Illuminate\Database\Query\Builder->runSelect()
#6 /var/www/html/whitenoise/apiv1-wn/vendor/illuminate/database/Query/Builder.php(2604): Illuminate\Database\Query\Builder->Illuminate\Database\Query\{closure}()
#7 /var/www/html/whitenoise/apiv1-wn/vendor/illuminate/database/Query/Builder.php(2119): Illuminate\Database\Query\Builder->onceWithColumns()
#8 /var/www/html/whitenoise/apiv1-wn/vendor/illuminate/database/Eloquent/Builder.php(521): Illuminate\Database\Query\Builder->get()
#9 /var/www/html/whitenoise/apiv1-wn/vendor/illuminate/database/Eloquent/Builder.php(505): Illuminate\Database\Eloquent\Builder->getModels()
#10 /var/www/html/whitenoise/apiv1-wn/app/Http/Controllers/RegistrationController.php(290): Illuminate\Database\Eloquent\Builder->get()
#11 [internal function]: App\Http\Controllers\RegistrationController->create()
#12 /var/www/html/whitenoise/apiv1-wn/vendor/illuminate/container/BoundMethod.php(32): call_user_func_array()
#13 /var/www/html/whitenoise/apiv1-wn/vendor/illuminate/container/BoundMethod.php(90): Illuminate\Container\BoundMethod::Illuminate\Container\{closure}()
#14 /var/www/html/whitenoise/apiv1-wn/vendor/illuminate/container/BoundMethod.php(34): Illuminate\Container\BoundMethod::callBoundMethod()
#15 /var/www/html/whitenoise/apiv1-wn/vendor/illuminate/container/Container.php(576): Illuminate\Container\BoundMethod::call()
#16 /var/www/html/whitenoise/apiv1-wn/vendor/laravel/lumen-framework/src/Concerns/RoutesRequests.php(376): Illuminate\Container\Container->call()
#17 /var/www/html/whitenoise/apiv1-wn/vendor/laravel/lumen-framework/src/Concerns/RoutesRequests.php(342): Laravel\Lumen\Application->callControllerCallable()
#18 /var/www/html/whitenoise/apiv1-wn/vendor/laravel/lumen-framework/src/Concerns/RoutesRequests.php(316): Laravel\Lumen\Application->callLumenController()
#19 /var/www/html/whitenoise/apiv1-wn/vendor/laravel/lumen-framework/src/Concerns/RoutesRequests.php(278): Laravel\Lumen\Application->callControllerAction()
#20 /var/www/html/whitenoise/apiv1-wn/vendor/laravel/lumen-framework/src/Concerns/RoutesRequests.php(263): Laravel\Lumen\Application->callActionOnArrayBasedRoute()
#21 /var/www/html/whitenoise/apiv1-wn/vendor/laravel/lumen-framework/src/Concerns/RoutesRequests.php(165): Laravel\Lumen\Application->handleFoundRoute()
#22 /var/www/html/whitenoise/apiv1-wn/vendor/laravel/lumen-framework/src/Concerns/RoutesRequests.php(416): Laravel\Lumen\Application->Laravel\Lumen\Concerns\{closure}()
#23 /var/www/html/whitenoise/apiv1-wn/vendor/laravel/lumen-framework/src/Concerns/RoutesRequests.php(171): Laravel\Lumen\Application->sendThroughPipeline()
#24 /var/www/html/whitenoise/apiv1-wn/vendor/laravel/lumen-framework/src/Concerns/RoutesRequests.php(108): Laravel\Lumen\Application->dispatch()
#25 /var/www/html/whitenoise/apiv1-wn/public/index.php(28): Laravel\Lumen\Application->run()
#26 /var/www/html/whitenoise/apiv1-wn/index.php(22): require_once('/var/www/html/w...')
#27 {main}

Next Illuminate\Database\QueryException: SQLSTATE[42S02]: Base table or view not found: 1146 Table 'whitenoise.Voucher' doesn't exist (SQL: select * from `Voucher` where `CategoryVoucher` = 2) in /var/www/html/whitenoise/apiv1-wn/vendor/illuminate/database/Connection.php:664
Stack trace:
#0 /var/www/html/whitenoise/apiv1-wn/vendor/illuminate/database/Connection.php(624): Illuminate\Database\Connection->runQueryCallback()
#1 /var/www/html/whitenoise/apiv1-wn/vendor/illuminate/database/Connection.php(333): Illuminate\Database\Connection->run()
#2 /var/www/html/whitenoise/apiv1-wn/vendor/illuminate/database/Query/Builder.php(2130): Illuminate\Database\Connection->select()
#3 /var/www/html/whitenoise/apiv1-wn/vendor/illuminate/database/Query/Builder.php(2118): Illuminate\Database\Query\Builder->runSelect()
#4 /var/www/html/whitenoise/apiv1-wn/vendor/illuminate/database/Query/Builder.php(2604): Illuminate\Database\Query\Builder->Illuminate\Database\Query\{closure}()
#5 /var/www/html/whitenoise/apiv1-wn/vendor/illuminate/database/Query/Builder.php(2119): Illuminate\Database\Query\Builder->onceWithColumns()
#6 /var/www/html/whitenoise/apiv1-wn/vendor/illuminate/database/Eloquent/Builder.php(521): Illuminate\Database\Query\Builder->get()
#7 /var/www/html/whitenoise/apiv1-wn/vendor/illuminate/database/Eloquent/Builder.php(505): Illuminate\Database\Eloquent\Builder->getModels()
#8 /var/www/html/whitenoise/apiv1-wn/app/Http/Controllers/RegistrationController.php(290): Illuminate\Database\Eloquent\Builder->get()
#9 [internal function]: App\Http\Controllers\RegistrationController->create()
#10 /var/www/html/whitenoise/apiv1-wn/vendor/illuminate/container/BoundMethod.php(32): call_user_func_array()
#11 /var/www/html/whitenoise/apiv1-wn/vendor/illuminate/container/BoundMethod.php(90): Illuminate\Container\BoundMethod::Illuminate\Container\{closure}()
#12 /var/www/html/whitenoise/apiv1-wn/vendor/illuminate/container/BoundMethod.php(34): Illuminate\Container\BoundMethod::callBoundMethod()
#13 /var/www/html/whitenoise/apiv1-wn/vendor/illuminate/container/Container.php(576): Illuminate\Container\BoundMethod::call()
#14 /var/www/html/whitenoise/apiv1-wn/vendor/laravel/lumen-framework/src/Concerns/RoutesRequests.php(376): Illuminate\Container\Container->call()
#15 /var/www/html/whitenoise/apiv1-wn/vendor/laravel/lumen-framework/src/Concerns/RoutesRequests.php(342): Laravel\Lumen\Application->callControllerCallable()
#16 /var/www/html/whitenoise/apiv1-wn/vendor/laravel/lumen-framework/src/Concerns/RoutesRequests.php(316): Laravel\Lumen\Application->callLumenController()
#17 /var/www/html/whitenoise/apiv1-wn/vendor/laravel/lumen-framework/src/Concerns/RoutesRequests.php(278): Laravel\Lumen\Application->callControllerAction()
#18 /var/www/html/whitenoise/apiv1-wn/vendor/laravel/lumen-framework/src/Concerns/RoutesRequests.php(263): Laravel\Lumen\Application->callActionOnArrayBasedRoute()
#19 /var/www/html/whitenoise/apiv1-wn/vendor/laravel/lumen-framework/src/Concerns/RoutesRequests.php(165): Laravel\Lumen\Application->handleFoundRoute()
#20 /var/www/html/whitenoise/apiv1-wn/vendor/laravel/lumen-framework/src/Concerns/RoutesRequests.php(416): Laravel\Lumen\Application->Laravel\Lumen\Concerns\{closure}()
#21 /var/www/html/whitenoise/apiv1-wn/vendor/laravel/lumen-framework/src/Concerns/RoutesRequests.php(171): Laravel\Lumen\Application->sendThroughPipeline()
#22 /var/www/html/whitenoise/apiv1-wn/vendor/laravel/lumen-framework/src/Concerns/RoutesRequests.php(108): Laravel\Lumen\Application->dispatch()
#23 /var/www/html/whitenoise/apiv1-wn/public/index.php(28): Laravel\Lumen\Application->run()
#24 /var/www/html/whitenoise/apiv1-wn/index.php(22): require_once('/var/www/html/w...')
#25 {main} {"exception":"[object] (Illuminate\\Database\\QueryException(code: 42S02): SQLSTATE[42S02]: Base table or view not found: 1146 Table 'whitenoise.Voucher' doesn't exist (SQL: select * from `Voucher` where `CategoryVoucher` = 2) at /var/www/html/whitenoise/apiv1-wn/vendor/illuminate/database/Connection.php:664, PDOException(code: 42S02): SQLSTATE[42S02]: Base table or view not found: 1146 Table 'whitenoise.Voucher' doesn't exist at /var/www/html/whitenoise/apiv1-wn/vendor/illuminate/database/Connection.php:326)
[stacktrace]
#0 /var/www/html/whitenoise/apiv1-wn/vendor/illuminate/database/Connection.php(624): Illuminate\\Database\\Connection->runQueryCallback()
#1 /var/www/html/whitenoise/apiv1-wn/vendor/illuminate/database/Connection.php(333): Illuminate\\Database\\Connection->run()
#2 /var/www/html/whitenoise/apiv1-wn/vendor/illuminate/database/Query/Builder.php(2130): Illuminate\\Database\\Connection->select()
#3 /var/www/html/whitenoise/apiv1-wn/vendor/illuminate/database/Query/Builder.php(2118): Illuminate\\Database\\Query\\Builder->runSelect()
#4 /var/www/html/whitenoise/apiv1-wn/vendor/illuminate/database/Query/Builder.php(2604): Illuminate\\Database\\Query\\Builder->Illuminate\\Database\\Query\\{closure}()
#5 /var/www/html/whitenoise/apiv1-wn/vendor/illuminate/database/Query/Builder.php(2119): Illuminate\\Database\\Query\\Builder->onceWithColumns()
#6 /var/www/html/whitenoise/apiv1-wn/vendor/illuminate/database/Eloquent/Builder.php(521): Illuminate\\Database\\Query\\Builder->get()
#7 /var/www/html/whitenoise/apiv1-wn/vendor/illuminate/database/Eloquent/Builder.php(505): Illuminate\\Database\\Eloquent\\Builder->getModels()
#8 /var/www/html/whitenoise/apiv1-wn/app/Http/Controllers/RegistrationController.php(290): Illuminate\\Database\\Eloquent\\Builder->get()
#9 [internal function]: App\\Http\\Controllers\\RegistrationController->create()
#10 /var/www/html/whitenoise/apiv1-wn/vendor/illuminate/container/BoundMethod.php(32): call_user_func_array()
#11 /var/www/html/whitenoise/apiv1-wn/vendor/illuminate/container/BoundMethod.php(90): Illuminate\\Container\\BoundMethod::Illuminate\\Container\\{closure}()
#12 /var/www/html/whitenoise/apiv1-wn/vendor/illuminate/container/BoundMethod.php(34): Illuminate\\Container\\BoundMethod::callBoundMethod()
#13 /var/www/html/whitenoise/apiv1-wn/vendor/illuminate/container/Container.php(576): Illuminate\\Container\\BoundMethod::call()
#14 /var/www/html/whitenoise/apiv1-wn/vendor/laravel/lumen-framework/src/Concerns/RoutesRequests.php(376): Illuminate\\Container\\Container->call()
#15 /var/www/html/whitenoise/apiv1-wn/vendor/laravel/lumen-framework/src/Concerns/RoutesRequests.php(342): Laravel\\Lumen\\Application->callControllerCallable()
#16 /var/www/html/whitenoise/apiv1-wn/vendor/laravel/lumen-framework/src/Concerns/RoutesRequests.php(316): Laravel\\Lumen\\Application->callLumenController()
#17 /var/www/html/whitenoise/apiv1-wn/vendor/laravel/lumen-framework/src/Concerns/RoutesRequests.php(278): Laravel\\Lumen\\Application->callControllerAction()
#18 /var/www/html/whitenoise/apiv1-wn/vendor/laravel/lumen-framework/src/Concerns/RoutesRequests.php(263): Laravel\\Lumen\\Application->callActionOnArrayBasedRoute()
#19 /var/www/html/whitenoise/apiv1-wn/vendor/laravel/lumen-framework/src/Concerns/RoutesRequests.php(165): Laravel\\Lumen\\Application->handleFoundRoute()
#20 /var/www/html/whitenoise/apiv1-wn/vendor/laravel/lumen-framework/src/Concerns/RoutesRequests.php(416): Laravel\\Lumen\\Application->Laravel\\Lumen\\Concerns\\{closure}()
#21 /var/www/html/whitenoise/apiv1-wn/vendor/laravel/lumen-framework/src/Concerns/RoutesRequests.php(171): Laravel\\Lumen\\Application->sendThroughPipeline()
#22 /var/www/html/whitenoise/apiv1-wn/vendor/laravel/lumen-framework/src/Concerns/RoutesRequests.php(108): Laravel\\Lumen\\Application->dispatch()
#23 /var/www/html/whitenoise/apiv1-wn/public/index.php(28): Laravel\\Lumen\\Application->run()
#24 /var/www/html/whitenoise/apiv1-wn/index.php(22): require_once('/var/www/html/w...')
#25 {main}
"} 
[2024-07-01 19:01:28] staging.ERROR: PDOException: SQLSTATE[42S02]: Base table or view not found: 1146 Table 'whitenoise.Voucher' doesn't exist in /var/www/html/whitenoise/apiv1-wn/vendor/illuminate/database/Connection.php:326
Stack trace:
#0 /var/www/html/whitenoise/apiv1-wn/vendor/illuminate/database/Connection.php(326): PDO->prepare()
#1 /var/www/html/whitenoise/apiv1-wn/vendor/illuminate/database/Connection.php(657): Illuminate\Database\Connection->Illuminate\Database\{closure}()
#2 /var/www/html/whitenoise/apiv1-wn/vendor/illuminate/database/Connection.php(624): Illuminate\Database\Connection->runQueryCallback()
#3 /var/www/html/whitenoise/apiv1-wn/vendor/illuminate/database/Connection.php(333): Illuminate\Database\Connection->run()
#4 /var/www/html/whitenoise/apiv1-wn/vendor/illuminate/database/Query/Builder.php(2130): Illuminate\Database\Connection->select()
#5 /var/www/html/whitenoise/apiv1-wn/vendor/illuminate/database/Query/Builder.php(2118): Illuminate\Database\Query\Builder->runSelect()
#6 /var/www/html/whitenoise/apiv1-wn/vendor/illuminate/database/Query/Builder.php(2604): Illuminate\Database\Query\Builder->Illuminate\Database\Query\{closure}()
#7 /var/www/html/whitenoise/apiv1-wn/vendor/illuminate/database/Query/Builder.php(2119): Illuminate\Database\Query\Builder->onceWithColumns()
#8 /var/www/html/whitenoise/apiv1-wn/vendor/illuminate/database/Eloquent/Builder.php(521): Illuminate\Database\Query\Builder->get()
#9 /var/www/html/whitenoise/apiv1-wn/vendor/illuminate/database/Eloquent/Builder.php(505): Illuminate\Database\Eloquent\Builder->getModels()
#10 /var/www/html/whitenoise/apiv1-wn/app/Http/Controllers/RegistrationController.php(290): Illuminate\Database\Eloquent\Builder->get()
#11 [internal function]: App\Http\Controllers\RegistrationController->create()
#12 /var/www/html/whitenoise/apiv1-wn/vendor/illuminate/container/BoundMethod.php(32): call_user_func_array()
#13 /var/www/html/whitenoise/apiv1-wn/vendor/illuminate/container/BoundMethod.php(90): Illuminate\Container\BoundMethod::Illuminate\Container\{closure}()
#14 /var/www/html/whitenoise/apiv1-wn/vendor/illuminate/container/BoundMethod.php(34): Illuminate\Container\BoundMethod::callBoundMethod()
#15 /var/www/html/whitenoise/apiv1-wn/vendor/illuminate/container/Container.php(576): Illuminate\Container\BoundMethod::call()
#16 /var/www/html/whitenoise/apiv1-wn/vendor/laravel/lumen-framework/src/Concerns/RoutesRequests.php(376): Illuminate\Container\Container->call()
#17 /var/www/html/whitenoise/apiv1-wn/vendor/laravel/lumen-framework/src/Concerns/RoutesRequests.php(342): Laravel\Lumen\Application->callControllerCallable()
#18 /var/www/html/whitenoise/apiv1-wn/vendor/laravel/lumen-framework/src/Concerns/RoutesRequests.php(316): Laravel\Lumen\Application->callLumenController()
#19 /var/www/html/whitenoise/apiv1-wn/vendor/laravel/lumen-framework/src/Concerns/RoutesRequests.php(278): Laravel\Lumen\Application->callControllerAction()
#20 /var/www/html/whitenoise/apiv1-wn/vendor/laravel/lumen-framework/src/Concerns/RoutesRequests.php(263): Laravel\Lumen\Application->callActionOnArrayBasedRoute()
#21 /var/www/html/whitenoise/apiv1-wn/vendor/laravel/lumen-framework/src/Concerns/RoutesRequests.php(165): Laravel\Lumen\Application->handleFoundRoute()
#22 /var/www/html/whitenoise/apiv1-wn/vendor/laravel/lumen-framework/src/Concerns/RoutesRequests.php(416): Laravel\Lumen\Application->Laravel\Lumen\Concerns\{closure}()
#23 /var/www/html/whitenoise/apiv1-wn/vendor/laravel/lumen-framework/src/Concerns/RoutesRequests.php(171): Laravel\Lumen\Application->sendThroughPipeline()
#24 /var/www/html/whitenoise/apiv1-wn/vendor/laravel/lumen-framework/src/Concerns/RoutesRequests.php(108): Laravel\Lumen\Application->dispatch()
#25 /var/www/html/whitenoise/apiv1-wn/public/index.php(28): Laravel\Lumen\Application->run()
#26 /var/www/html/whitenoise/apiv1-wn/index.php(22): require_once('/var/www/html/w...')
#27 {main}

Next Illuminate\Database\QueryException: SQLSTATE[42S02]: Base table or view not found: 1146 Table 'whitenoise.Voucher' doesn't exist (SQL: select * from `Voucher` where `CategoryVoucher` = 2) in /var/www/html/whitenoise/apiv1-wn/vendor/illuminate/database/Connection.php:664
Stack trace:
#0 /var/www/html/whitenoise/apiv1-wn/vendor/illuminate/database/Connection.php(624): Illuminate\Database\Connection->runQueryCallback()
#1 /var/www/html/whitenoise/apiv1-wn/vendor/illuminate/database/Connection.php(333): Illuminate\Database\Connection->run()
#2 /var/www/html/whitenoise/apiv1-wn/vendor/illuminate/database/Query/Builder.php(2130): Illuminate\Database\Connection->select()
#3 /var/www/html/whitenoise/apiv1-wn/vendor/illuminate/database/Query/Builder.php(2118): Illuminate\Database\Query\Builder->runSelect()
#4 /var/www/html/whitenoise/apiv1-wn/vendor/illuminate/database/Query/Builder.php(2604): Illuminate\Database\Query\Builder->Illuminate\Database\Query\{closure}()
#5 /var/www/html/whitenoise/apiv1-wn/vendor/illuminate/database/Query/Builder.php(2119): Illuminate\Database\Query\Builder->onceWithColumns()
#6 /var/www/html/whitenoise/apiv1-wn/vendor/illuminate/database/Eloquent/Builder.php(521): Illuminate\Database\Query\Builder->get()
#7 /var/www/html/whitenoise/apiv1-wn/vendor/illuminate/database/Eloquent/Builder.php(505): Illuminate\Database\Eloquent\Builder->getModels()
#8 /var/www/html/whitenoise/apiv1-wn/app/Http/Controllers/RegistrationController.php(290): Illuminate\Database\Eloquent\Builder->get()
#9 [internal function]: App\Http\Controllers\RegistrationController->create()
#10 /var/www/html/whitenoise/apiv1-wn/vendor/illuminate/container/BoundMethod.php(32): call_user_func_array()
#11 /var/www/html/whitenoise/apiv1-wn/vendor/illuminate/container/BoundMethod.php(90): Illuminate\Container\BoundMethod::Illuminate\Container\{closure}()
#12 /var/www/html/whitenoise/apiv1-wn/vendor/illuminate/container/BoundMethod.php(34): Illuminate\Container\BoundMethod::callBoundMethod()
#13 /var/www/html/whitenoise/apiv1-wn/vendor/illuminate/container/Container.php(576): Illuminate\Container\BoundMethod::call()
#14 /var/www/html/whitenoise/apiv1-wn/vendor/laravel/lumen-framework/src/Concerns/RoutesRequests.php(376): Illuminate\Container\Container->call()
#15 /var/www/html/whitenoise/apiv1-wn/vendor/laravel/lumen-framework/src/Concerns/RoutesRequests.php(342): Laravel\Lumen\Application->callControllerCallable()
#16 /var/www/html/whitenoise/apiv1-wn/vendor/laravel/lumen-framework/src/Concerns/RoutesRequests.php(316): Laravel\Lumen\Application->callLumenController()
#17 /var/www/html/whitenoise/apiv1-wn/vendor/laravel/lumen-framework/src/Concerns/RoutesRequests.php(278): Laravel\Lumen\Application->callControllerAction()
#18 /var/www/html/whitenoise/apiv1-wn/vendor/laravel/lumen-framework/src/Concerns/RoutesRequests.php(263): Laravel\Lumen\Application->callActionOnArrayBasedRoute()
#19 /var/www/html/whitenoise/apiv1-wn/vendor/laravel/lumen-framework/src/Concerns/RoutesRequests.php(165): Laravel\Lumen\Application->handleFoundRoute()
#20 /var/www/html/whitenoise/apiv1-wn/vendor/laravel/lumen-framework/src/Concerns/RoutesRequests.php(416): Laravel\Lumen\Application->Laravel\Lumen\Concerns\{closure}()
#21 /var/www/html/whitenoise/apiv1-wn/vendor/laravel/lumen-framework/src/Concerns/RoutesRequests.php(171): Laravel\Lumen\Application->sendThroughPipeline()
#22 /var/www/html/whitenoise/apiv1-wn/vendor/laravel/lumen-framework/src/Concerns/RoutesRequests.php(108): Laravel\Lumen\Application->dispatch()
#23 /var/www/html/whitenoise/apiv1-wn/public/index.php(28): Laravel\Lumen\Application->run()
#24 /var/www/html/whitenoise/apiv1-wn/index.php(22): require_once('/var/www/html/w...')
#25 {main} {"exception":"[object] (Illuminate\\Database\\QueryException(code: 42S02): SQLSTATE[42S02]: Base table or view not found: 1146 Table 'whitenoise.Voucher' doesn't exist (SQL: select * from `Voucher` where `CategoryVoucher` = 2) at /var/www/html/whitenoise/apiv1-wn/vendor/illuminate/database/Connection.php:664, PDOException(code: 42S02): SQLSTATE[42S02]: Base table or view not found: 1146 Table 'whitenoise.Voucher' doesn't exist at /var/www/html/whitenoise/apiv1-wn/vendor/illuminate/database/Connection.php:326)
[stacktrace]
#0 /var/www/html/whitenoise/apiv1-wn/vendor/illuminate/database/Connection.php(624): Illuminate\\Database\\Connection->runQueryCallback()
#1 /var/www/html/whitenoise/apiv1-wn/vendor/illuminate/database/Connection.php(333): Illuminate\\Database\\Connection->run()
#2 /var/www/html/whitenoise/apiv1-wn/vendor/illuminate/database/Query/Builder.php(2130): Illuminate\\Database\\Connection->select()
#3 /var/www/html/whitenoise/apiv1-wn/vendor/illuminate/database/Query/Builder.php(2118): Illuminate\\Database\\Query\\Builder->runSelect()
#4 /var/www/html/whitenoise/apiv1-wn/vendor/illuminate/database/Query/Builder.php(2604): Illuminate\\Database\\Query\\Builder->Illuminate\\Database\\Query\\{closure}()
#5 /var/www/html/whitenoise/apiv1-wn/vendor/illuminate/database/Query/Builder.php(2119): Illuminate\\Database\\Query\\Builder->onceWithColumns()
#6 /var/www/html/whitenoise/apiv1-wn/vendor/illuminate/database/Eloquent/Builder.php(521): Illuminate\\Database\\Query\\Builder->get()
#7 /var/www/html/whitenoise/apiv1-wn/vendor/illuminate/database/Eloquent/Builder.php(505): Illuminate\\Database\\Eloquent\\Builder->getModels()
#8 /var/www/html/whitenoise/apiv1-wn/app/Http/Controllers/RegistrationController.php(290): Illuminate\\Database\\Eloquent\\Builder->get()
#9 [internal function]: App\\Http\\Controllers\\RegistrationController->create()
#10 /var/www/html/whitenoise/apiv1-wn/vendor/illuminate/container/BoundMethod.php(32): call_user_func_array()
#11 /var/www/html/whitenoise/apiv1-wn/vendor/illuminate/container/BoundMethod.php(90): Illuminate\\Container\\BoundMethod::Illuminate\\Container\\{closure}()
#12 /var/www/html/whitenoise/apiv1-wn/vendor/illuminate/container/BoundMethod.php(34): Illuminate\\Container\\BoundMethod::callBoundMethod()
#13 /var/www/html/whitenoise/apiv1-wn/vendor/illuminate/container/Container.php(576): Illuminate\\Container\\BoundMethod::call()
#14 /var/www/html/whitenoise/apiv1-wn/vendor/laravel/lumen-framework/src/Concerns/RoutesRequests.php(376): Illuminate\\Container\\Container->call()
#15 /var/www/html/whitenoise/apiv1-wn/vendor/laravel/lumen-framework/src/Concerns/RoutesRequests.php(342): Laravel\\Lumen\\Application->callControllerCallable()
#16 /var/www/html/whitenoise/apiv1-wn/vendor/laravel/lumen-framework/src/Concerns/RoutesRequests.php(316): Laravel\\Lumen\\Application->callLumenController()
#17 /var/www/html/whitenoise/apiv1-wn/vendor/laravel/lumen-framework/src/Concerns/RoutesRequests.php(278): Laravel\\Lumen\\Application->callControllerAction()
#18 /var/www/html/whitenoise/apiv1-wn/vendor/laravel/lumen-framework/src/Concerns/RoutesRequests.php(263): Laravel\\Lumen\\Application->callActionOnArrayBasedRoute()
#19 /var/www/html/whitenoise/apiv1-wn/vendor/laravel/lumen-framework/src/Concerns/RoutesRequests.php(165): Laravel\\Lumen\\Application->handleFoundRoute()
#20 /var/www/html/whitenoise/apiv1-wn/vendor/laravel/lumen-framework/src/Concerns/RoutesRequests.php(416): Laravel\\Lumen\\Application->Laravel\\Lumen\\Concerns\\{closure}()
#21 /var/www/html/whitenoise/apiv1-wn/vendor/laravel/lumen-framework/src/Concerns/RoutesRequests.php(171): Laravel\\Lumen\\Application->sendThroughPipeline()
#22 /var/www/html/whitenoise/apiv1-wn/vendor/laravel/lumen-framework/src/Concerns/RoutesRequests.php(108): Laravel\\Lumen\\Application->dispatch()
#23 /var/www/html/whitenoise/apiv1-wn/public/index.php(28): Laravel\\Lumen\\Application->run()
#24 /var/www/html/whitenoise/apiv1-wn/index.php(22): require_once('/var/www/html/w...')
#25 {main}
"} 
[2024-07-01 22:50:08] staging.ERROR: PDOException: SQLSTATE[42S22]: Column not found: 1054 Unknown column 'CategoryVoucher' in 'where clause' in /var/www/html/whitenoise/apiv1-wn/vendor/illuminate/database/Connection.php:326
Stack trace:
#0 /var/www/html/whitenoise/apiv1-wn/vendor/illuminate/database/Connection.php(326): PDO->prepare()
#1 /var/www/html/whitenoise/apiv1-wn/vendor/illuminate/database/Connection.php(657): Illuminate\Database\Connection->Illuminate\Database\{closure}()
#2 /var/www/html/whitenoise/apiv1-wn/vendor/illuminate/database/Connection.php(624): Illuminate\Database\Connection->runQueryCallback()
#3 /var/www/html/whitenoise/apiv1-wn/vendor/illuminate/database/Connection.php(333): Illuminate\Database\Connection->run()
#4 /var/www/html/whitenoise/apiv1-wn/vendor/illuminate/database/Query/Builder.php(2130): Illuminate\Database\Connection->select()
#5 /var/www/html/whitenoise/apiv1-wn/vendor/illuminate/database/Query/Builder.php(2118): Illuminate\Database\Query\Builder->runSelect()
#6 /var/www/html/whitenoise/apiv1-wn/vendor/illuminate/database/Query/Builder.php(2604): Illuminate\Database\Query\Builder->Illuminate\Database\Query\{closure}()
#7 /var/www/html/whitenoise/apiv1-wn/vendor/illuminate/database/Query/Builder.php(2119): Illuminate\Database\Query\Builder->onceWithColumns()
#8 /var/www/html/whitenoise/apiv1-wn/vendor/illuminate/database/Eloquent/Builder.php(521): Illuminate\Database\Query\Builder->get()
#9 /var/www/html/whitenoise/apiv1-wn/vendor/illuminate/database/Eloquent/Builder.php(505): Illuminate\Database\Eloquent\Builder->getModels()
#10 /var/www/html/whitenoise/apiv1-wn/app/Http/Controllers/RegistrationController.php(269): Illuminate\Database\Eloquent\Builder->get()
#11 [internal function]: App\Http\Controllers\RegistrationController->create()
#12 /var/www/html/whitenoise/apiv1-wn/vendor/illuminate/container/BoundMethod.php(32): call_user_func_array()
#13 /var/www/html/whitenoise/apiv1-wn/vendor/illuminate/container/BoundMethod.php(90): Illuminate\Container\BoundMethod::Illuminate\Container\{closure}()
#14 /var/www/html/whitenoise/apiv1-wn/vendor/illuminate/container/BoundMethod.php(34): Illuminate\Container\BoundMethod::callBoundMethod()
#15 /var/www/html/whitenoise/apiv1-wn/vendor/illuminate/container/Container.php(576): Illuminate\Container\BoundMethod::call()
#16 /var/www/html/whitenoise/apiv1-wn/vendor/laravel/lumen-framework/src/Concerns/RoutesRequests.php(376): Illuminate\Container\Container->call()
#17 /var/www/html/whitenoise/apiv1-wn/vendor/laravel/lumen-framework/src/Concerns/RoutesRequests.php(342): Laravel\Lumen\Application->callControllerCallable()
#18 /var/www/html/whitenoise/apiv1-wn/vendor/laravel/lumen-framework/src/Concerns/RoutesRequests.php(316): Laravel\Lumen\Application->callLumenController()
#19 /var/www/html/whitenoise/apiv1-wn/vendor/laravel/lumen-framework/src/Concerns/RoutesRequests.php(278): Laravel\Lumen\Application->callControllerAction()
#20 /var/www/html/whitenoise/apiv1-wn/vendor/laravel/lumen-framework/src/Concerns/RoutesRequests.php(263): Laravel\Lumen\Application->callActionOnArrayBasedRoute()
#21 /var/www/html/whitenoise/apiv1-wn/vendor/laravel/lumen-framework/src/Concerns/RoutesRequests.php(165): Laravel\Lumen\Application->handleFoundRoute()
#22 /var/www/html/whitenoise/apiv1-wn/vendor/laravel/lumen-framework/src/Concerns/RoutesRequests.php(416): Laravel\Lumen\Application->Laravel\Lumen\Concerns\{closure}()
#23 /var/www/html/whitenoise/apiv1-wn/vendor/laravel/lumen-framework/src/Concerns/RoutesRequests.php(171): Laravel\Lumen\Application->sendThroughPipeline()
#24 /var/www/html/whitenoise/apiv1-wn/vendor/laravel/lumen-framework/src/Concerns/RoutesRequests.php(108): Laravel\Lumen\Application->dispatch()
#25 /var/www/html/whitenoise/apiv1-wn/public/index.php(28): Laravel\Lumen\Application->run()
#26 /var/www/html/whitenoise/apiv1-wn/index.php(22): require_once('/var/www/html/w...')
#27 {main}

Next Illuminate\Database\QueryException: SQLSTATE[42S22]: Column not found: 1054 Unknown column 'CategoryVoucher' in 'where clause' (SQL: select * from `VoucherMaster` where `CategoryVoucher` = 2) in /var/www/html/whitenoise/apiv1-wn/vendor/illuminate/database/Connection.php:664
Stack trace:
#0 /var/www/html/whitenoise/apiv1-wn/vendor/illuminate/database/Connection.php(624): Illuminate\Database\Connection->runQueryCallback()
#1 /var/www/html/whitenoise/apiv1-wn/vendor/illuminate/database/Connection.php(333): Illuminate\Database\Connection->run()
#2 /var/www/html/whitenoise/apiv1-wn/vendor/illuminate/database/Query/Builder.php(2130): Illuminate\Database\Connection->select()
#3 /var/www/html/whitenoise/apiv1-wn/vendor/illuminate/database/Query/Builder.php(2118): Illuminate\Database\Query\Builder->runSelect()
#4 /var/www/html/whitenoise/apiv1-wn/vendor/illuminate/database/Query/Builder.php(2604): Illuminate\Database\Query\Builder->Illuminate\Database\Query\{closure}()
#5 /var/www/html/whitenoise/apiv1-wn/vendor/illuminate/database/Query/Builder.php(2119): Illuminate\Database\Query\Builder->onceWithColumns()
#6 /var/www/html/whitenoise/apiv1-wn/vendor/illuminate/database/Eloquent/Builder.php(521): Illuminate\Database\Query\Builder->get()
#7 /var/www/html/whitenoise/apiv1-wn/vendor/illuminate/database/Eloquent/Builder.php(505): Illuminate\Database\Eloquent\Builder->getModels()
#8 /var/www/html/whitenoise/apiv1-wn/app/Http/Controllers/RegistrationController.php(269): Illuminate\Database\Eloquent\Builder->get()
#9 [internal function]: App\Http\Controllers\RegistrationController->create()
#10 /var/www/html/whitenoise/apiv1-wn/vendor/illuminate/container/BoundMethod.php(32): call_user_func_array()
#11 /var/www/html/whitenoise/apiv1-wn/vendor/illuminate/container/BoundMethod.php(90): Illuminate\Container\BoundMethod::Illuminate\Container\{closure}()
#12 /var/www/html/whitenoise/apiv1-wn/vendor/illuminate/container/BoundMethod.php(34): Illuminate\Container\BoundMethod::callBoundMethod()
#13 /var/www/html/whitenoise/apiv1-wn/vendor/illuminate/container/Container.php(576): Illuminate\Container\BoundMethod::call()
#14 /var/www/html/whitenoise/apiv1-wn/vendor/laravel/lumen-framework/src/Concerns/RoutesRequests.php(376): Illuminate\Container\Container->call()
#15 /var/www/html/whitenoise/apiv1-wn/vendor/laravel/lumen-framework/src/Concerns/RoutesRequests.php(342): Laravel\Lumen\Application->callControllerCallable()
#16 /var/www/html/whitenoise/apiv1-wn/vendor/laravel/lumen-framework/src/Concerns/RoutesRequests.php(316): Laravel\Lumen\Application->callLumenController()
#17 /var/www/html/whitenoise/apiv1-wn/vendor/laravel/lumen-framework/src/Concerns/RoutesRequests.php(278): Laravel\Lumen\Application->callControllerAction()
#18 /var/www/html/whitenoise/apiv1-wn/vendor/laravel/lumen-framework/src/Concerns/RoutesRequests.php(263): Laravel\Lumen\Application->callActionOnArrayBasedRoute()
#19 /var/www/html/whitenoise/apiv1-wn/vendor/laravel/lumen-framework/src/Concerns/RoutesRequests.php(165): Laravel\Lumen\Application->handleFoundRoute()
#20 /var/www/html/whitenoise/apiv1-wn/vendor/laravel/lumen-framework/src/Concerns/RoutesRequests.php(416): Laravel\Lumen\Application->Laravel\Lumen\Concerns\{closure}()
#21 /var/www/html/whitenoise/apiv1-wn/vendor/laravel/lumen-framework/src/Concerns/RoutesRequests.php(171): Laravel\Lumen\Application->sendThroughPipeline()
#22 /var/www/html/whitenoise/apiv1-wn/vendor/laravel/lumen-framework/src/Concerns/RoutesRequests.php(108): Laravel\Lumen\Application->dispatch()
#23 /var/www/html/whitenoise/apiv1-wn/public/index.php(28): Laravel\Lumen\Application->run()
#24 /var/www/html/whitenoise/apiv1-wn/index.php(22): require_once('/var/www/html/w...')
#25 {main} {"exception":"[object] (Illuminate\\Database\\QueryException(code: 42S22): SQLSTATE[42S22]: Column not found: 1054 Unknown column 'CategoryVoucher' in 'where clause' (SQL: select * from `VoucherMaster` where `CategoryVoucher` = 2) at /var/www/html/whitenoise/apiv1-wn/vendor/illuminate/database/Connection.php:664, PDOException(code: 42S22): SQLSTATE[42S22]: Column not found: 1054 Unknown column 'CategoryVoucher' in 'where clause' at /var/www/html/whitenoise/apiv1-wn/vendor/illuminate/database/Connection.php:326)
[stacktrace]
#0 /var/www/html/whitenoise/apiv1-wn/vendor/illuminate/database/Connection.php(624): Illuminate\\Database\\Connection->runQueryCallback()
#1 /var/www/html/whitenoise/apiv1-wn/vendor/illuminate/database/Connection.php(333): Illuminate\\Database\\Connection->run()
#2 /var/www/html/whitenoise/apiv1-wn/vendor/illuminate/database/Query/Builder.php(2130): Illuminate\\Database\\Connection->select()
#3 /var/www/html/whitenoise/apiv1-wn/vendor/illuminate/database/Query/Builder.php(2118): Illuminate\\Database\\Query\\Builder->runSelect()
#4 /var/www/html/whitenoise/apiv1-wn/vendor/illuminate/database/Query/Builder.php(2604): Illuminate\\Database\\Query\\Builder->Illuminate\\Database\\Query\\{closure}()
#5 /var/www/html/whitenoise/apiv1-wn/vendor/illuminate/database/Query/Builder.php(2119): Illuminate\\Database\\Query\\Builder->onceWithColumns()
#6 /var/www/html/whitenoise/apiv1-wn/vendor/illuminate/database/Eloquent/Builder.php(521): Illuminate\\Database\\Query\\Builder->get()
#7 /var/www/html/whitenoise/apiv1-wn/vendor/illuminate/database/Eloquent/Builder.php(505): Illuminate\\Database\\Eloquent\\Builder->getModels()
#8 /var/www/html/whitenoise/apiv1-wn/app/Http/Controllers/RegistrationController.php(269): Illuminate\\Database\\Eloquent\\Builder->get()
#9 [internal function]: App\\Http\\Controllers\\RegistrationController->create()
#10 /var/www/html/whitenoise/apiv1-wn/vendor/illuminate/container/BoundMethod.php(32): call_user_func_array()
#11 /var/www/html/whitenoise/apiv1-wn/vendor/illuminate/container/BoundMethod.php(90): Illuminate\\Container\\BoundMethod::Illuminate\\Container\\{closure}()
#12 /var/www/html/whitenoise/apiv1-wn/vendor/illuminate/container/BoundMethod.php(34): Illuminate\\Container\\BoundMethod::callBoundMethod()
#13 /var/www/html/whitenoise/apiv1-wn/vendor/illuminate/container/Container.php(576): Illuminate\\Container\\BoundMethod::call()
#14 /var/www/html/whitenoise/apiv1-wn/vendor/laravel/lumen-framework/src/Concerns/RoutesRequests.php(376): Illuminate\\Container\\Container->call()
#15 /var/www/html/whitenoise/apiv1-wn/vendor/laravel/lumen-framework/src/Concerns/RoutesRequests.php(342): Laravel\\Lumen\\Application->callControllerCallable()
#16 /var/www/html/whitenoise/apiv1-wn/vendor/laravel/lumen-framework/src/Concerns/RoutesRequests.php(316): Laravel\\Lumen\\Application->callLumenController()
#17 /var/www/html/whitenoise/apiv1-wn/vendor/laravel/lumen-framework/src/Concerns/RoutesRequests.php(278): Laravel\\Lumen\\Application->callControllerAction()
#18 /var/www/html/whitenoise/apiv1-wn/vendor/laravel/lumen-framework/src/Concerns/RoutesRequests.php(263): Laravel\\Lumen\\Application->callActionOnArrayBasedRoute()
#19 /var/www/html/whitenoise/apiv1-wn/vendor/laravel/lumen-framework/src/Concerns/RoutesRequests.php(165): Laravel\\Lumen\\Application->handleFoundRoute()
#20 /var/www/html/whitenoise/apiv1-wn/vendor/laravel/lumen-framework/src/Concerns/RoutesRequests.php(416): Laravel\\Lumen\\Application->Laravel\\Lumen\\Concerns\\{closure}()
#21 /var/www/html/whitenoise/apiv1-wn/vendor/laravel/lumen-framework/src/Concerns/RoutesRequests.php(171): Laravel\\Lumen\\Application->sendThroughPipeline()
#22 /var/www/html/whitenoise/apiv1-wn/vendor/laravel/lumen-framework/src/Concerns/RoutesRequests.php(108): Laravel\\Lumen\\Application->dispatch()
#23 /var/www/html/whitenoise/apiv1-wn/public/index.php(28): Laravel\\Lumen\\Application->run()
#24 /var/www/html/whitenoise/apiv1-wn/index.php(22): require_once('/var/www/html/w...')
#25 {main}
"} 
[2024-07-01 22:53:10] staging.ERROR: Illuminate\Database\Eloquent\MassAssignmentException: Add [CustomerID] to fillable property to allow mass assignment on [App\Models\VoucherCustomerModel]. in /var/www/html/whitenoise/apiv1-wn/vendor/illuminate/database/Eloquent/Model.php:331
Stack trace:
#0 /var/www/html/whitenoise/apiv1-wn/vendor/illuminate/database/Eloquent/Model.php(171): Illuminate\Database\Eloquent\Model->fill()
#1 /var/www/html/whitenoise/apiv1-wn/vendor/illuminate/database/Eloquent/Model.php(392): Illuminate\Database\Eloquent\Model->__construct()
#2 /var/www/html/whitenoise/apiv1-wn/vendor/illuminate/database/Eloquent/Builder.php(1119): Illuminate\Database\Eloquent\Model->newInstance()
#3 /var/www/html/whitenoise/apiv1-wn/vendor/illuminate/database/Eloquent/Builder.php(794): Illuminate\Database\Eloquent\Builder->newModelInstance()
#4 /var/www/html/whitenoise/apiv1-wn/vendor/illuminate/support/Traits/ForwardsCalls.php(23): Illuminate\Database\Eloquent\Builder->create()
#5 /var/www/html/whitenoise/apiv1-wn/vendor/illuminate/database/Eloquent/Model.php(1618): Illuminate\Database\Eloquent\Model->forwardCallTo()
#6 /var/www/html/whitenoise/apiv1-wn/vendor/illuminate/database/Eloquent/Model.php(1630): Illuminate\Database\Eloquent\Model->__call()
#7 /var/www/html/whitenoise/apiv1-wn/app/Http/Controllers/RegistrationController.php(278): Illuminate\Database\Eloquent\Model::__callStatic()
#8 [internal function]: App\Http\Controllers\RegistrationController->create()
#9 /var/www/html/whitenoise/apiv1-wn/vendor/illuminate/container/BoundMethod.php(32): call_user_func_array()
#10 /var/www/html/whitenoise/apiv1-wn/vendor/illuminate/container/BoundMethod.php(90): Illuminate\Container\BoundMethod::Illuminate\Container\{closure}()
#11 /var/www/html/whitenoise/apiv1-wn/vendor/illuminate/container/BoundMethod.php(34): Illuminate\Container\BoundMethod::callBoundMethod()
#12 /var/www/html/whitenoise/apiv1-wn/vendor/illuminate/container/Container.php(576): Illuminate\Container\BoundMethod::call()
#13 /var/www/html/whitenoise/apiv1-wn/vendor/laravel/lumen-framework/src/Concerns/RoutesRequests.php(376): Illuminate\Container\Container->call()
#14 /var/www/html/whitenoise/apiv1-wn/vendor/laravel/lumen-framework/src/Concerns/RoutesRequests.php(342): Laravel\Lumen\Application->callControllerCallable()
#15 /var/www/html/whitenoise/apiv1-wn/vendor/laravel/lumen-framework/src/Concerns/RoutesRequests.php(316): Laravel\Lumen\Application->callLumenController()
#16 /var/www/html/whitenoise/apiv1-wn/vendor/laravel/lumen-framework/src/Concerns/RoutesRequests.php(278): Laravel\Lumen\Application->callControllerAction()
#17 /var/www/html/whitenoise/apiv1-wn/vendor/laravel/lumen-framework/src/Concerns/RoutesRequests.php(263): Laravel\Lumen\Application->callActionOnArrayBasedRoute()
#18 /var/www/html/whitenoise/apiv1-wn/vendor/laravel/lumen-framework/src/Concerns/RoutesRequests.php(165): Laravel\Lumen\Application->handleFoundRoute()
#19 /var/www/html/whitenoise/apiv1-wn/vendor/laravel/lumen-framework/src/Concerns/RoutesRequests.php(416): Laravel\Lumen\Application->Laravel\Lumen\Concerns\{closure}()
#20 /var/www/html/whitenoise/apiv1-wn/vendor/laravel/lumen-framework/src/Concerns/RoutesRequests.php(171): Laravel\Lumen\Application->sendThroughPipeline()
#21 /var/www/html/whitenoise/apiv1-wn/vendor/laravel/lumen-framework/src/Concerns/RoutesRequests.php(108): Laravel\Lumen\Application->dispatch()
#22 /var/www/html/whitenoise/apiv1-wn/public/index.php(28): Laravel\Lumen\Application->run()
#23 /var/www/html/whitenoise/apiv1-wn/index.php(22): require_once('/var/www/html/w...')
#24 {main} {"exception":"[object] (Illuminate\\Database\\Eloquent\\MassAssignmentException(code: 0): Add [CustomerID] to fillable property to allow mass assignment on [App\\Models\\VoucherCustomerModel]. at /var/www/html/whitenoise/apiv1-wn/vendor/illuminate/database/Eloquent/Model.php:331)
[stacktrace]
#0 /var/www/html/whitenoise/apiv1-wn/vendor/illuminate/database/Eloquent/Model.php(171): Illuminate\\Database\\Eloquent\\Model->fill()
#1 /var/www/html/whitenoise/apiv1-wn/vendor/illuminate/database/Eloquent/Model.php(392): Illuminate\\Database\\Eloquent\\Model->__construct()
#2 /var/www/html/whitenoise/apiv1-wn/vendor/illuminate/database/Eloquent/Builder.php(1119): Illuminate\\Database\\Eloquent\\Model->newInstance()
#3 /var/www/html/whitenoise/apiv1-wn/vendor/illuminate/database/Eloquent/Builder.php(794): Illuminate\\Database\\Eloquent\\Builder->newModelInstance()
#4 /var/www/html/whitenoise/apiv1-wn/vendor/illuminate/support/Traits/ForwardsCalls.php(23): Illuminate\\Database\\Eloquent\\Builder->create()
#5 /var/www/html/whitenoise/apiv1-wn/vendor/illuminate/database/Eloquent/Model.php(1618): Illuminate\\Database\\Eloquent\\Model->forwardCallTo()
#6 /var/www/html/whitenoise/apiv1-wn/vendor/illuminate/database/Eloquent/Model.php(1630): Illuminate\\Database\\Eloquent\\Model->__call()
#7 /var/www/html/whitenoise/apiv1-wn/app/Http/Controllers/RegistrationController.php(278): Illuminate\\Database\\Eloquent\\Model::__callStatic()
#8 [internal function]: App\\Http\\Controllers\\RegistrationController->create()
#9 /var/www/html/whitenoise/apiv1-wn/vendor/illuminate/container/BoundMethod.php(32): call_user_func_array()
#10 /var/www/html/whitenoise/apiv1-wn/vendor/illuminate/container/BoundMethod.php(90): Illuminate\\Container\\BoundMethod::Illuminate\\Container\\{closure}()
#11 /var/www/html/whitenoise/apiv1-wn/vendor/illuminate/container/BoundMethod.php(34): Illuminate\\Container\\BoundMethod::callBoundMethod()
#12 /var/www/html/whitenoise/apiv1-wn/vendor/illuminate/container/Container.php(576): Illuminate\\Container\\BoundMethod::call()
#13 /var/www/html/whitenoise/apiv1-wn/vendor/laravel/lumen-framework/src/Concerns/RoutesRequests.php(376): Illuminate\\Container\\Container->call()
#14 /var/www/html/whitenoise/apiv1-wn/vendor/laravel/lumen-framework/src/Concerns/RoutesRequests.php(342): Laravel\\Lumen\\Application->callControllerCallable()
#15 /var/www/html/whitenoise/apiv1-wn/vendor/laravel/lumen-framework/src/Concerns/RoutesRequests.php(316): Laravel\\Lumen\\Application->callLumenController()
#16 /var/www/html/whitenoise/apiv1-wn/vendor/laravel/lumen-framework/src/Concerns/RoutesRequests.php(278): Laravel\\Lumen\\Application->callControllerAction()
#17 /var/www/html/whitenoise/apiv1-wn/vendor/laravel/lumen-framework/src/Concerns/RoutesRequests.php(263): Laravel\\Lumen\\Application->callActionOnArrayBasedRoute()
#18 /var/www/html/whitenoise/apiv1-wn/vendor/laravel/lumen-framework/src/Concerns/RoutesRequests.php(165): Laravel\\Lumen\\Application->handleFoundRoute()
#19 /var/www/html/whitenoise/apiv1-wn/vendor/laravel/lumen-framework/src/Concerns/RoutesRequests.php(416): Laravel\\Lumen\\Application->Laravel\\Lumen\\Concerns\\{closure}()
#20 /var/www/html/whitenoise/apiv1-wn/vendor/laravel/lumen-framework/src/Concerns/RoutesRequests.php(171): Laravel\\Lumen\\Application->sendThroughPipeline()
#21 /var/www/html/whitenoise/apiv1-wn/vendor/laravel/lumen-framework/src/Concerns/RoutesRequests.php(108): Laravel\\Lumen\\Application->dispatch()
#22 /var/www/html/whitenoise/apiv1-wn/public/index.php(28): Laravel\\Lumen\\Application->run()
#23 /var/www/html/whitenoise/apiv1-wn/index.php(22): require_once('/var/www/html/w...')
#24 {main}
"} 
[2024-07-01 22:57:30] staging.ERROR: PDOException: SQLSTATE[42S22]: Column not found: 1054 Unknown column 'ProductImg' in 'field list' in /var/www/html/whitenoise/apiv1-wn/vendor/illuminate/database/Connection.php:326
Stack trace:
#0 /var/www/html/whitenoise/apiv1-wn/vendor/illuminate/database/Connection.php(326): PDO->prepare()
#1 /var/www/html/whitenoise/apiv1-wn/vendor/illuminate/database/Connection.php(657): Illuminate\Database\Connection->Illuminate\Database\{closure}()
#2 /var/www/html/whitenoise/apiv1-wn/vendor/illuminate/database/Connection.php(624): Illuminate\Database\Connection->runQueryCallback()
#3 /var/www/html/whitenoise/apiv1-wn/vendor/illuminate/database/Connection.php(333): Illuminate\Database\Connection->run()
#4 /var/www/html/whitenoise/apiv1-wn/vendor/illuminate/database/Query/Builder.php(2130): Illuminate\Database\Connection->select()
#5 /var/www/html/whitenoise/apiv1-wn/vendor/illuminate/database/Query/Builder.php(2118): Illuminate\Database\Query\Builder->runSelect()
#6 /var/www/html/whitenoise/apiv1-wn/vendor/illuminate/database/Query/Builder.php(2604): Illuminate\Database\Query\Builder->Illuminate\Database\Query\{closure}()
#7 /var/www/html/whitenoise/apiv1-wn/vendor/illuminate/database/Query/Builder.php(2119): Illuminate\Database\Query\Builder->onceWithColumns()
#8 /var/www/html/whitenoise/apiv1-wn/vendor/illuminate/database/Eloquent/Builder.php(521): Illuminate\Database\Query\Builder->get()
#9 /var/www/html/whitenoise/apiv1-wn/vendor/illuminate/database/Eloquent/Builder.php(505): Illuminate\Database\Eloquent\Builder->getModels()
#10 /var/www/html/whitenoise/apiv1-wn/app/Http/Controllers/CartController.php(46): Illuminate\Database\Eloquent\Builder->get()
#11 [internal function]: App\Http\Controllers\CartController->get_cart()
#12 /var/www/html/whitenoise/apiv1-wn/vendor/illuminate/container/BoundMethod.php(32): call_user_func_array()
#13 /var/www/html/whitenoise/apiv1-wn/vendor/illuminate/container/BoundMethod.php(90): Illuminate\Container\BoundMethod::Illuminate\Container\{closure}()
#14 /var/www/html/whitenoise/apiv1-wn/vendor/illuminate/container/BoundMethod.php(34): Illuminate\Container\BoundMethod::callBoundMethod()
#15 /var/www/html/whitenoise/apiv1-wn/vendor/illuminate/container/Container.php(576): Illuminate\Container\BoundMethod::call()
#16 /var/www/html/whitenoise/apiv1-wn/vendor/laravel/lumen-framework/src/Concerns/RoutesRequests.php(376): Illuminate\Container\Container->call()
#17 /var/www/html/whitenoise/apiv1-wn/vendor/laravel/lumen-framework/src/Concerns/RoutesRequests.php(342): Laravel\Lumen\Application->callControllerCallable()
#18 /var/www/html/whitenoise/apiv1-wn/vendor/laravel/lumen-framework/src/Concerns/RoutesRequests.php(316): Laravel\Lumen\Application->callLumenController()
#19 /var/www/html/whitenoise/apiv1-wn/vendor/laravel/lumen-framework/src/Concerns/RoutesRequests.php(278): Laravel\Lumen\Application->callControllerAction()
#20 /var/www/html/whitenoise/apiv1-wn/vendor/laravel/lumen-framework/src/Concerns/RoutesRequests.php(258): Laravel\Lumen\Application->callActionOnArrayBasedRoute()
#21 [internal function]: Laravel\Lumen\Application->Laravel\Lumen\Concerns\{closure}()
#22 /var/www/html/whitenoise/apiv1-wn/vendor/laravel/lumen-framework/src/Routing/Pipeline.php(52): call_user_func()
#23 /var/www/html/whitenoise/apiv1-wn/app/Http/Middleware/Authenticate.php(65): Laravel\Lumen\Routing\Pipeline->Laravel\Lumen\Routing\{closure}()
#24 /var/www/html/whitenoise/apiv1-wn/vendor/illuminate/pipeline/Pipeline.php(163): App\Http\Middleware\Authenticate->handle()
#25 [internal function]: Illuminate\Pipeline\Pipeline->Illuminate\Pipeline\{closure}()
#26 /var/www/html/whitenoise/apiv1-wn/vendor/laravel/lumen-framework/src/Routing/Pipeline.php(32): call_user_func()
#27 /var/www/html/whitenoise/apiv1-wn/vendor/illuminate/pipeline/Pipeline.php(104): Laravel\Lumen\Routing\Pipeline->Laravel\Lumen\Routing\{closure}()
#28 /var/www/html/whitenoise/apiv1-wn/vendor/laravel/lumen-framework/src/Concerns/RoutesRequests.php(413): Illuminate\Pipeline\Pipeline->then()
#29 /var/www/html/whitenoise/apiv1-wn/vendor/laravel/lumen-framework/src/Concerns/RoutesRequests.php(259): Laravel\Lumen\Application->sendThroughPipeline()
#30 /var/www/html/whitenoise/apiv1-wn/vendor/laravel/lumen-framework/src/Concerns/RoutesRequests.php(233): Laravel\Lumen\Application->handleFoundRoute()
#31 /var/www/html/whitenoise/apiv1-wn/vendor/laravel/lumen-framework/src/Concerns/RoutesRequests.php(169): Laravel\Lumen\Application->handleDispatcherResponse()
#32 /var/www/html/whitenoise/apiv1-wn/vendor/laravel/lumen-framework/src/Concerns/RoutesRequests.php(416): Laravel\Lumen\Application->Laravel\Lumen\Concerns\{closure}()
#33 /var/www/html/whitenoise/apiv1-wn/vendor/laravel/lumen-framework/src/Concerns/RoutesRequests.php(171): Laravel\Lumen\Application->sendThroughPipeline()
#34 /var/www/html/whitenoise/apiv1-wn/vendor/laravel/lumen-framework/src/Concerns/RoutesRequests.php(108): Laravel\Lumen\Application->dispatch()
#35 /var/www/html/whitenoise/apiv1-wn/public/index.php(28): Laravel\Lumen\Application->run()
#36 /var/www/html/whitenoise/apiv1-wn/index.php(22): require_once('/var/www/html/w...')
#37 {main}

Next Illuminate\Database\QueryException: SQLSTATE[42S22]: Column not found: 1054 Unknown column 'ProductImg' in 'field list' (SQL: select `CartID`, `Cart`.`CustomerID`, `Cart`.`ProductID`, `Qty`, `CategoryID`, `SubCategoryID`, `ProductCode`, `ProductName`, `ProductImg`, `ProductDesc`, `Price`, `Discount`, `Email`, `CustomerName` from `Cart` left join `Product` on `Cart`.`ProductID` = `Product`.`ProductID` left join `Customer` on `Cart`.`CustomerID` = `Customer`.`CustomerID` where `Product`.`ProductID` is not null and `Cart`.`CustomerID` = 1) in /var/www/html/whitenoise/apiv1-wn/vendor/illuminate/database/Connection.php:664
Stack trace:
#0 /var/www/html/whitenoise/apiv1-wn/vendor/illuminate/database/Connection.php(624): Illuminate\Database\Connection->runQueryCallback()
#1 /var/www/html/whitenoise/apiv1-wn/vendor/illuminate/database/Connection.php(333): Illuminate\Database\Connection->run()
#2 /var/www/html/whitenoise/apiv1-wn/vendor/illuminate/database/Query/Builder.php(2130): Illuminate\Database\Connection->select()
#3 /var/www/html/whitenoise/apiv1-wn/vendor/illuminate/database/Query/Builder.php(2118): Illuminate\Database\Query\Builder->runSelect()
#4 /var/www/html/whitenoise/apiv1-wn/vendor/illuminate/database/Query/Builder.php(2604): Illuminate\Database\Query\Builder->Illuminate\Database\Query\{closure}()
#5 /var/www/html/whitenoise/apiv1-wn/vendor/illuminate/database/Query/Builder.php(2119): Illuminate\Database\Query\Builder->onceWithColumns()
#6 /var/www/html/whitenoise/apiv1-wn/vendor/illuminate/database/Eloquent/Builder.php(521): Illuminate\Database\Query\Builder->get()
#7 /var/www/html/whitenoise/apiv1-wn/vendor/illuminate/database/Eloquent/Builder.php(505): Illuminate\Database\Eloquent\Builder->getModels()
#8 /var/www/html/whitenoise/apiv1-wn/app/Http/Controllers/CartController.php(46): Illuminate\Database\Eloquent\Builder->get()
#9 [internal function]: App\Http\Controllers\CartController->get_cart()
#10 /var/www/html/whitenoise/apiv1-wn/vendor/illuminate/container/BoundMethod.php(32): call_user_func_array()
#11 /var/www/html/whitenoise/apiv1-wn/vendor/illuminate/container/BoundMethod.php(90): Illuminate\Container\BoundMethod::Illuminate\Container\{closure}()
#12 /var/www/html/whitenoise/apiv1-wn/vendor/illuminate/container/BoundMethod.php(34): Illuminate\Container\BoundMethod::callBoundMethod()
#13 /var/www/html/whitenoise/apiv1-wn/vendor/illuminate/container/Container.php(576): Illuminate\Container\BoundMethod::call()
#14 /var/www/html/whitenoise/apiv1-wn/vendor/laravel/lumen-framework/src/Concerns/RoutesRequests.php(376): Illuminate\Container\Container->call()
#15 /var/www/html/whitenoise/apiv1-wn/vendor/laravel/lumen-framework/src/Concerns/RoutesRequests.php(342): Laravel\Lumen\Application->callControllerCallable()
#16 /var/www/html/whitenoise/apiv1-wn/vendor/laravel/lumen-framework/src/Concerns/RoutesRequests.php(316): Laravel\Lumen\Application->callLumenController()
#17 /var/www/html/whitenoise/apiv1-wn/vendor/laravel/lumen-framework/src/Concerns/RoutesRequests.php(278): Laravel\Lumen\Application->callControllerAction()
#18 /var/www/html/whitenoise/apiv1-wn/vendor/laravel/lumen-framework/src/Concerns/RoutesRequests.php(258): Laravel\Lumen\Application->callActionOnArrayBasedRoute()
#19 [internal function]: Laravel\Lumen\Application->Laravel\Lumen\Concerns\{closure}()
#20 /var/www/html/whitenoise/apiv1-wn/vendor/laravel/lumen-framework/src/Routing/Pipeline.php(52): call_user_func()
#21 /var/www/html/whitenoise/apiv1-wn/app/Http/Middleware/Authenticate.php(65): Laravel\Lumen\Routing\Pipeline->Laravel\Lumen\Routing\{closure}()
#22 /var/www/html/whitenoise/apiv1-wn/vendor/illuminate/pipeline/Pipeline.php(163): App\Http\Middleware\Authenticate->handle()
#23 [internal function]: Illuminate\Pipeline\Pipeline->Illuminate\Pipeline\{closure}()
#24 /var/www/html/whitenoise/apiv1-wn/vendor/laravel/lumen-framework/src/Routing/Pipeline.php(32): call_user_func()
#25 /var/www/html/whitenoise/apiv1-wn/vendor/illuminate/pipeline/Pipeline.php(104): Laravel\Lumen\Routing\Pipeline->Laravel\Lumen\Routing\{closure}()
#26 /var/www/html/whitenoise/apiv1-wn/vendor/laravel/lumen-framework/src/Concerns/RoutesRequests.php(413): Illuminate\Pipeline\Pipeline->then()
#27 /var/www/html/whitenoise/apiv1-wn/vendor/laravel/lumen-framework/src/Concerns/RoutesRequests.php(259): Laravel\Lumen\Application->sendThroughPipeline()
#28 /var/www/html/whitenoise/apiv1-wn/vendor/laravel/lumen-framework/src/Concerns/RoutesRequests.php(233): Laravel\Lumen\Application->handleFoundRoute()
#29 /var/www/html/whitenoise/apiv1-wn/vendor/laravel/lumen-framework/src/Concerns/RoutesRequests.php(169): Laravel\Lumen\Application->handleDispatcherResponse()
#30 /var/www/html/whitenoise/apiv1-wn/vendor/laravel/lumen-framework/src/Concerns/RoutesRequests.php(416): Laravel\Lumen\Application->Laravel\Lumen\Concerns\{closure}()
#31 /var/www/html/whitenoise/apiv1-wn/vendor/laravel/lumen-framework/src/Concerns/RoutesRequests.php(171): Laravel\Lumen\Application->sendThroughPipeline()
#32 /var/www/html/whitenoise/apiv1-wn/vendor/laravel/lumen-framework/src/Concerns/RoutesRequests.php(108): Laravel\Lumen\Application->dispatch()
#33 /var/www/html/whitenoise/apiv1-wn/public/index.php(28): Laravel\Lumen\Application->run()
#34 /var/www/html/whitenoise/apiv1-wn/index.php(22): require_once('/var/www/html/w...')
#35 {main} {"exception":"[object] (Illuminate\\Database\\QueryException(code: 42S22): SQLSTATE[42S22]: Column not found: 1054 Unknown column 'ProductImg' in 'field list' (SQL: select `CartID`, `Cart`.`CustomerID`, `Cart`.`ProductID`, `Qty`, `CategoryID`, `SubCategoryID`, `ProductCode`, `ProductName`, `ProductImg`, `ProductDesc`, `Price`, `Discount`, `Email`, `CustomerName` from `Cart` left join `Product` on `Cart`.`ProductID` = `Product`.`ProductID` left join `Customer` on `Cart`.`CustomerID` = `Customer`.`CustomerID` where `Product`.`ProductID` is not null and `Cart`.`CustomerID` = 1) at /var/www/html/whitenoise/apiv1-wn/vendor/illuminate/database/Connection.php:664, PDOException(code: 42S22): SQLSTATE[42S22]: Column not found: 1054 Unknown column 'ProductImg' in 'field list' at /var/www/html/whitenoise/apiv1-wn/vendor/illuminate/database/Connection.php:326)
[stacktrace]
#0 /var/www/html/whitenoise/apiv1-wn/vendor/illuminate/database/Connection.php(624): Illuminate\\Database\\Connection->runQueryCallback()
#1 /var/www/html/whitenoise/apiv1-wn/vendor/illuminate/database/Connection.php(333): Illuminate\\Database\\Connection->run()
#2 /var/www/html/whitenoise/apiv1-wn/vendor/illuminate/database/Query/Builder.php(2130): Illuminate\\Database\\Connection->select()
#3 /var/www/html/whitenoise/apiv1-wn/vendor/illuminate/database/Query/Builder.php(2118): Illuminate\\Database\\Query\\Builder->runSelect()
#4 /var/www/html/whitenoise/apiv1-wn/vendor/illuminate/database/Query/Builder.php(2604): Illuminate\\Database\\Query\\Builder->Illuminate\\Database\\Query\\{closure}()
#5 /var/www/html/whitenoise/apiv1-wn/vendor/illuminate/database/Query/Builder.php(2119): Illuminate\\Database\\Query\\Builder->onceWithColumns()
#6 /var/www/html/whitenoise/apiv1-wn/vendor/illuminate/database/Eloquent/Builder.php(521): Illuminate\\Database\\Query\\Builder->get()
#7 /var/www/html/whitenoise/apiv1-wn/vendor/illuminate/database/Eloquent/Builder.php(505): Illuminate\\Database\\Eloquent\\Builder->getModels()
#8 /var/www/html/whitenoise/apiv1-wn/app/Http/Controllers/CartController.php(46): Illuminate\\Database\\Eloquent\\Builder->get()
#9 [internal function]: App\\Http\\Controllers\\CartController->get_cart()
#10 /var/www/html/whitenoise/apiv1-wn/vendor/illuminate/container/BoundMethod.php(32): call_user_func_array()
#11 /var/www/html/whitenoise/apiv1-wn/vendor/illuminate/container/BoundMethod.php(90): Illuminate\\Container\\BoundMethod::Illuminate\\Container\\{closure}()
#12 /var/www/html/whitenoise/apiv1-wn/vendor/illuminate/container/BoundMethod.php(34): Illuminate\\Container\\BoundMethod::callBoundMethod()
#13 /var/www/html/whitenoise/apiv1-wn/vendor/illuminate/container/Container.php(576): Illuminate\\Container\\BoundMethod::call()
#14 /var/www/html/whitenoise/apiv1-wn/vendor/laravel/lumen-framework/src/Concerns/RoutesRequests.php(376): Illuminate\\Container\\Container->call()
#15 /var/www/html/whitenoise/apiv1-wn/vendor/laravel/lumen-framework/src/Concerns/RoutesRequests.php(342): Laravel\\Lumen\\Application->callControllerCallable()
#16 /var/www/html/whitenoise/apiv1-wn/vendor/laravel/lumen-framework/src/Concerns/RoutesRequests.php(316): Laravel\\Lumen\\Application->callLumenController()
#17 /var/www/html/whitenoise/apiv1-wn/vendor/laravel/lumen-framework/src/Concerns/RoutesRequests.php(278): Laravel\\Lumen\\Application->callControllerAction()
#18 /var/www/html/whitenoise/apiv1-wn/vendor/laravel/lumen-framework/src/Concerns/RoutesRequests.php(258): Laravel\\Lumen\\Application->callActionOnArrayBasedRoute()
#19 [internal function]: Laravel\\Lumen\\Application->Laravel\\Lumen\\Concerns\\{closure}()
#20 /var/www/html/whitenoise/apiv1-wn/vendor/laravel/lumen-framework/src/Routing/Pipeline.php(52): call_user_func()
#21 /var/www/html/whitenoise/apiv1-wn/app/Http/Middleware/Authenticate.php(65): Laravel\\Lumen\\Routing\\Pipeline->Laravel\\Lumen\\Routing\\{closure}()
#22 /var/www/html/whitenoise/apiv1-wn/vendor/illuminate/pipeline/Pipeline.php(163): App\\Http\\Middleware\\Authenticate->handle()
#23 [internal function]: Illuminate\\Pipeline\\Pipeline->Illuminate\\Pipeline\\{closure}()
#24 /var/www/html/whitenoise/apiv1-wn/vendor/laravel/lumen-framework/src/Routing/Pipeline.php(32): call_user_func()
#25 /var/www/html/whitenoise/apiv1-wn/vendor/illuminate/pipeline/Pipeline.php(104): Laravel\\Lumen\\Routing\\Pipeline->Laravel\\Lumen\\Routing\\{closure}()
#26 /var/www/html/whitenoise/apiv1-wn/vendor/laravel/lumen-framework/src/Concerns/RoutesRequests.php(413): Illuminate\\Pipeline\\Pipeline->then()
#27 /var/www/html/whitenoise/apiv1-wn/vendor/laravel/lumen-framework/src/Concerns/RoutesRequests.php(259): Laravel\\Lumen\\Application->sendThroughPipeline()
#28 /var/www/html/whitenoise/apiv1-wn/vendor/laravel/lumen-framework/src/Concerns/RoutesRequests.php(233): Laravel\\Lumen\\Application->handleFoundRoute()
#29 /var/www/html/whitenoise/apiv1-wn/vendor/laravel/lumen-framework/src/Concerns/RoutesRequests.php(169): Laravel\\Lumen\\Application->handleDispatcherResponse()
#30 /var/www/html/whitenoise/apiv1-wn/vendor/laravel/lumen-framework/src/Concerns/RoutesRequests.php(416): Laravel\\Lumen\\Application->Laravel\\Lumen\\Concerns\\{closure}()
#31 /var/www/html/whitenoise/apiv1-wn/vendor/laravel/lumen-framework/src/Concerns/RoutesRequests.php(171): Laravel\\Lumen\\Application->sendThroughPipeline()
#32 /var/www/html/whitenoise/apiv1-wn/vendor/laravel/lumen-framework/src/Concerns/RoutesRequests.php(108): Laravel\\Lumen\\Application->dispatch()
#33 /var/www/html/whitenoise/apiv1-wn/public/index.php(28): Laravel\\Lumen\\Application->run()
#34 /var/www/html/whitenoise/apiv1-wn/index.php(22): require_once('/var/www/html/w...')
#35 {main}
"} 
[2024-07-01 23:06:56] staging.ERROR: PDOException: SQLSTATE[42S02]: Base table or view not found: 1146 Table 'whitenoise.VoucherPivot' doesn't exist in /var/www/html/whitenoise/apiv1-wn/vendor/illuminate/database/Connection.php:326
Stack trace:
#0 /var/www/html/whitenoise/apiv1-wn/vendor/illuminate/database/Connection.php(326): PDO->prepare()
#1 /var/www/html/whitenoise/apiv1-wn/vendor/illuminate/database/Connection.php(657): Illuminate\Database\Connection->Illuminate\Database\{closure}()
#2 /var/www/html/whitenoise/apiv1-wn/vendor/illuminate/database/Connection.php(624): Illuminate\Database\Connection->runQueryCallback()
#3 /var/www/html/whitenoise/apiv1-wn/vendor/illuminate/database/Connection.php(333): Illuminate\Database\Connection->run()
#4 /var/www/html/whitenoise/apiv1-wn/vendor/illuminate/database/Query/Builder.php(2130): Illuminate\Database\Connection->select()
#5 /var/www/html/whitenoise/apiv1-wn/vendor/illuminate/database/Query/Builder.php(2118): Illuminate\Database\Query\Builder->runSelect()
#6 /var/www/html/whitenoise/apiv1-wn/vendor/illuminate/database/Query/Builder.php(2604): Illuminate\Database\Query\Builder->Illuminate\Database\Query\{closure}()
#7 /var/www/html/whitenoise/apiv1-wn/vendor/illuminate/database/Query/Builder.php(2119): Illuminate\Database\Query\Builder->onceWithColumns()
#8 /var/www/html/whitenoise/apiv1-wn/vendor/illuminate/database/Eloquent/Builder.php(521): Illuminate\Database\Query\Builder->get()
#9 /var/www/html/whitenoise/apiv1-wn/vendor/illuminate/database/Eloquent/Builder.php(505): Illuminate\Database\Eloquent\Builder->getModels()
#10 /var/www/html/whitenoise/apiv1-wn/app/Http/Controllers/VoucherController.php(86): Illuminate\Database\Eloquent\Builder->get()
#11 [internal function]: App\Http\Controllers\VoucherController->get_voucher()
#12 /var/www/html/whitenoise/apiv1-wn/vendor/illuminate/container/BoundMethod.php(32): call_user_func_array()
#13 /var/www/html/whitenoise/apiv1-wn/vendor/illuminate/container/BoundMethod.php(90): Illuminate\Container\BoundMethod::Illuminate\Container\{closure}()
#14 /var/www/html/whitenoise/apiv1-wn/vendor/illuminate/container/BoundMethod.php(34): Illuminate\Container\BoundMethod::callBoundMethod()
#15 /var/www/html/whitenoise/apiv1-wn/vendor/illuminate/container/Container.php(576): Illuminate\Container\BoundMethod::call()
#16 /var/www/html/whitenoise/apiv1-wn/vendor/laravel/lumen-framework/src/Concerns/RoutesRequests.php(376): Illuminate\Container\Container->call()
#17 /var/www/html/whitenoise/apiv1-wn/vendor/laravel/lumen-framework/src/Concerns/RoutesRequests.php(342): Laravel\Lumen\Application->callControllerCallable()
#18 /var/www/html/whitenoise/apiv1-wn/vendor/laravel/lumen-framework/src/Concerns/RoutesRequests.php(316): Laravel\Lumen\Application->callLumenController()
#19 /var/www/html/whitenoise/apiv1-wn/vendor/laravel/lumen-framework/src/Concerns/RoutesRequests.php(278): Laravel\Lumen\Application->callControllerAction()
#20 /var/www/html/whitenoise/apiv1-wn/vendor/laravel/lumen-framework/src/Concerns/RoutesRequests.php(258): Laravel\Lumen\Application->callActionOnArrayBasedRoute()
#21 [internal function]: Laravel\Lumen\Application->Laravel\Lumen\Concerns\{closure}()
#22 /var/www/html/whitenoise/apiv1-wn/vendor/laravel/lumen-framework/src/Routing/Pipeline.php(52): call_user_func()
#23 /var/www/html/whitenoise/apiv1-wn/app/Http/Middleware/Authenticate.php(65): Laravel\Lumen\Routing\Pipeline->Laravel\Lumen\Routing\{closure}()
#24 /var/www/html/whitenoise/apiv1-wn/vendor/illuminate/pipeline/Pipeline.php(163): App\Http\Middleware\Authenticate->handle()
#25 [internal function]: Illuminate\Pipeline\Pipeline->Illuminate\Pipeline\{closure}()
#26 /var/www/html/whitenoise/apiv1-wn/vendor/laravel/lumen-framework/src/Routing/Pipeline.php(32): call_user_func()
#27 /var/www/html/whitenoise/apiv1-wn/vendor/illuminate/pipeline/Pipeline.php(104): Laravel\Lumen\Routing\Pipeline->Laravel\Lumen\Routing\{closure}()
#28 /var/www/html/whitenoise/apiv1-wn/vendor/laravel/lumen-framework/src/Concerns/RoutesRequests.php(413): Illuminate\Pipeline\Pipeline->then()
#29 /var/www/html/whitenoise/apiv1-wn/vendor/laravel/lumen-framework/src/Concerns/RoutesRequests.php(259): Laravel\Lumen\Application->sendThroughPipeline()
#30 /var/www/html/whitenoise/apiv1-wn/vendor/laravel/lumen-framework/src/Concerns/RoutesRequests.php(233): Laravel\Lumen\Application->handleFoundRoute()
#31 /var/www/html/whitenoise/apiv1-wn/vendor/laravel/lumen-framework/src/Concerns/RoutesRequests.php(169): Laravel\Lumen\Application->handleDispatcherResponse()
#32 /var/www/html/whitenoise/apiv1-wn/vendor/laravel/lumen-framework/src/Concerns/RoutesRequests.php(416): Laravel\Lumen\Application->Laravel\Lumen\Concerns\{closure}()
#33 /var/www/html/whitenoise/apiv1-wn/vendor/laravel/lumen-framework/src/Concerns/RoutesRequests.php(171): Laravel\Lumen\Application->sendThroughPipeline()
#34 /var/www/html/whitenoise/apiv1-wn/vendor/laravel/lumen-framework/src/Concerns/RoutesRequests.php(108): Laravel\Lumen\Application->dispatch()
#35 /var/www/html/whitenoise/apiv1-wn/public/index.php(28): Laravel\Lumen\Application->run()
#36 /var/www/html/whitenoise/apiv1-wn/index.php(22): require_once('/var/www/html/w...')
#37 {main}

Next Illuminate\Database\QueryException: SQLSTATE[42S02]: Base table or view not found: 1146 Table 'whitenoise.VoucherPivot' doesn't exist (SQL: select * from `VoucherPivot` left join `Voucher` on `VoucherPivot`.`VoucherID` = `Voucher`.`VoucherID` where `VoucherPivot`.`CustomerID` = 1 and `VoucherPivot`.`UsedStatus` = 1 and `Voucher`.`VoucherFrom` <= 2024-07-01 and `Voucher`.`VoucherUntil` >= 2024-07-01 and `VoucherPivot`.`CustomerID` = 1) in /var/www/html/whitenoise/apiv1-wn/vendor/illuminate/database/Connection.php:664
Stack trace:
#0 /var/www/html/whitenoise/apiv1-wn/vendor/illuminate/database/Connection.php(624): Illuminate\Database\Connection->runQueryCallback()
#1 /var/www/html/whitenoise/apiv1-wn/vendor/illuminate/database/Connection.php(333): Illuminate\Database\Connection->run()
#2 /var/www/html/whitenoise/apiv1-wn/vendor/illuminate/database/Query/Builder.php(2130): Illuminate\Database\Connection->select()
#3 /var/www/html/whitenoise/apiv1-wn/vendor/illuminate/database/Query/Builder.php(2118): Illuminate\Database\Query\Builder->runSelect()
#4 /var/www/html/whitenoise/apiv1-wn/vendor/illuminate/database/Query/Builder.php(2604): Illuminate\Database\Query\Builder->Illuminate\Database\Query\{closure}()
#5 /var/www/html/whitenoise/apiv1-wn/vendor/illuminate/database/Query/Builder.php(2119): Illuminate\Database\Query\Builder->onceWithColumns()
#6 /var/www/html/whitenoise/apiv1-wn/vendor/illuminate/database/Eloquent/Builder.php(521): Illuminate\Database\Query\Builder->get()
#7 /var/www/html/whitenoise/apiv1-wn/vendor/illuminate/database/Eloquent/Builder.php(505): Illuminate\Database\Eloquent\Builder->getModels()
#8 /var/www/html/whitenoise/apiv1-wn/app/Http/Controllers/VoucherController.php(86): Illuminate\Database\Eloquent\Builder->get()
#9 [internal function]: App\Http\Controllers\VoucherController->get_voucher()
#10 /var/www/html/whitenoise/apiv1-wn/vendor/illuminate/container/BoundMethod.php(32): call_user_func_array()
#11 /var/www/html/whitenoise/apiv1-wn/vendor/illuminate/container/BoundMethod.php(90): Illuminate\Container\BoundMethod::Illuminate\Container\{closure}()
#12 /var/www/html/whitenoise/apiv1-wn/vendor/illuminate/container/BoundMethod.php(34): Illuminate\Container\BoundMethod::callBoundMethod()
#13 /var/www/html/whitenoise/apiv1-wn/vendor/illuminate/container/Container.php(576): Illuminate\Container\BoundMethod::call()
#14 /var/www/html/whitenoise/apiv1-wn/vendor/laravel/lumen-framework/src/Concerns/RoutesRequests.php(376): Illuminate\Container\Container->call()
#15 /var/www/html/whitenoise/apiv1-wn/vendor/laravel/lumen-framework/src/Concerns/RoutesRequests.php(342): Laravel\Lumen\Application->callControllerCallable()
#16 /var/www/html/whitenoise/apiv1-wn/vendor/laravel/lumen-framework/src/Concerns/RoutesRequests.php(316): Laravel\Lumen\Application->callLumenController()
#17 /var/www/html/whitenoise/apiv1-wn/vendor/laravel/lumen-framework/src/Concerns/RoutesRequests.php(278): Laravel\Lumen\Application->callControllerAction()
#18 /var/www/html/whitenoise/apiv1-wn/vendor/laravel/lumen-framework/src/Concerns/RoutesRequests.php(258): Laravel\Lumen\Application->callActionOnArrayBasedRoute()
#19 [internal function]: Laravel\Lumen\Application->Laravel\Lumen\Concerns\{closure}()
#20 /var/www/html/whitenoise/apiv1-wn/vendor/laravel/lumen-framework/src/Routing/Pipeline.php(52): call_user_func()
#21 /var/www/html/whitenoise/apiv1-wn/app/Http/Middleware/Authenticate.php(65): Laravel\Lumen\Routing\Pipeline->Laravel\Lumen\Routing\{closure}()
#22 /var/www/html/whitenoise/apiv1-wn/vendor/illuminate/pipeline/Pipeline.php(163): App\Http\Middleware\Authenticate->handle()
#23 [internal function]: Illuminate\Pipeline\Pipeline->Illuminate\Pipeline\{closure}()
#24 /var/www/html/whitenoise/apiv1-wn/vendor/laravel/lumen-framework/src/Routing/Pipeline.php(32): call_user_func()
#25 /var/www/html/whitenoise/apiv1-wn/vendor/illuminate/pipeline/Pipeline.php(104): Laravel\Lumen\Routing\Pipeline->Laravel\Lumen\Routing\{closure}()
#26 /var/www/html/whitenoise/apiv1-wn/vendor/laravel/lumen-framework/src/Concerns/RoutesRequests.php(413): Illuminate\Pipeline\Pipeline->then()
#27 /var/www/html/whitenoise/apiv1-wn/vendor/laravel/lumen-framework/src/Concerns/RoutesRequests.php(259): Laravel\Lumen\Application->sendThroughPipeline()
#28 /var/www/html/whitenoise/apiv1-wn/vendor/laravel/lumen-framework/src/Concerns/RoutesRequests.php(233): Laravel\Lumen\Application->handleFoundRoute()
#29 /var/www/html/whitenoise/apiv1-wn/vendor/laravel/lumen-framework/src/Concerns/RoutesRequests.php(169): Laravel\Lumen\Application->handleDispatcherResponse()
#30 /var/www/html/whitenoise/apiv1-wn/vendor/laravel/lumen-framework/src/Concerns/RoutesRequests.php(416): Laravel\Lumen\Application->Laravel\Lumen\Concerns\{closure}()
#31 /var/www/html/whitenoise/apiv1-wn/vendor/laravel/lumen-framework/src/Concerns/RoutesRequests.php(171): Laravel\Lumen\Application->sendThroughPipeline()
#32 /var/www/html/whitenoise/apiv1-wn/vendor/laravel/lumen-framework/src/Concerns/RoutesRequests.php(108): Laravel\Lumen\Application->dispatch()
#33 /var/www/html/whitenoise/apiv1-wn/public/index.php(28): Laravel\Lumen\Application->run()
#34 /var/www/html/whitenoise/apiv1-wn/index.php(22): require_once('/var/www/html/w...')
#35 {main} {"exception":"[object] (Illuminate\\Database\\QueryException(code: 42S02): SQLSTATE[42S02]: Base table or view not found: 1146 Table 'whitenoise.VoucherPivot' doesn't exist (SQL: select * from `VoucherPivot` left join `Voucher` on `VoucherPivot`.`VoucherID` = `Voucher`.`VoucherID` where `VoucherPivot`.`CustomerID` = 1 and `VoucherPivot`.`UsedStatus` = 1 and `Voucher`.`VoucherFrom` <= 2024-07-01 and `Voucher`.`VoucherUntil` >= 2024-07-01 and `VoucherPivot`.`CustomerID` = 1) at /var/www/html/whitenoise/apiv1-wn/vendor/illuminate/database/Connection.php:664, PDOException(code: 42S02): SQLSTATE[42S02]: Base table or view not found: 1146 Table 'whitenoise.VoucherPivot' doesn't exist at /var/www/html/whitenoise/apiv1-wn/vendor/illuminate/database/Connection.php:326)
[stacktrace]
#0 /var/www/html/whitenoise/apiv1-wn/vendor/illuminate/database/Connection.php(624): Illuminate\\Database\\Connection->runQueryCallback()
#1 /var/www/html/whitenoise/apiv1-wn/vendor/illuminate/database/Connection.php(333): Illuminate\\Database\\Connection->run()
#2 /var/www/html/whitenoise/apiv1-wn/vendor/illuminate/database/Query/Builder.php(2130): Illuminate\\Database\\Connection->select()
#3 /var/www/html/whitenoise/apiv1-wn/vendor/illuminate/database/Query/Builder.php(2118): Illuminate\\Database\\Query\\Builder->runSelect()
#4 /var/www/html/whitenoise/apiv1-wn/vendor/illuminate/database/Query/Builder.php(2604): Illuminate\\Database\\Query\\Builder->Illuminate\\Database\\Query\\{closure}()
#5 /var/www/html/whitenoise/apiv1-wn/vendor/illuminate/database/Query/Builder.php(2119): Illuminate\\Database\\Query\\Builder->onceWithColumns()
#6 /var/www/html/whitenoise/apiv1-wn/vendor/illuminate/database/Eloquent/Builder.php(521): Illuminate\\Database\\Query\\Builder->get()
#7 /var/www/html/whitenoise/apiv1-wn/vendor/illuminate/database/Eloquent/Builder.php(505): Illuminate\\Database\\Eloquent\\Builder->getModels()
#8 /var/www/html/whitenoise/apiv1-wn/app/Http/Controllers/VoucherController.php(86): Illuminate\\Database\\Eloquent\\Builder->get()
#9 [internal function]: App\\Http\\Controllers\\VoucherController->get_voucher()
#10 /var/www/html/whitenoise/apiv1-wn/vendor/illuminate/container/BoundMethod.php(32): call_user_func_array()
#11 /var/www/html/whitenoise/apiv1-wn/vendor/illuminate/container/BoundMethod.php(90): Illuminate\\Container\\BoundMethod::Illuminate\\Container\\{closure}()
#12 /var/www/html/whitenoise/apiv1-wn/vendor/illuminate/container/BoundMethod.php(34): Illuminate\\Container\\BoundMethod::callBoundMethod()
#13 /var/www/html/whitenoise/apiv1-wn/vendor/illuminate/container/Container.php(576): Illuminate\\Container\\BoundMethod::call()
#14 /var/www/html/whitenoise/apiv1-wn/vendor/laravel/lumen-framework/src/Concerns/RoutesRequests.php(376): Illuminate\\Container\\Container->call()
#15 /var/www/html/whitenoise/apiv1-wn/vendor/laravel/lumen-framework/src/Concerns/RoutesRequests.php(342): Laravel\\Lumen\\Application->callControllerCallable()
#16 /var/www/html/whitenoise/apiv1-wn/vendor/laravel/lumen-framework/src/Concerns/RoutesRequests.php(316): Laravel\\Lumen\\Application->callLumenController()
#17 /var/www/html/whitenoise/apiv1-wn/vendor/laravel/lumen-framework/src/Concerns/RoutesRequests.php(278): Laravel\\Lumen\\Application->callControllerAction()
#18 /var/www/html/whitenoise/apiv1-wn/vendor/laravel/lumen-framework/src/Concerns/RoutesRequests.php(258): Laravel\\Lumen\\Application->callActionOnArrayBasedRoute()
#19 [internal function]: Laravel\\Lumen\\Application->Laravel\\Lumen\\Concerns\\{closure}()
#20 /var/www/html/whitenoise/apiv1-wn/vendor/laravel/lumen-framework/src/Routing/Pipeline.php(52): call_user_func()
#21 /var/www/html/whitenoise/apiv1-wn/app/Http/Middleware/Authenticate.php(65): Laravel\\Lumen\\Routing\\Pipeline->Laravel\\Lumen\\Routing\\{closure}()
#22 /var/www/html/whitenoise/apiv1-wn/vendor/illuminate/pipeline/Pipeline.php(163): App\\Http\\Middleware\\Authenticate->handle()
#23 [internal function]: Illuminate\\Pipeline\\Pipeline->Illuminate\\Pipeline\\{closure}()
#24 /var/www/html/whitenoise/apiv1-wn/vendor/laravel/lumen-framework/src/Routing/Pipeline.php(32): call_user_func()
#25 /var/www/html/whitenoise/apiv1-wn/vendor/illuminate/pipeline/Pipeline.php(104): Laravel\\Lumen\\Routing\\Pipeline->Laravel\\Lumen\\Routing\\{closure}()
#26 /var/www/html/whitenoise/apiv1-wn/vendor/laravel/lumen-framework/src/Concerns/RoutesRequests.php(413): Illuminate\\Pipeline\\Pipeline->then()
#27 /var/www/html/whitenoise/apiv1-wn/vendor/laravel/lumen-framework/src/Concerns/RoutesRequests.php(259): Laravel\\Lumen\\Application->sendThroughPipeline()
#28 /var/www/html/whitenoise/apiv1-wn/vendor/laravel/lumen-framework/src/Concerns/RoutesRequests.php(233): Laravel\\Lumen\\Application->handleFoundRoute()
#29 /var/www/html/whitenoise/apiv1-wn/vendor/laravel/lumen-framework/src/Concerns/RoutesRequests.php(169): Laravel\\Lumen\\Application->handleDispatcherResponse()
#30 /var/www/html/whitenoise/apiv1-wn/vendor/laravel/lumen-framework/src/Concerns/RoutesRequests.php(416): Laravel\\Lumen\\Application->Laravel\\Lumen\\Concerns\\{closure}()
#31 /var/www/html/whitenoise/apiv1-wn/vendor/laravel/lumen-framework/src/Concerns/RoutesRequests.php(171): Laravel\\Lumen\\Application->sendThroughPipeline()
#32 /var/www/html/whitenoise/apiv1-wn/vendor/laravel/lumen-framework/src/Concerns/RoutesRequests.php(108): Laravel\\Lumen\\Application->dispatch()
#33 /var/www/html/whitenoise/apiv1-wn/public/index.php(28): Laravel\\Lumen\\Application->run()
#34 /var/www/html/whitenoise/apiv1-wn/index.php(22): require_once('/var/www/html/w...')
#35 {main}
"} 
