[2024-06-21 15:34:01] staging.ERROR: PDOException: SQLSTATE[42S02]: Base table or view not found: 1146 Table 'u5521427_indotherapy.Village' doesn't exist in /home/u5521427/public_html/apolloapi/vendor/illuminate/database/Connection.php:326
Stack trace:
#0 /home/u5521427/public_html/apolloapi/vendor/illuminate/database/Connection.php(326): PDO->prepare('select * from `...')
#1 /home/u5521427/public_html/apolloapi/vendor/illuminate/database/Connection.php(657): Illuminate\Database\Connection->Illuminate\Database\{closure}('select * from `...', Array)
#2 /home/u5521427/public_html/apolloapi/vendor/illuminate/database/Connection.php(624): Illuminate\Database\Connection->runQueryCallback('select * from `...', Array, Object(Closure))
#3 /home/u5521427/public_html/apolloapi/vendor/illuminate/database/Connection.php(333): Illuminate\Database\Connection->run('select * from `...', Array, Object(Closure))
#4 /home/u5521427/public_html/apolloapi/vendor/illuminate/database/Query/Builder.php(2130): Illuminate\Database\Connection->select('select * from `...', Array, true)
#5 /home/u5521427/public_html/apolloapi/vendor/illuminate/database/Query/Builder.php(2118): Illuminate\Database\Query\Builder->runSelect()
#6 /home/u5521427/public_html/apolloapi/vendor/illuminate/database/Query/Builder.php(2604): Illuminate\Database\Query\Builder->Illuminate\Database\Query\{closure}()
#7 /home/u5521427/public_html/apolloapi/vendor/illuminate/database/Query/Builder.php(2119): Illuminate\Database\Query\Builder->onceWithColumns(Array, Object(Closure))
#8 /home/u5521427/public_html/apolloapi/vendor/illuminate/database/Eloquent/Builder.php(521): Illuminate\Database\Query\Builder->get(Array)
#9 /home/u5521427/public_html/apolloapi/vendor/illuminate/database/Eloquent/Builder.php(505): Illuminate\Database\Eloquent\Builder->getModels(Array)
#10 /home/u5521427/public_html/apolloapi/app/Http/Controllers/MyAddressController.php(23): Illuminate\Database\Eloquent\Builder->get()
#11 [internal function]: App\Http\Controllers\MyAddressController->get('1')
#12 /home/u5521427/public_html/apolloapi/vendor/illuminate/container/BoundMethod.php(32): call_user_func_array(Array, Array)
#13 /home/u5521427/public_html/apolloapi/vendor/illuminate/container/BoundMethod.php(90): Illuminate\Container\BoundMethod::Illuminate\Container\{closure}()
#14 /home/u5521427/public_html/apolloapi/vendor/illuminate/container/BoundMethod.php(34): Illuminate\Container\BoundMethod::callBoundMethod(Object(Laravel\Lumen\Application), Array, Object(Closure))
#15 /home/u5521427/public_html/apolloapi/vendor/illuminate/container/Container.php(576): Illuminate\Container\BoundMethod::call(Object(Laravel\Lumen\Application), Array, Array, NULL)
#16 /home/u5521427/public_html/apolloapi/vendor/laravel/lumen-framework/src/Concerns/RoutesRequests.php(376): Illuminate\Container\Container->call(Array, Array)
#17 /home/u5521427/public_html/apolloapi/vendor/laravel/lumen-framework/src/Concerns/RoutesRequests.php(342): Laravel\Lumen\Application->callControllerCallable(Array, Array)
#18 /home/u5521427/public_html/apolloapi/vendor/laravel/lumen-framework/src/Concerns/RoutesRequests.php(316): Laravel\Lumen\Application->callLumenController(Object(App\Http\Controllers\MyAddressController), 'get', Array)
#19 /home/u5521427/public_html/apolloapi/vendor/laravel/lumen-framework/src/Concerns/RoutesRequests.php(278): Laravel\Lumen\Application->callControllerAction(Array)
#20 /home/u5521427/public_html/apolloapi/vendor/laravel/lumen-framework/src/Concerns/RoutesRequests.php(258): Laravel\Lumen\Application->callActionOnArrayBasedRoute(Array)
#21 [internal function]: Laravel\Lumen\Application->Laravel\Lumen\Concerns\{closure}(Object(Laravel\Lumen\Http\Request))
#22 /home/u5521427/public_html/apolloapi/vendor/laravel/lumen-framework/src/Routing/Pipeline.php(52): call_user_func(Object(Closure), Object(Laravel\Lumen\Http\Request))
#23 /home/u5521427/public_html/apolloapi/app/Http/Middleware/Authenticate.php(65): Laravel\Lumen\Routing\Pipeline->Laravel\Lumen\Routing\{closure}(Object(Laravel\Lumen\Http\Request))
#24 /home/u5521427/public_html/apolloapi/vendor/illuminate/pipeline/Pipeline.php(163): App\Http\Middleware\Authenticate->handle(Object(Laravel\Lumen\Http\Request), Object(Closure))
#25 [internal function]: Illuminate\Pipeline\Pipeline->Illuminate\Pipeline\{closure}(Object(Laravel\Lumen\Http\Request))
#26 /home/u5521427/public_html/apolloapi/vendor/laravel/lumen-framework/src/Routing/Pipeline.php(32): call_user_func(Object(Closure), Object(Laravel\Lumen\Http\Request))
#27 /home/u5521427/public_html/apolloapi/vendor/illuminate/pipeline/Pipeline.php(104): Laravel\Lumen\Routing\Pipeline->Laravel\Lumen\Routing\{closure}(Object(Laravel\Lumen\Http\Request))
#28 /home/u5521427/public_html/apolloapi/vendor/laravel/lumen-framework/src/Concerns/RoutesRequests.php(413): Illuminate\Pipeline\Pipeline->then(Object(Closure))
#29 /home/u5521427/public_html/apolloapi/vendor/laravel/lumen-framework/src/Concerns/RoutesRequests.php(259): Laravel\Lumen\Application->sendThroughPipeline(Array, Object(Closure))
#30 /home/u5521427/public_html/apolloapi/vendor/laravel/lumen-framework/src/Concerns/RoutesRequests.php(233): Laravel\Lumen\Application->handleFoundRoute(Array)
#31 /home/u5521427/public_html/apolloapi/vendor/laravel/lumen-framework/src/Concerns/RoutesRequests.php(169): Laravel\Lumen\Application->handleDispatcherResponse(Array)
#32 /home/u5521427/public_html/apolloapi/vendor/laravel/lumen-framework/src/Concerns/RoutesRequests.php(416): Laravel\Lumen\Application->Laravel\Lumen\Concerns\{closure}(Object(Laravel\Lumen\Http\Request))
#33 /home/u5521427/public_html/apolloapi/vendor/laravel/lumen-framework/src/Concerns/RoutesRequests.php(171): Laravel\Lumen\Application->sendThroughPipeline(Array, Object(Closure))
#34 /home/u5521427/public_html/apolloapi/vendor/laravel/lumen-framework/src/Concerns/RoutesRequests.php(108): Laravel\Lumen\Application->dispatch(NULL)
#35 /home/u5521427/public_html/apolloapi/public/index.php(28): Laravel\Lumen\Application->run()
#36 /home/u5521427/public_html/apolloapi/index.php(22): require_once('/home/u5521427/...')
#37 {main}

Next Illuminate\Database\QueryException: SQLSTATE[42S02]: Base table or view not found: 1146 Table 'u5521427_indotherapy.Village' doesn't exist (SQL: select * from `MyAddress` left join `Village` on `MyAddress`.`VillageID` = `Village`.`VillageID` where `CustomerID` = 1 and `MyAddress`.`deleted_at` is null) in /home/u5521427/public_html/apolloapi/vendor/illuminate/database/Connection.php:664
Stack trace:
#0 /home/u5521427/public_html/apolloapi/vendor/illuminate/database/Connection.php(624): Illuminate\Database\Connection->runQueryCallback('select * from `...', Array, Object(Closure))
#1 /home/u5521427/public_html/apolloapi/vendor/illuminate/database/Connection.php(333): Illuminate\Database\Connection->run('select * from `...', Array, Object(Closure))
#2 /home/u5521427/public_html/apolloapi/vendor/illuminate/database/Query/Builder.php(2130): Illuminate\Database\Connection->select('select * from `...', Array, true)
#3 /home/u5521427/public_html/apolloapi/vendor/illuminate/database/Query/Builder.php(2118): Illuminate\Database\Query\Builder->runSelect()
#4 /home/u5521427/public_html/apolloapi/vendor/illuminate/database/Query/Builder.php(2604): Illuminate\Database\Query\Builder->Illuminate\Database\Query\{closure}()
#5 /home/u5521427/public_html/apolloapi/vendor/illuminate/database/Query/Builder.php(2119): Illuminate\Database\Query\Builder->onceWithColumns(Array, Object(Closure))
#6 /home/u5521427/public_html/apolloapi/vendor/illuminate/database/Eloquent/Builder.php(521): Illuminate\Database\Query\Builder->get(Array)
#7 /home/u5521427/public_html/apolloapi/vendor/illuminate/database/Eloquent/Builder.php(505): Illuminate\Database\Eloquent\Builder->getModels(Array)
#8 /home/u5521427/public_html/apolloapi/app/Http/Controllers/MyAddressController.php(23): Illuminate\Database\Eloquent\Builder->get()
#9 [internal function]: App\Http\Controllers\MyAddressController->get('1')
#10 /home/u5521427/public_html/apolloapi/vendor/illuminate/container/BoundMethod.php(32): call_user_func_array(Array, Array)
#11 /home/u5521427/public_html/apolloapi/vendor/illuminate/container/BoundMethod.php(90): Illuminate\Container\BoundMethod::Illuminate\Container\{closure}()
#12 /home/u5521427/public_html/apolloapi/vendor/illuminate/container/BoundMethod.php(34): Illuminate\Container\BoundMethod::callBoundMethod(Object(Laravel\Lumen\Application), Array, Object(Closure))
#13 /home/u5521427/public_html/apolloapi/vendor/illuminate/container/Container.php(576): Illuminate\Container\BoundMethod::call(Object(Laravel\Lumen\Application), Array, Array, NULL)
#14 /home/u5521427/public_html/apolloapi/vendor/laravel/lumen-framework/src/Concerns/RoutesRequests.php(376): Illuminate\Container\Container->call(Array, Array)
#15 /home/u5521427/public_html/apolloapi/vendor/laravel/lumen-framework/src/Concerns/RoutesRequests.php(342): Laravel\Lumen\Application->callControllerCallable(Array, Array)
#16 /home/u5521427/public_html/apolloapi/vendor/laravel/lumen-framework/src/Concerns/RoutesRequests.php(316): Laravel\Lumen\Application->callLumenController(Object(App\Http\Controllers\MyAddressController), 'get', Array)
#17 /home/u5521427/public_html/apolloapi/vendor/laravel/lumen-framework/src/Concerns/RoutesRequests.php(278): Laravel\Lumen\Application->callControllerAction(Array)
#18 /home/u5521427/public_html/apolloapi/vendor/laravel/lumen-framework/src/Concerns/RoutesRequests.php(258): Laravel\Lumen\Application->callActionOnArrayBasedRoute(Array)
#19 [internal function]: Laravel\Lumen\Application->Laravel\Lumen\Concerns\{closure}(Object(Laravel\Lumen\Http\Request))
#20 /home/u5521427/public_html/apolloapi/vendor/laravel/lumen-framework/src/Routing/Pipeline.php(52): call_user_func(Object(Closure), Object(Laravel\Lumen\Http\Request))
#21 /home/u5521427/public_html/apolloapi/app/Http/Middleware/Authenticate.php(65): Laravel\Lumen\Routing\Pipeline->Laravel\Lumen\Routing\{closure}(Object(Laravel\Lumen\Http\Request))
#22 /home/u5521427/public_html/apolloapi/vendor/illuminate/pipeline/Pipeline.php(163): App\Http\Middleware\Authenticate->handle(Object(Laravel\Lumen\Http\Request), Object(Closure))
#23 [internal function]: Illuminate\Pipeline\Pipeline->Illuminate\Pipeline\{closure}(Object(Laravel\Lumen\Http\Request))
#24 /home/u5521427/public_html/apolloapi/vendor/laravel/lumen-framework/src/Routing/Pipeline.php(32): call_user_func(Object(Closure), Object(Laravel\Lumen\Http\Request))
#25 /home/u5521427/public_html/apolloapi/vendor/illuminate/pipeline/Pipeline.php(104): Laravel\Lumen\Routing\Pipeline->Laravel\Lumen\Routing\{closure}(Object(Laravel\Lumen\Http\Request))
#26 /home/u5521427/public_html/apolloapi/vendor/laravel/lumen-framework/src/Concerns/RoutesRequests.php(413): Illuminate\Pipeline\Pipeline->then(Object(Closure))
#27 /home/u5521427/public_html/apolloapi/vendor/laravel/lumen-framework/src/Concerns/RoutesRequests.php(259): Laravel\Lumen\Application->sendThroughPipeline(Array, Object(Closure))
#28 /home/u5521427/public_html/apolloapi/vendor/laravel/lumen-framework/src/Concerns/RoutesRequests.php(233): Laravel\Lumen\Application->handleFoundRoute(Array)
#29 /home/u5521427/public_html/apolloapi/vendor/laravel/lumen-framework/src/Concerns/RoutesRequests.php(169): Laravel\Lumen\Application->handleDispatcherResponse(Array)
#30 /home/u5521427/public_html/apolloapi/vendor/laravel/lumen-framework/src/Concerns/RoutesRequests.php(416): Laravel\Lumen\Application->Laravel\Lumen\Concerns\{closure}(Object(Laravel\Lumen\Http\Request))
#31 /home/u5521427/public_html/apolloapi/vendor/laravel/lumen-framework/src/Concerns/RoutesRequests.php(171): Laravel\Lumen\Application->sendThroughPipeline(Array, Object(Closure))
#32 /home/u5521427/public_html/apolloapi/vendor/laravel/lumen-framework/src/Concerns/RoutesRequests.php(108): Laravel\Lumen\Application->dispatch(NULL)
#33 /home/u5521427/public_html/apolloapi/public/index.php(28): Laravel\Lumen\Application->run()
#34 /home/u5521427/public_html/apolloapi/index.php(22): require_once('/home/u5521427/...')
#35 {main} {"exception":"[object] (Illuminate\\Database\\QueryException(code: 42S02): SQLSTATE[42S02]: Base table or view not found: 1146 Table 'u5521427_indotherapy.Village' doesn't exist (SQL: select * from `MyAddress` left join `Village` on `MyAddress`.`VillageID` = `Village`.`VillageID` where `CustomerID` = 1 and `MyAddress`.`deleted_at` is null) at /home/u5521427/public_html/apolloapi/vendor/illuminate/database/Connection.php:664, PDOException(code: 42S02): SQLSTATE[42S02]: Base table or view not found: 1146 Table 'u5521427_indotherapy.Village' doesn't exist at /home/u5521427/public_html/apolloapi/vendor/illuminate/database/Connection.php:326)
[stacktrace]
#0 /home/u5521427/public_html/apolloapi/vendor/illuminate/database/Connection.php(624): Illuminate\\Database\\Connection->runQueryCallback('select * from `...', Array, Object(Closure))
#1 /home/u5521427/public_html/apolloapi/vendor/illuminate/database/Connection.php(333): Illuminate\\Database\\Connection->run('select * from `...', Array, Object(Closure))
#2 /home/u5521427/public_html/apolloapi/vendor/illuminate/database/Query/Builder.php(2130): Illuminate\\Database\\Connection->select('select * from `...', Array, true)
#3 /home/u5521427/public_html/apolloapi/vendor/illuminate/database/Query/Builder.php(2118): Illuminate\\Database\\Query\\Builder->runSelect()
#4 /home/u5521427/public_html/apolloapi/vendor/illuminate/database/Query/Builder.php(2604): Illuminate\\Database\\Query\\Builder->Illuminate\\Database\\Query\\{closure}()
#5 /home/u5521427/public_html/apolloapi/vendor/illuminate/database/Query/Builder.php(2119): Illuminate\\Database\\Query\\Builder->onceWithColumns(Array, Object(Closure))
#6 /home/u5521427/public_html/apolloapi/vendor/illuminate/database/Eloquent/Builder.php(521): Illuminate\\Database\\Query\\Builder->get(Array)
#7 /home/u5521427/public_html/apolloapi/vendor/illuminate/database/Eloquent/Builder.php(505): Illuminate\\Database\\Eloquent\\Builder->getModels(Array)
#8 /home/u5521427/public_html/apolloapi/app/Http/Controllers/MyAddressController.php(23): Illuminate\\Database\\Eloquent\\Builder->get()
#9 [internal function]: App\\Http\\Controllers\\MyAddressController->get('1')
#10 /home/u5521427/public_html/apolloapi/vendor/illuminate/container/BoundMethod.php(32): call_user_func_array(Array, Array)
#11 /home/u5521427/public_html/apolloapi/vendor/illuminate/container/BoundMethod.php(90): Illuminate\\Container\\BoundMethod::Illuminate\\Container\\{closure}()
#12 /home/u5521427/public_html/apolloapi/vendor/illuminate/container/BoundMethod.php(34): Illuminate\\Container\\BoundMethod::callBoundMethod(Object(Laravel\\Lumen\\Application), Array, Object(Closure))
#13 /home/u5521427/public_html/apolloapi/vendor/illuminate/container/Container.php(576): Illuminate\\Container\\BoundMethod::call(Object(Laravel\\Lumen\\Application), Array, Array, NULL)
#14 /home/u5521427/public_html/apolloapi/vendor/laravel/lumen-framework/src/Concerns/RoutesRequests.php(376): Illuminate\\Container\\Container->call(Array, Array)
#15 /home/u5521427/public_html/apolloapi/vendor/laravel/lumen-framework/src/Concerns/RoutesRequests.php(342): Laravel\\Lumen\\Application->callControllerCallable(Array, Array)
#16 /home/u5521427/public_html/apolloapi/vendor/laravel/lumen-framework/src/Concerns/RoutesRequests.php(316): Laravel\\Lumen\\Application->callLumenController(Object(App\\Http\\Controllers\\MyAddressController), 'get', Array)
#17 /home/u5521427/public_html/apolloapi/vendor/laravel/lumen-framework/src/Concerns/RoutesRequests.php(278): Laravel\\Lumen\\Application->callControllerAction(Array)
#18 /home/u5521427/public_html/apolloapi/vendor/laravel/lumen-framework/src/Concerns/RoutesRequests.php(258): Laravel\\Lumen\\Application->callActionOnArrayBasedRoute(Array)
#19 [internal function]: Laravel\\Lumen\\Application->Laravel\\Lumen\\Concerns\\{closure}(Object(Laravel\\Lumen\\Http\\Request))
#20 /home/u5521427/public_html/apolloapi/vendor/laravel/lumen-framework/src/Routing/Pipeline.php(52): call_user_func(Object(Closure), Object(Laravel\\Lumen\\Http\\Request))
#21 /home/u5521427/public_html/apolloapi/app/Http/Middleware/Authenticate.php(65): Laravel\\Lumen\\Routing\\Pipeline->Laravel\\Lumen\\Routing\\{closure}(Object(Laravel\\Lumen\\Http\\Request))
#22 /home/u5521427/public_html/apolloapi/vendor/illuminate/pipeline/Pipeline.php(163): App\\Http\\Middleware\\Authenticate->handle(Object(Laravel\\Lumen\\Http\\Request), Object(Closure))
#23 [internal function]: Illuminate\\Pipeline\\Pipeline->Illuminate\\Pipeline\\{closure}(Object(Laravel\\Lumen\\Http\\Request))
#24 /home/u5521427/public_html/apolloapi/vendor/laravel/lumen-framework/src/Routing/Pipeline.php(32): call_user_func(Object(Closure), Object(Laravel\\Lumen\\Http\\Request))
#25 /home/u5521427/public_html/apolloapi/vendor/illuminate/pipeline/Pipeline.php(104): Laravel\\Lumen\\Routing\\Pipeline->Laravel\\Lumen\\Routing\\{closure}(Object(Laravel\\Lumen\\Http\\Request))
#26 /home/u5521427/public_html/apolloapi/vendor/laravel/lumen-framework/src/Concerns/RoutesRequests.php(413): Illuminate\\Pipeline\\Pipeline->then(Object(Closure))
#27 /home/u5521427/public_html/apolloapi/vendor/laravel/lumen-framework/src/Concerns/RoutesRequests.php(259): Laravel\\Lumen\\Application->sendThroughPipeline(Array, Object(Closure))
#28 /home/u5521427/public_html/apolloapi/vendor/laravel/lumen-framework/src/Concerns/RoutesRequests.php(233): Laravel\\Lumen\\Application->handleFoundRoute(Array)
#29 /home/u5521427/public_html/apolloapi/vendor/laravel/lumen-framework/src/Concerns/RoutesRequests.php(169): Laravel\\Lumen\\Application->handleDispatcherResponse(Array)
#30 /home/u5521427/public_html/apolloapi/vendor/laravel/lumen-framework/src/Concerns/RoutesRequests.php(416): Laravel\\Lumen\\Application->Laravel\\Lumen\\Concerns\\{closure}(Object(Laravel\\Lumen\\Http\\Request))
#31 /home/u5521427/public_html/apolloapi/vendor/laravel/lumen-framework/src/Concerns/RoutesRequests.php(171): Laravel\\Lumen\\Application->sendThroughPipeline(Array, Object(Closure))
#32 /home/u5521427/public_html/apolloapi/vendor/laravel/lumen-framework/src/Concerns/RoutesRequests.php(108): Laravel\\Lumen\\Application->dispatch(NULL)
#33 /home/u5521427/public_html/apolloapi/public/index.php(28): Laravel\\Lumen\\Application->run()
#34 /home/u5521427/public_html/apolloapi/index.php(22): require_once('/home/u5521427/...')
#35 {main}
"} 
[2024-06-21 16:25:18] staging.ERROR: ErrorException: Undefined variable: statusTrans in /home/u5521427/public_html/apolloapi/app/Http/Controllers/TransactionController.php:185
Stack trace:
#0 /home/u5521427/public_html/apolloapi/app/Http/Controllers/TransactionController.php(185): Laravel\Lumen\Application->Laravel\Lumen\Concerns\{closure}(8, 'Undefined varia...', '/home/u5521427/...', 185, Array)
#1 [internal function]: App\Http\Controllers\TransactionController->insert_transaction(Object(Laravel\Lumen\Http\Request))
#2 /home/u5521427/public_html/apolloapi/vendor/illuminate/container/BoundMethod.php(32): call_user_func_array(Array, Array)
#3 /home/u5521427/public_html/apolloapi/vendor/illuminate/container/BoundMethod.php(90): Illuminate\Container\BoundMethod::Illuminate\Container\{closure}()
#4 /home/u5521427/public_html/apolloapi/vendor/illuminate/container/BoundMethod.php(34): Illuminate\Container\BoundMethod::callBoundMethod(Object(Laravel\Lumen\Application), Array, Object(Closure))
#5 /home/u5521427/public_html/apolloapi/vendor/illuminate/container/Container.php(576): Illuminate\Container\BoundMethod::call(Object(Laravel\Lumen\Application), Array, Array, NULL)
#6 /home/u5521427/public_html/apolloapi/vendor/laravel/lumen-framework/src/Concerns/RoutesRequests.php(376): Illuminate\Container\Container->call(Array, Array)
#7 /home/u5521427/public_html/apolloapi/vendor/laravel/lumen-framework/src/Concerns/RoutesRequests.php(342): Laravel\Lumen\Application->callControllerCallable(Array, Array)
#8 /home/u5521427/public_html/apolloapi/vendor/laravel/lumen-framework/src/Concerns/RoutesRequests.php(316): Laravel\Lumen\Application->callLumenController(Object(App\Http\Controllers\TransactionController), 'insert_transact...', Array)
#9 /home/u5521427/public_html/apolloapi/vendor/laravel/lumen-framework/src/Concerns/RoutesRequests.php(278): Laravel\Lumen\Application->callControllerAction(Array)
#10 /home/u5521427/public_html/apolloapi/vendor/laravel/lumen-framework/src/Concerns/RoutesRequests.php(258): Laravel\Lumen\Application->callActionOnArrayBasedRoute(Array)
#11 [internal function]: Laravel\Lumen\Application->Laravel\Lumen\Concerns\{closure}(Object(Laravel\Lumen\Http\Request))
#12 /home/u5521427/public_html/apolloapi/vendor/laravel/lumen-framework/src/Routing/Pipeline.php(52): call_user_func(Object(Closure), Object(Laravel\Lumen\Http\Request))
#13 /home/u5521427/public_html/apolloapi/app/Http/Middleware/Authenticate.php(65): Laravel\Lumen\Routing\Pipeline->Laravel\Lumen\Routing\{closure}(Object(Laravel\Lumen\Http\Request))
#14 /home/u5521427/public_html/apolloapi/vendor/illuminate/pipeline/Pipeline.php(163): App\Http\Middleware\Authenticate->handle(Object(Laravel\Lumen\Http\Request), Object(Closure))
#15 [internal function]: Illuminate\Pipeline\Pipeline->Illuminate\Pipeline\{closure}(Object(Laravel\Lumen\Http\Request))
#16 /home/u5521427/public_html/apolloapi/vendor/laravel/lumen-framework/src/Routing/Pipeline.php(32): call_user_func(Object(Closure), Object(Laravel\Lumen\Http\Request))
#17 /home/u5521427/public_html/apolloapi/vendor/illuminate/pipeline/Pipeline.php(104): Laravel\Lumen\Routing\Pipeline->Laravel\Lumen\Routing\{closure}(Object(Laravel\Lumen\Http\Request))
#18 /home/u5521427/public_html/apolloapi/vendor/laravel/lumen-framework/src/Concerns/RoutesRequests.php(413): Illuminate\Pipeline\Pipeline->then(Object(Closure))
#19 /home/u5521427/public_html/apolloapi/vendor/laravel/lumen-framework/src/Concerns/RoutesRequests.php(259): Laravel\Lumen\Application->sendThroughPipeline(Array, Object(Closure))
#20 /home/u5521427/public_html/apolloapi/vendor/laravel/lumen-framework/src/Concerns/RoutesRequests.php(165): Laravel\Lumen\Application->handleFoundRoute(Array)
#21 /home/u5521427/public_html/apolloapi/vendor/laravel/lumen-framework/src/Concerns/RoutesRequests.php(416): Laravel\Lumen\Application->Laravel\Lumen\Concerns\{closure}(Object(Laravel\Lumen\Http\Request))
#22 /home/u5521427/public_html/apolloapi/vendor/laravel/lumen-framework/src/Concerns/RoutesRequests.php(171): Laravel\Lumen\Application->sendThroughPipeline(Array, Object(Closure))
#23 /home/u5521427/public_html/apolloapi/vendor/laravel/lumen-framework/src/Concerns/RoutesRequests.php(108): Laravel\Lumen\Application->dispatch(NULL)
#24 /home/u5521427/public_html/apolloapi/public/index.php(28): Laravel\Lumen\Application->run()
#25 /home/u5521427/public_html/apolloapi/index.php(22): require_once('/home/u5521427/...')
#26 {main} {"exception":"[object] (ErrorException(code: 0): Undefined variable: statusTrans at /home/u5521427/public_html/apolloapi/app/Http/Controllers/TransactionController.php:185)
[stacktrace]
#0 /home/u5521427/public_html/apolloapi/app/Http/Controllers/TransactionController.php(185): Laravel\\Lumen\\Application->Laravel\\Lumen\\Concerns\\{closure}(8, 'Undefined varia...', '/home/u5521427/...', 185, Array)
#1 [internal function]: App\\Http\\Controllers\\TransactionController->insert_transaction(Object(Laravel\\Lumen\\Http\\Request))
#2 /home/u5521427/public_html/apolloapi/vendor/illuminate/container/BoundMethod.php(32): call_user_func_array(Array, Array)
#3 /home/u5521427/public_html/apolloapi/vendor/illuminate/container/BoundMethod.php(90): Illuminate\\Container\\BoundMethod::Illuminate\\Container\\{closure}()
#4 /home/u5521427/public_html/apolloapi/vendor/illuminate/container/BoundMethod.php(34): Illuminate\\Container\\BoundMethod::callBoundMethod(Object(Laravel\\Lumen\\Application), Array, Object(Closure))
#5 /home/u5521427/public_html/apolloapi/vendor/illuminate/container/Container.php(576): Illuminate\\Container\\BoundMethod::call(Object(Laravel\\Lumen\\Application), Array, Array, NULL)
#6 /home/u5521427/public_html/apolloapi/vendor/laravel/lumen-framework/src/Concerns/RoutesRequests.php(376): Illuminate\\Container\\Container->call(Array, Array)
#7 /home/u5521427/public_html/apolloapi/vendor/laravel/lumen-framework/src/Concerns/RoutesRequests.php(342): Laravel\\Lumen\\Application->callControllerCallable(Array, Array)
#8 /home/u5521427/public_html/apolloapi/vendor/laravel/lumen-framework/src/Concerns/RoutesRequests.php(316): Laravel\\Lumen\\Application->callLumenController(Object(App\\Http\\Controllers\\TransactionController), 'insert_transact...', Array)
#9 /home/u5521427/public_html/apolloapi/vendor/laravel/lumen-framework/src/Concerns/RoutesRequests.php(278): Laravel\\Lumen\\Application->callControllerAction(Array)
#10 /home/u5521427/public_html/apolloapi/vendor/laravel/lumen-framework/src/Concerns/RoutesRequests.php(258): Laravel\\Lumen\\Application->callActionOnArrayBasedRoute(Array)
#11 [internal function]: Laravel\\Lumen\\Application->Laravel\\Lumen\\Concerns\\{closure}(Object(Laravel\\Lumen\\Http\\Request))
#12 /home/u5521427/public_html/apolloapi/vendor/laravel/lumen-framework/src/Routing/Pipeline.php(52): call_user_func(Object(Closure), Object(Laravel\\Lumen\\Http\\Request))
#13 /home/u5521427/public_html/apolloapi/app/Http/Middleware/Authenticate.php(65): Laravel\\Lumen\\Routing\\Pipeline->Laravel\\Lumen\\Routing\\{closure}(Object(Laravel\\Lumen\\Http\\Request))
#14 /home/u5521427/public_html/apolloapi/vendor/illuminate/pipeline/Pipeline.php(163): App\\Http\\Middleware\\Authenticate->handle(Object(Laravel\\Lumen\\Http\\Request), Object(Closure))
#15 [internal function]: Illuminate\\Pipeline\\Pipeline->Illuminate\\Pipeline\\{closure}(Object(Laravel\\Lumen\\Http\\Request))
#16 /home/u5521427/public_html/apolloapi/vendor/laravel/lumen-framework/src/Routing/Pipeline.php(32): call_user_func(Object(Closure), Object(Laravel\\Lumen\\Http\\Request))
#17 /home/u5521427/public_html/apolloapi/vendor/illuminate/pipeline/Pipeline.php(104): Laravel\\Lumen\\Routing\\Pipeline->Laravel\\Lumen\\Routing\\{closure}(Object(Laravel\\Lumen\\Http\\Request))
#18 /home/u5521427/public_html/apolloapi/vendor/laravel/lumen-framework/src/Concerns/RoutesRequests.php(413): Illuminate\\Pipeline\\Pipeline->then(Object(Closure))
#19 /home/u5521427/public_html/apolloapi/vendor/laravel/lumen-framework/src/Concerns/RoutesRequests.php(259): Laravel\\Lumen\\Application->sendThroughPipeline(Array, Object(Closure))
#20 /home/u5521427/public_html/apolloapi/vendor/laravel/lumen-framework/src/Concerns/RoutesRequests.php(165): Laravel\\Lumen\\Application->handleFoundRoute(Array)
#21 /home/u5521427/public_html/apolloapi/vendor/laravel/lumen-framework/src/Concerns/RoutesRequests.php(416): Laravel\\Lumen\\Application->Laravel\\Lumen\\Concerns\\{closure}(Object(Laravel\\Lumen\\Http\\Request))
#22 /home/u5521427/public_html/apolloapi/vendor/laravel/lumen-framework/src/Concerns/RoutesRequests.php(171): Laravel\\Lumen\\Application->sendThroughPipeline(Array, Object(Closure))
#23 /home/u5521427/public_html/apolloapi/vendor/laravel/lumen-framework/src/Concerns/RoutesRequests.php(108): Laravel\\Lumen\\Application->dispatch(NULL)
#24 /home/u5521427/public_html/apolloapi/public/index.php(28): Laravel\\Lumen\\Application->run()
#25 /home/u5521427/public_html/apolloapi/index.php(22): require_once('/home/u5521427/...')
#26 {main}
"} 
[2024-06-21 16:26:24] staging.ERROR: Illuminate\Database\Eloquent\MassAssignmentException: Add [TransactionDatetime] to fillable property to allow mass assignment on [App\Models\TransactionModel]. in /home/u5521427/public_html/apolloapi/vendor/illuminate/database/Eloquent/Model.php:331
Stack trace:
#0 /home/u5521427/public_html/apolloapi/vendor/illuminate/database/Eloquent/Model.php(171): Illuminate\Database\Eloquent\Model->fill(Array)
#1 /home/u5521427/public_html/apolloapi/vendor/illuminate/database/Eloquent/Model.php(392): Illuminate\Database\Eloquent\Model->__construct(Array)
#2 /home/u5521427/public_html/apolloapi/vendor/illuminate/database/Eloquent/Builder.php(1119): Illuminate\Database\Eloquent\Model->newInstance(Array)
#3 /home/u5521427/public_html/apolloapi/vendor/illuminate/database/Eloquent/Builder.php(794): Illuminate\Database\Eloquent\Builder->newModelInstance(Array)
#4 /home/u5521427/public_html/apolloapi/vendor/illuminate/support/Traits/ForwardsCalls.php(23): Illuminate\Database\Eloquent\Builder->create(Array)
#5 /home/u5521427/public_html/apolloapi/vendor/illuminate/database/Eloquent/Model.php(1618): Illuminate\Database\Eloquent\Model->forwardCallTo(Object(Illuminate\Database\Eloquent\Builder), 'create', Array)
#6 /home/u5521427/public_html/apolloapi/vendor/illuminate/database/Eloquent/Model.php(1630): Illuminate\Database\Eloquent\Model->__call('create', Array)
#7 /home/u5521427/public_html/apolloapi/app/Http/Controllers/TransactionController.php(199): Illuminate\Database\Eloquent\Model::__callStatic('create', Array)
#8 [internal function]: App\Http\Controllers\TransactionController->insert_transaction(Object(Laravel\Lumen\Http\Request))
#9 /home/u5521427/public_html/apolloapi/vendor/illuminate/container/BoundMethod.php(32): call_user_func_array(Array, Array)
#10 /home/u5521427/public_html/apolloapi/vendor/illuminate/container/BoundMethod.php(90): Illuminate\Container\BoundMethod::Illuminate\Container\{closure}()
#11 /home/u5521427/public_html/apolloapi/vendor/illuminate/container/BoundMethod.php(34): Illuminate\Container\BoundMethod::callBoundMethod(Object(Laravel\Lumen\Application), Array, Object(Closure))
#12 /home/u5521427/public_html/apolloapi/vendor/illuminate/container/Container.php(576): Illuminate\Container\BoundMethod::call(Object(Laravel\Lumen\Application), Array, Array, NULL)
#13 /home/u5521427/public_html/apolloapi/vendor/laravel/lumen-framework/src/Concerns/RoutesRequests.php(376): Illuminate\Container\Container->call(Array, Array)
#14 /home/u5521427/public_html/apolloapi/vendor/laravel/lumen-framework/src/Concerns/RoutesRequests.php(342): Laravel\Lumen\Application->callControllerCallable(Array, Array)
#15 /home/u5521427/public_html/apolloapi/vendor/laravel/lumen-framework/src/Concerns/RoutesRequests.php(316): Laravel\Lumen\Application->callLumenController(Object(App\Http\Controllers\TransactionController), 'insert_transact...', Array)
#16 /home/u5521427/public_html/apolloapi/vendor/laravel/lumen-framework/src/Concerns/RoutesRequests.php(278): Laravel\Lumen\Application->callControllerAction(Array)
#17 /home/u5521427/public_html/apolloapi/vendor/laravel/lumen-framework/src/Concerns/RoutesRequests.php(258): Laravel\Lumen\Application->callActionOnArrayBasedRoute(Array)
#18 [internal function]: Laravel\Lumen\Application->Laravel\Lumen\Concerns\{closure}(Object(Laravel\Lumen\Http\Request))
#19 /home/u5521427/public_html/apolloapi/vendor/laravel/lumen-framework/src/Routing/Pipeline.php(52): call_user_func(Object(Closure), Object(Laravel\Lumen\Http\Request))
#20 /home/u5521427/public_html/apolloapi/app/Http/Middleware/Authenticate.php(65): Laravel\Lumen\Routing\Pipeline->Laravel\Lumen\Routing\{closure}(Object(Laravel\Lumen\Http\Request))
#21 /home/u5521427/public_html/apolloapi/vendor/illuminate/pipeline/Pipeline.php(163): App\Http\Middleware\Authenticate->handle(Object(Laravel\Lumen\Http\Request), Object(Closure))
#22 [internal function]: Illuminate\Pipeline\Pipeline->Illuminate\Pipeline\{closure}(Object(Laravel\Lumen\Http\Request))
#23 /home/u5521427/public_html/apolloapi/vendor/laravel/lumen-framework/src/Routing/Pipeline.php(32): call_user_func(Object(Closure), Object(Laravel\Lumen\Http\Request))
#24 /home/u5521427/public_html/apolloapi/vendor/illuminate/pipeline/Pipeline.php(104): Laravel\Lumen\Routing\Pipeline->Laravel\Lumen\Routing\{closure}(Object(Laravel\Lumen\Http\Request))
#25 /home/u5521427/public_html/apolloapi/vendor/laravel/lumen-framework/src/Concerns/RoutesRequests.php(413): Illuminate\Pipeline\Pipeline->then(Object(Closure))
#26 /home/u5521427/public_html/apolloapi/vendor/laravel/lumen-framework/src/Concerns/RoutesRequests.php(259): Laravel\Lumen\Application->sendThroughPipeline(Array, Object(Closure))
#27 /home/u5521427/public_html/apolloapi/vendor/laravel/lumen-framework/src/Concerns/RoutesRequests.php(165): Laravel\Lumen\Application->handleFoundRoute(Array)
#28 /home/u5521427/public_html/apolloapi/vendor/laravel/lumen-framework/src/Concerns/RoutesRequests.php(416): Laravel\Lumen\Application->Laravel\Lumen\Concerns\{closure}(Object(Laravel\Lumen\Http\Request))
#29 /home/u5521427/public_html/apolloapi/vendor/laravel/lumen-framework/src/Concerns/RoutesRequests.php(171): Laravel\Lumen\Application->sendThroughPipeline(Array, Object(Closure))
#30 /home/u5521427/public_html/apolloapi/vendor/laravel/lumen-framework/src/Concerns/RoutesRequests.php(108): Laravel\Lumen\Application->dispatch(NULL)
#31 /home/u5521427/public_html/apolloapi/public/index.php(28): Laravel\Lumen\Application->run()
#32 /home/u5521427/public_html/apolloapi/index.php(22): require_once('/home/u5521427/...')
#33 {main} {"exception":"[object] (Illuminate\\Database\\Eloquent\\MassAssignmentException(code: 0): Add [TransactionDatetime] to fillable property to allow mass assignment on [App\\Models\\TransactionModel]. at /home/u5521427/public_html/apolloapi/vendor/illuminate/database/Eloquent/Model.php:331)
[stacktrace]
#0 /home/u5521427/public_html/apolloapi/vendor/illuminate/database/Eloquent/Model.php(171): Illuminate\\Database\\Eloquent\\Model->fill(Array)
#1 /home/u5521427/public_html/apolloapi/vendor/illuminate/database/Eloquent/Model.php(392): Illuminate\\Database\\Eloquent\\Model->__construct(Array)
#2 /home/u5521427/public_html/apolloapi/vendor/illuminate/database/Eloquent/Builder.php(1119): Illuminate\\Database\\Eloquent\\Model->newInstance(Array)
#3 /home/u5521427/public_html/apolloapi/vendor/illuminate/database/Eloquent/Builder.php(794): Illuminate\\Database\\Eloquent\\Builder->newModelInstance(Array)
#4 /home/u5521427/public_html/apolloapi/vendor/illuminate/support/Traits/ForwardsCalls.php(23): Illuminate\\Database\\Eloquent\\Builder->create(Array)
#5 /home/u5521427/public_html/apolloapi/vendor/illuminate/database/Eloquent/Model.php(1618): Illuminate\\Database\\Eloquent\\Model->forwardCallTo(Object(Illuminate\\Database\\Eloquent\\Builder), 'create', Array)
#6 /home/u5521427/public_html/apolloapi/vendor/illuminate/database/Eloquent/Model.php(1630): Illuminate\\Database\\Eloquent\\Model->__call('create', Array)
#7 /home/u5521427/public_html/apolloapi/app/Http/Controllers/TransactionController.php(199): Illuminate\\Database\\Eloquent\\Model::__callStatic('create', Array)
#8 [internal function]: App\\Http\\Controllers\\TransactionController->insert_transaction(Object(Laravel\\Lumen\\Http\\Request))
#9 /home/u5521427/public_html/apolloapi/vendor/illuminate/container/BoundMethod.php(32): call_user_func_array(Array, Array)
#10 /home/u5521427/public_html/apolloapi/vendor/illuminate/container/BoundMethod.php(90): Illuminate\\Container\\BoundMethod::Illuminate\\Container\\{closure}()
#11 /home/u5521427/public_html/apolloapi/vendor/illuminate/container/BoundMethod.php(34): Illuminate\\Container\\BoundMethod::callBoundMethod(Object(Laravel\\Lumen\\Application), Array, Object(Closure))
#12 /home/u5521427/public_html/apolloapi/vendor/illuminate/container/Container.php(576): Illuminate\\Container\\BoundMethod::call(Object(Laravel\\Lumen\\Application), Array, Array, NULL)
#13 /home/u5521427/public_html/apolloapi/vendor/laravel/lumen-framework/src/Concerns/RoutesRequests.php(376): Illuminate\\Container\\Container->call(Array, Array)
#14 /home/u5521427/public_html/apolloapi/vendor/laravel/lumen-framework/src/Concerns/RoutesRequests.php(342): Laravel\\Lumen\\Application->callControllerCallable(Array, Array)
#15 /home/u5521427/public_html/apolloapi/vendor/laravel/lumen-framework/src/Concerns/RoutesRequests.php(316): Laravel\\Lumen\\Application->callLumenController(Object(App\\Http\\Controllers\\TransactionController), 'insert_transact...', Array)
#16 /home/u5521427/public_html/apolloapi/vendor/laravel/lumen-framework/src/Concerns/RoutesRequests.php(278): Laravel\\Lumen\\Application->callControllerAction(Array)
#17 /home/u5521427/public_html/apolloapi/vendor/laravel/lumen-framework/src/Concerns/RoutesRequests.php(258): Laravel\\Lumen\\Application->callActionOnArrayBasedRoute(Array)
#18 [internal function]: Laravel\\Lumen\\Application->Laravel\\Lumen\\Concerns\\{closure}(Object(Laravel\\Lumen\\Http\\Request))
#19 /home/u5521427/public_html/apolloapi/vendor/laravel/lumen-framework/src/Routing/Pipeline.php(52): call_user_func(Object(Closure), Object(Laravel\\Lumen\\Http\\Request))
#20 /home/u5521427/public_html/apolloapi/app/Http/Middleware/Authenticate.php(65): Laravel\\Lumen\\Routing\\Pipeline->Laravel\\Lumen\\Routing\\{closure}(Object(Laravel\\Lumen\\Http\\Request))
#21 /home/u5521427/public_html/apolloapi/vendor/illuminate/pipeline/Pipeline.php(163): App\\Http\\Middleware\\Authenticate->handle(Object(Laravel\\Lumen\\Http\\Request), Object(Closure))
#22 [internal function]: Illuminate\\Pipeline\\Pipeline->Illuminate\\Pipeline\\{closure}(Object(Laravel\\Lumen\\Http\\Request))
#23 /home/u5521427/public_html/apolloapi/vendor/laravel/lumen-framework/src/Routing/Pipeline.php(32): call_user_func(Object(Closure), Object(Laravel\\Lumen\\Http\\Request))
#24 /home/u5521427/public_html/apolloapi/vendor/illuminate/pipeline/Pipeline.php(104): Laravel\\Lumen\\Routing\\Pipeline->Laravel\\Lumen\\Routing\\{closure}(Object(Laravel\\Lumen\\Http\\Request))
#25 /home/u5521427/public_html/apolloapi/vendor/laravel/lumen-framework/src/Concerns/RoutesRequests.php(413): Illuminate\\Pipeline\\Pipeline->then(Object(Closure))
#26 /home/u5521427/public_html/apolloapi/vendor/laravel/lumen-framework/src/Concerns/RoutesRequests.php(259): Laravel\\Lumen\\Application->sendThroughPipeline(Array, Object(Closure))
#27 /home/u5521427/public_html/apolloapi/vendor/laravel/lumen-framework/src/Concerns/RoutesRequests.php(165): Laravel\\Lumen\\Application->handleFoundRoute(Array)
#28 /home/u5521427/public_html/apolloapi/vendor/laravel/lumen-framework/src/Concerns/RoutesRequests.php(416): Laravel\\Lumen\\Application->Laravel\\Lumen\\Concerns\\{closure}(Object(Laravel\\Lumen\\Http\\Request))
#29 /home/u5521427/public_html/apolloapi/vendor/laravel/lumen-framework/src/Concerns/RoutesRequests.php(171): Laravel\\Lumen\\Application->sendThroughPipeline(Array, Object(Closure))
#30 /home/u5521427/public_html/apolloapi/vendor/laravel/lumen-framework/src/Concerns/RoutesRequests.php(108): Laravel\\Lumen\\Application->dispatch(NULL)
#31 /home/u5521427/public_html/apolloapi/public/index.php(28): Laravel\\Lumen\\Application->run()
#32 /home/u5521427/public_html/apolloapi/index.php(22): require_once('/home/u5521427/...')
#33 {main}
"} 
[2024-06-21 16:32:46] staging.ERROR: Illuminate\Database\Eloquent\MassAssignmentException: Add [TransactionDatetime] to fillable property to allow mass assignment on [App\Models\TransactionModel]. in /home/u5521427/public_html/apolloapi/vendor/illuminate/database/Eloquent/Model.php:331
Stack trace:
#0 /home/u5521427/public_html/apolloapi/vendor/illuminate/database/Eloquent/Model.php(171): Illuminate\Database\Eloquent\Model->fill(Array)
#1 /home/u5521427/public_html/apolloapi/vendor/illuminate/database/Eloquent/Model.php(392): Illuminate\Database\Eloquent\Model->__construct(Array)
#2 /home/u5521427/public_html/apolloapi/vendor/illuminate/database/Eloquent/Builder.php(1119): Illuminate\Database\Eloquent\Model->newInstance(Array)
#3 /home/u5521427/public_html/apolloapi/vendor/illuminate/database/Eloquent/Builder.php(794): Illuminate\Database\Eloquent\Builder->newModelInstance(Array)
#4 /home/u5521427/public_html/apolloapi/vendor/illuminate/support/Traits/ForwardsCalls.php(23): Illuminate\Database\Eloquent\Builder->create(Array)
#5 /home/u5521427/public_html/apolloapi/vendor/illuminate/database/Eloquent/Model.php(1618): Illuminate\Database\Eloquent\Model->forwardCallTo(Object(Illuminate\Database\Eloquent\Builder), 'create', Array)
#6 /home/u5521427/public_html/apolloapi/vendor/illuminate/database/Eloquent/Model.php(1630): Illuminate\Database\Eloquent\Model->__call('create', Array)
#7 /home/u5521427/public_html/apolloapi/app/Http/Controllers/TransactionController.php(199): Illuminate\Database\Eloquent\Model::__callStatic('create', Array)
#8 [internal function]: App\Http\Controllers\TransactionController->insert_transaction(Object(Laravel\Lumen\Http\Request))
#9 /home/u5521427/public_html/apolloapi/vendor/illuminate/container/BoundMethod.php(32): call_user_func_array(Array, Array)
#10 /home/u5521427/public_html/apolloapi/vendor/illuminate/container/BoundMethod.php(90): Illuminate\Container\BoundMethod::Illuminate\Container\{closure}()
#11 /home/u5521427/public_html/apolloapi/vendor/illuminate/container/BoundMethod.php(34): Illuminate\Container\BoundMethod::callBoundMethod(Object(Laravel\Lumen\Application), Array, Object(Closure))
#12 /home/u5521427/public_html/apolloapi/vendor/illuminate/container/Container.php(576): Illuminate\Container\BoundMethod::call(Object(Laravel\Lumen\Application), Array, Array, NULL)
#13 /home/u5521427/public_html/apolloapi/vendor/laravel/lumen-framework/src/Concerns/RoutesRequests.php(376): Illuminate\Container\Container->call(Array, Array)
#14 /home/u5521427/public_html/apolloapi/vendor/laravel/lumen-framework/src/Concerns/RoutesRequests.php(342): Laravel\Lumen\Application->callControllerCallable(Array, Array)
#15 /home/u5521427/public_html/apolloapi/vendor/laravel/lumen-framework/src/Concerns/RoutesRequests.php(316): Laravel\Lumen\Application->callLumenController(Object(App\Http\Controllers\TransactionController), 'insert_transact...', Array)
#16 /home/u5521427/public_html/apolloapi/vendor/laravel/lumen-framework/src/Concerns/RoutesRequests.php(278): Laravel\Lumen\Application->callControllerAction(Array)
#17 /home/u5521427/public_html/apolloapi/vendor/laravel/lumen-framework/src/Concerns/RoutesRequests.php(258): Laravel\Lumen\Application->callActionOnArrayBasedRoute(Array)
#18 [internal function]: Laravel\Lumen\Application->Laravel\Lumen\Concerns\{closure}(Object(Laravel\Lumen\Http\Request))
#19 /home/u5521427/public_html/apolloapi/vendor/laravel/lumen-framework/src/Routing/Pipeline.php(52): call_user_func(Object(Closure), Object(Laravel\Lumen\Http\Request))
#20 /home/u5521427/public_html/apolloapi/app/Http/Middleware/Authenticate.php(65): Laravel\Lumen\Routing\Pipeline->Laravel\Lumen\Routing\{closure}(Object(Laravel\Lumen\Http\Request))
#21 /home/u5521427/public_html/apolloapi/vendor/illuminate/pipeline/Pipeline.php(163): App\Http\Middleware\Authenticate->handle(Object(Laravel\Lumen\Http\Request), Object(Closure))
#22 [internal function]: Illuminate\Pipeline\Pipeline->Illuminate\Pipeline\{closure}(Object(Laravel\Lumen\Http\Request))
#23 /home/u5521427/public_html/apolloapi/vendor/laravel/lumen-framework/src/Routing/Pipeline.php(32): call_user_func(Object(Closure), Object(Laravel\Lumen\Http\Request))
#24 /home/u5521427/public_html/apolloapi/vendor/illuminate/pipeline/Pipeline.php(104): Laravel\Lumen\Routing\Pipeline->Laravel\Lumen\Routing\{closure}(Object(Laravel\Lumen\Http\Request))
#25 /home/u5521427/public_html/apolloapi/vendor/laravel/lumen-framework/src/Concerns/RoutesRequests.php(413): Illuminate\Pipeline\Pipeline->then(Object(Closure))
#26 /home/u5521427/public_html/apolloapi/vendor/laravel/lumen-framework/src/Concerns/RoutesRequests.php(259): Laravel\Lumen\Application->sendThroughPipeline(Array, Object(Closure))
#27 /home/u5521427/public_html/apolloapi/vendor/laravel/lumen-framework/src/Concerns/RoutesRequests.php(165): Laravel\Lumen\Application->handleFoundRoute(Array)
#28 /home/u5521427/public_html/apolloapi/vendor/laravel/lumen-framework/src/Concerns/RoutesRequests.php(416): Laravel\Lumen\Application->Laravel\Lumen\Concerns\{closure}(Object(Laravel\Lumen\Http\Request))
#29 /home/u5521427/public_html/apolloapi/vendor/laravel/lumen-framework/src/Concerns/RoutesRequests.php(171): Laravel\Lumen\Application->sendThroughPipeline(Array, Object(Closure))
#30 /home/u5521427/public_html/apolloapi/vendor/laravel/lumen-framework/src/Concerns/RoutesRequests.php(108): Laravel\Lumen\Application->dispatch(NULL)
#31 /home/u5521427/public_html/apolloapi/public/index.php(28): Laravel\Lumen\Application->run()
#32 /home/u5521427/public_html/apolloapi/index.php(22): require_once('/home/u5521427/...')
#33 {main} {"exception":"[object] (Illuminate\\Database\\Eloquent\\MassAssignmentException(code: 0): Add [TransactionDatetime] to fillable property to allow mass assignment on [App\\Models\\TransactionModel]. at /home/u5521427/public_html/apolloapi/vendor/illuminate/database/Eloquent/Model.php:331)
[stacktrace]
#0 /home/u5521427/public_html/apolloapi/vendor/illuminate/database/Eloquent/Model.php(171): Illuminate\\Database\\Eloquent\\Model->fill(Array)
#1 /home/u5521427/public_html/apolloapi/vendor/illuminate/database/Eloquent/Model.php(392): Illuminate\\Database\\Eloquent\\Model->__construct(Array)
#2 /home/u5521427/public_html/apolloapi/vendor/illuminate/database/Eloquent/Builder.php(1119): Illuminate\\Database\\Eloquent\\Model->newInstance(Array)
#3 /home/u5521427/public_html/apolloapi/vendor/illuminate/database/Eloquent/Builder.php(794): Illuminate\\Database\\Eloquent\\Builder->newModelInstance(Array)
#4 /home/u5521427/public_html/apolloapi/vendor/illuminate/support/Traits/ForwardsCalls.php(23): Illuminate\\Database\\Eloquent\\Builder->create(Array)
#5 /home/u5521427/public_html/apolloapi/vendor/illuminate/database/Eloquent/Model.php(1618): Illuminate\\Database\\Eloquent\\Model->forwardCallTo(Object(Illuminate\\Database\\Eloquent\\Builder), 'create', Array)
#6 /home/u5521427/public_html/apolloapi/vendor/illuminate/database/Eloquent/Model.php(1630): Illuminate\\Database\\Eloquent\\Model->__call('create', Array)
#7 /home/u5521427/public_html/apolloapi/app/Http/Controllers/TransactionController.php(199): Illuminate\\Database\\Eloquent\\Model::__callStatic('create', Array)
#8 [internal function]: App\\Http\\Controllers\\TransactionController->insert_transaction(Object(Laravel\\Lumen\\Http\\Request))
#9 /home/u5521427/public_html/apolloapi/vendor/illuminate/container/BoundMethod.php(32): call_user_func_array(Array, Array)
#10 /home/u5521427/public_html/apolloapi/vendor/illuminate/container/BoundMethod.php(90): Illuminate\\Container\\BoundMethod::Illuminate\\Container\\{closure}()
#11 /home/u5521427/public_html/apolloapi/vendor/illuminate/container/BoundMethod.php(34): Illuminate\\Container\\BoundMethod::callBoundMethod(Object(Laravel\\Lumen\\Application), Array, Object(Closure))
#12 /home/u5521427/public_html/apolloapi/vendor/illuminate/container/Container.php(576): Illuminate\\Container\\BoundMethod::call(Object(Laravel\\Lumen\\Application), Array, Array, NULL)
#13 /home/u5521427/public_html/apolloapi/vendor/laravel/lumen-framework/src/Concerns/RoutesRequests.php(376): Illuminate\\Container\\Container->call(Array, Array)
#14 /home/u5521427/public_html/apolloapi/vendor/laravel/lumen-framework/src/Concerns/RoutesRequests.php(342): Laravel\\Lumen\\Application->callControllerCallable(Array, Array)
#15 /home/u5521427/public_html/apolloapi/vendor/laravel/lumen-framework/src/Concerns/RoutesRequests.php(316): Laravel\\Lumen\\Application->callLumenController(Object(App\\Http\\Controllers\\TransactionController), 'insert_transact...', Array)
#16 /home/u5521427/public_html/apolloapi/vendor/laravel/lumen-framework/src/Concerns/RoutesRequests.php(278): Laravel\\Lumen\\Application->callControllerAction(Array)
#17 /home/u5521427/public_html/apolloapi/vendor/laravel/lumen-framework/src/Concerns/RoutesRequests.php(258): Laravel\\Lumen\\Application->callActionOnArrayBasedRoute(Array)
#18 [internal function]: Laravel\\Lumen\\Application->Laravel\\Lumen\\Concerns\\{closure}(Object(Laravel\\Lumen\\Http\\Request))
#19 /home/u5521427/public_html/apolloapi/vendor/laravel/lumen-framework/src/Routing/Pipeline.php(52): call_user_func(Object(Closure), Object(Laravel\\Lumen\\Http\\Request))
#20 /home/u5521427/public_html/apolloapi/app/Http/Middleware/Authenticate.php(65): Laravel\\Lumen\\Routing\\Pipeline->Laravel\\Lumen\\Routing\\{closure}(Object(Laravel\\Lumen\\Http\\Request))
#21 /home/u5521427/public_html/apolloapi/vendor/illuminate/pipeline/Pipeline.php(163): App\\Http\\Middleware\\Authenticate->handle(Object(Laravel\\Lumen\\Http\\Request), Object(Closure))
#22 [internal function]: Illuminate\\Pipeline\\Pipeline->Illuminate\\Pipeline\\{closure}(Object(Laravel\\Lumen\\Http\\Request))
#23 /home/u5521427/public_html/apolloapi/vendor/laravel/lumen-framework/src/Routing/Pipeline.php(32): call_user_func(Object(Closure), Object(Laravel\\Lumen\\Http\\Request))
#24 /home/u5521427/public_html/apolloapi/vendor/illuminate/pipeline/Pipeline.php(104): Laravel\\Lumen\\Routing\\Pipeline->Laravel\\Lumen\\Routing\\{closure}(Object(Laravel\\Lumen\\Http\\Request))
#25 /home/u5521427/public_html/apolloapi/vendor/laravel/lumen-framework/src/Concerns/RoutesRequests.php(413): Illuminate\\Pipeline\\Pipeline->then(Object(Closure))
#26 /home/u5521427/public_html/apolloapi/vendor/laravel/lumen-framework/src/Concerns/RoutesRequests.php(259): Laravel\\Lumen\\Application->sendThroughPipeline(Array, Object(Closure))
#27 /home/u5521427/public_html/apolloapi/vendor/laravel/lumen-framework/src/Concerns/RoutesRequests.php(165): Laravel\\Lumen\\Application->handleFoundRoute(Array)
#28 /home/u5521427/public_html/apolloapi/vendor/laravel/lumen-framework/src/Concerns/RoutesRequests.php(416): Laravel\\Lumen\\Application->Laravel\\Lumen\\Concerns\\{closure}(Object(Laravel\\Lumen\\Http\\Request))
#29 /home/u5521427/public_html/apolloapi/vendor/laravel/lumen-framework/src/Concerns/RoutesRequests.php(171): Laravel\\Lumen\\Application->sendThroughPipeline(Array, Object(Closure))
#30 /home/u5521427/public_html/apolloapi/vendor/laravel/lumen-framework/src/Concerns/RoutesRequests.php(108): Laravel\\Lumen\\Application->dispatch(NULL)
#31 /home/u5521427/public_html/apolloapi/public/index.php(28): Laravel\\Lumen\\Application->run()
#32 /home/u5521427/public_html/apolloapi/index.php(22): require_once('/home/u5521427/...')
#33 {main}
"} 
[2024-06-21 16:33:55] staging.ERROR: Illuminate\Database\Eloquent\MassAssignmentException: Add [TransactionDatetime] to fillable property to allow mass assignment on [App\Models\TransactionModel]. in /home/u5521427/public_html/apolloapi/vendor/illuminate/database/Eloquent/Model.php:331
Stack trace:
#0 /home/u5521427/public_html/apolloapi/vendor/illuminate/database/Eloquent/Model.php(171): Illuminate\Database\Eloquent\Model->fill(Array)
#1 /home/u5521427/public_html/apolloapi/vendor/illuminate/database/Eloquent/Model.php(392): Illuminate\Database\Eloquent\Model->__construct(Array)
#2 /home/u5521427/public_html/apolloapi/vendor/illuminate/database/Eloquent/Builder.php(1119): Illuminate\Database\Eloquent\Model->newInstance(Array)
#3 /home/u5521427/public_html/apolloapi/vendor/illuminate/database/Eloquent/Builder.php(794): Illuminate\Database\Eloquent\Builder->newModelInstance(Array)
#4 /home/u5521427/public_html/apolloapi/vendor/illuminate/support/Traits/ForwardsCalls.php(23): Illuminate\Database\Eloquent\Builder->create(Array)
#5 /home/u5521427/public_html/apolloapi/vendor/illuminate/database/Eloquent/Model.php(1618): Illuminate\Database\Eloquent\Model->forwardCallTo(Object(Illuminate\Database\Eloquent\Builder), 'create', Array)
#6 /home/u5521427/public_html/apolloapi/vendor/illuminate/database/Eloquent/Model.php(1630): Illuminate\Database\Eloquent\Model->__call('create', Array)
#7 /home/u5521427/public_html/apolloapi/app/Http/Controllers/TransactionController.php(199): Illuminate\Database\Eloquent\Model::__callStatic('create', Array)
#8 [internal function]: App\Http\Controllers\TransactionController->insert_transaction(Object(Laravel\Lumen\Http\Request))
#9 /home/u5521427/public_html/apolloapi/vendor/illuminate/container/BoundMethod.php(32): call_user_func_array(Array, Array)
#10 /home/u5521427/public_html/apolloapi/vendor/illuminate/container/BoundMethod.php(90): Illuminate\Container\BoundMethod::Illuminate\Container\{closure}()
#11 /home/u5521427/public_html/apolloapi/vendor/illuminate/container/BoundMethod.php(34): Illuminate\Container\BoundMethod::callBoundMethod(Object(Laravel\Lumen\Application), Array, Object(Closure))
#12 /home/u5521427/public_html/apolloapi/vendor/illuminate/container/Container.php(576): Illuminate\Container\BoundMethod::call(Object(Laravel\Lumen\Application), Array, Array, NULL)
#13 /home/u5521427/public_html/apolloapi/vendor/laravel/lumen-framework/src/Concerns/RoutesRequests.php(376): Illuminate\Container\Container->call(Array, Array)
#14 /home/u5521427/public_html/apolloapi/vendor/laravel/lumen-framework/src/Concerns/RoutesRequests.php(342): Laravel\Lumen\Application->callControllerCallable(Array, Array)
#15 /home/u5521427/public_html/apolloapi/vendor/laravel/lumen-framework/src/Concerns/RoutesRequests.php(316): Laravel\Lumen\Application->callLumenController(Object(App\Http\Controllers\TransactionController), 'insert_transact...', Array)
#16 /home/u5521427/public_html/apolloapi/vendor/laravel/lumen-framework/src/Concerns/RoutesRequests.php(278): Laravel\Lumen\Application->callControllerAction(Array)
#17 /home/u5521427/public_html/apolloapi/vendor/laravel/lumen-framework/src/Concerns/RoutesRequests.php(258): Laravel\Lumen\Application->callActionOnArrayBasedRoute(Array)
#18 [internal function]: Laravel\Lumen\Application->Laravel\Lumen\Concerns\{closure}(Object(Laravel\Lumen\Http\Request))
#19 /home/u5521427/public_html/apolloapi/vendor/laravel/lumen-framework/src/Routing/Pipeline.php(52): call_user_func(Object(Closure), Object(Laravel\Lumen\Http\Request))
#20 /home/u5521427/public_html/apolloapi/app/Http/Middleware/Authenticate.php(65): Laravel\Lumen\Routing\Pipeline->Laravel\Lumen\Routing\{closure}(Object(Laravel\Lumen\Http\Request))
#21 /home/u5521427/public_html/apolloapi/vendor/illuminate/pipeline/Pipeline.php(163): App\Http\Middleware\Authenticate->handle(Object(Laravel\Lumen\Http\Request), Object(Closure))
#22 [internal function]: Illuminate\Pipeline\Pipeline->Illuminate\Pipeline\{closure}(Object(Laravel\Lumen\Http\Request))
#23 /home/u5521427/public_html/apolloapi/vendor/laravel/lumen-framework/src/Routing/Pipeline.php(32): call_user_func(Object(Closure), Object(Laravel\Lumen\Http\Request))
#24 /home/u5521427/public_html/apolloapi/vendor/illuminate/pipeline/Pipeline.php(104): Laravel\Lumen\Routing\Pipeline->Laravel\Lumen\Routing\{closure}(Object(Laravel\Lumen\Http\Request))
#25 /home/u5521427/public_html/apolloapi/vendor/laravel/lumen-framework/src/Concerns/RoutesRequests.php(413): Illuminate\Pipeline\Pipeline->then(Object(Closure))
#26 /home/u5521427/public_html/apolloapi/vendor/laravel/lumen-framework/src/Concerns/RoutesRequests.php(259): Laravel\Lumen\Application->sendThroughPipeline(Array, Object(Closure))
#27 /home/u5521427/public_html/apolloapi/vendor/laravel/lumen-framework/src/Concerns/RoutesRequests.php(165): Laravel\Lumen\Application->handleFoundRoute(Array)
#28 /home/u5521427/public_html/apolloapi/vendor/laravel/lumen-framework/src/Concerns/RoutesRequests.php(416): Laravel\Lumen\Application->Laravel\Lumen\Concerns\{closure}(Object(Laravel\Lumen\Http\Request))
#29 /home/u5521427/public_html/apolloapi/vendor/laravel/lumen-framework/src/Concerns/RoutesRequests.php(171): Laravel\Lumen\Application->sendThroughPipeline(Array, Object(Closure))
#30 /home/u5521427/public_html/apolloapi/vendor/laravel/lumen-framework/src/Concerns/RoutesRequests.php(108): Laravel\Lumen\Application->dispatch(NULL)
#31 /home/u5521427/public_html/apolloapi/public/index.php(28): Laravel\Lumen\Application->run()
#32 /home/u5521427/public_html/apolloapi/index.php(22): require_once('/home/u5521427/...')
#33 {main} {"exception":"[object] (Illuminate\\Database\\Eloquent\\MassAssignmentException(code: 0): Add [TransactionDatetime] to fillable property to allow mass assignment on [App\\Models\\TransactionModel]. at /home/u5521427/public_html/apolloapi/vendor/illuminate/database/Eloquent/Model.php:331)
[stacktrace]
#0 /home/u5521427/public_html/apolloapi/vendor/illuminate/database/Eloquent/Model.php(171): Illuminate\\Database\\Eloquent\\Model->fill(Array)
#1 /home/u5521427/public_html/apolloapi/vendor/illuminate/database/Eloquent/Model.php(392): Illuminate\\Database\\Eloquent\\Model->__construct(Array)
#2 /home/u5521427/public_html/apolloapi/vendor/illuminate/database/Eloquent/Builder.php(1119): Illuminate\\Database\\Eloquent\\Model->newInstance(Array)
#3 /home/u5521427/public_html/apolloapi/vendor/illuminate/database/Eloquent/Builder.php(794): Illuminate\\Database\\Eloquent\\Builder->newModelInstance(Array)
#4 /home/u5521427/public_html/apolloapi/vendor/illuminate/support/Traits/ForwardsCalls.php(23): Illuminate\\Database\\Eloquent\\Builder->create(Array)
#5 /home/u5521427/public_html/apolloapi/vendor/illuminate/database/Eloquent/Model.php(1618): Illuminate\\Database\\Eloquent\\Model->forwardCallTo(Object(Illuminate\\Database\\Eloquent\\Builder), 'create', Array)
#6 /home/u5521427/public_html/apolloapi/vendor/illuminate/database/Eloquent/Model.php(1630): Illuminate\\Database\\Eloquent\\Model->__call('create', Array)
#7 /home/u5521427/public_html/apolloapi/app/Http/Controllers/TransactionController.php(199): Illuminate\\Database\\Eloquent\\Model::__callStatic('create', Array)
#8 [internal function]: App\\Http\\Controllers\\TransactionController->insert_transaction(Object(Laravel\\Lumen\\Http\\Request))
#9 /home/u5521427/public_html/apolloapi/vendor/illuminate/container/BoundMethod.php(32): call_user_func_array(Array, Array)
#10 /home/u5521427/public_html/apolloapi/vendor/illuminate/container/BoundMethod.php(90): Illuminate\\Container\\BoundMethod::Illuminate\\Container\\{closure}()
#11 /home/u5521427/public_html/apolloapi/vendor/illuminate/container/BoundMethod.php(34): Illuminate\\Container\\BoundMethod::callBoundMethod(Object(Laravel\\Lumen\\Application), Array, Object(Closure))
#12 /home/u5521427/public_html/apolloapi/vendor/illuminate/container/Container.php(576): Illuminate\\Container\\BoundMethod::call(Object(Laravel\\Lumen\\Application), Array, Array, NULL)
#13 /home/u5521427/public_html/apolloapi/vendor/laravel/lumen-framework/src/Concerns/RoutesRequests.php(376): Illuminate\\Container\\Container->call(Array, Array)
#14 /home/u5521427/public_html/apolloapi/vendor/laravel/lumen-framework/src/Concerns/RoutesRequests.php(342): Laravel\\Lumen\\Application->callControllerCallable(Array, Array)
#15 /home/u5521427/public_html/apolloapi/vendor/laravel/lumen-framework/src/Concerns/RoutesRequests.php(316): Laravel\\Lumen\\Application->callLumenController(Object(App\\Http\\Controllers\\TransactionController), 'insert_transact...', Array)
#16 /home/u5521427/public_html/apolloapi/vendor/laravel/lumen-framework/src/Concerns/RoutesRequests.php(278): Laravel\\Lumen\\Application->callControllerAction(Array)
#17 /home/u5521427/public_html/apolloapi/vendor/laravel/lumen-framework/src/Concerns/RoutesRequests.php(258): Laravel\\Lumen\\Application->callActionOnArrayBasedRoute(Array)
#18 [internal function]: Laravel\\Lumen\\Application->Laravel\\Lumen\\Concerns\\{closure}(Object(Laravel\\Lumen\\Http\\Request))
#19 /home/u5521427/public_html/apolloapi/vendor/laravel/lumen-framework/src/Routing/Pipeline.php(52): call_user_func(Object(Closure), Object(Laravel\\Lumen\\Http\\Request))
#20 /home/u5521427/public_html/apolloapi/app/Http/Middleware/Authenticate.php(65): Laravel\\Lumen\\Routing\\Pipeline->Laravel\\Lumen\\Routing\\{closure}(Object(Laravel\\Lumen\\Http\\Request))
#21 /home/u5521427/public_html/apolloapi/vendor/illuminate/pipeline/Pipeline.php(163): App\\Http\\Middleware\\Authenticate->handle(Object(Laravel\\Lumen\\Http\\Request), Object(Closure))
#22 [internal function]: Illuminate\\Pipeline\\Pipeline->Illuminate\\Pipeline\\{closure}(Object(Laravel\\Lumen\\Http\\Request))
#23 /home/u5521427/public_html/apolloapi/vendor/laravel/lumen-framework/src/Routing/Pipeline.php(32): call_user_func(Object(Closure), Object(Laravel\\Lumen\\Http\\Request))
#24 /home/u5521427/public_html/apolloapi/vendor/illuminate/pipeline/Pipeline.php(104): Laravel\\Lumen\\Routing\\Pipeline->Laravel\\Lumen\\Routing\\{closure}(Object(Laravel\\Lumen\\Http\\Request))
#25 /home/u5521427/public_html/apolloapi/vendor/laravel/lumen-framework/src/Concerns/RoutesRequests.php(413): Illuminate\\Pipeline\\Pipeline->then(Object(Closure))
#26 /home/u5521427/public_html/apolloapi/vendor/laravel/lumen-framework/src/Concerns/RoutesRequests.php(259): Laravel\\Lumen\\Application->sendThroughPipeline(Array, Object(Closure))
#27 /home/u5521427/public_html/apolloapi/vendor/laravel/lumen-framework/src/Concerns/RoutesRequests.php(165): Laravel\\Lumen\\Application->handleFoundRoute(Array)
#28 /home/u5521427/public_html/apolloapi/vendor/laravel/lumen-framework/src/Concerns/RoutesRequests.php(416): Laravel\\Lumen\\Application->Laravel\\Lumen\\Concerns\\{closure}(Object(Laravel\\Lumen\\Http\\Request))
#29 /home/u5521427/public_html/apolloapi/vendor/laravel/lumen-framework/src/Concerns/RoutesRequests.php(171): Laravel\\Lumen\\Application->sendThroughPipeline(Array, Object(Closure))
#30 /home/u5521427/public_html/apolloapi/vendor/laravel/lumen-framework/src/Concerns/RoutesRequests.php(108): Laravel\\Lumen\\Application->dispatch(NULL)
#31 /home/u5521427/public_html/apolloapi/public/index.php(28): Laravel\\Lumen\\Application->run()
#32 /home/u5521427/public_html/apolloapi/index.php(22): require_once('/home/u5521427/...')
#33 {main}
"} 
[2024-06-21 16:34:14] staging.ERROR: PDOException: SQLSTATE[42S02]: Base table or view not found: 1146 Table 'u5521427_indotherapy.MasterOutlet' doesn't exist in /home/u5521427/public_html/apolloapi/vendor/illuminate/database/Connection.php:326
Stack trace:
#0 /home/u5521427/public_html/apolloapi/vendor/illuminate/database/Connection.php(326): PDO->prepare('select * from `...')
#1 /home/u5521427/public_html/apolloapi/vendor/illuminate/database/Connection.php(657): Illuminate\Database\Connection->Illuminate\Database\{closure}('select * from `...', Array)
#2 /home/u5521427/public_html/apolloapi/vendor/illuminate/database/Connection.php(624): Illuminate\Database\Connection->runQueryCallback('select * from `...', Array, Object(Closure))
#3 /home/u5521427/public_html/apolloapi/vendor/illuminate/database/Connection.php(333): Illuminate\Database\Connection->run('select * from `...', Array, Object(Closure))
#4 /home/u5521427/public_html/apolloapi/vendor/illuminate/database/Query/Builder.php(2130): Illuminate\Database\Connection->select('select * from `...', Array, true)
#5 /home/u5521427/public_html/apolloapi/vendor/illuminate/database/Query/Builder.php(2118): Illuminate\Database\Query\Builder->runSelect()
#6 /home/u5521427/public_html/apolloapi/vendor/illuminate/database/Query/Builder.php(2604): Illuminate\Database\Query\Builder->Illuminate\Database\Query\{closure}()
#7 /home/u5521427/public_html/apolloapi/vendor/illuminate/database/Query/Builder.php(2119): Illuminate\Database\Query\Builder->onceWithColumns(Array, Object(Closure))
#8 /home/u5521427/public_html/apolloapi/vendor/illuminate/database/Eloquent/Builder.php(521): Illuminate\Database\Query\Builder->get(Array)
#9 /home/u5521427/public_html/apolloapi/vendor/illuminate/database/Eloquent/Builder.php(505): Illuminate\Database\Eloquent\Builder->getModels(Array)
#10 /home/u5521427/public_html/apolloapi/vendor/illuminate/database/Concerns/BuildsQueries.php(77): Illuminate\Database\Eloquent\Builder->get(Array)
#11 /home/u5521427/public_html/apolloapi/app/Http/Controllers/TransactionController.php(212): Illuminate\Database\Eloquent\Builder->first()
#12 [internal function]: App\Http\Controllers\TransactionController->insert_transaction(Object(Laravel\Lumen\Http\Request))
#13 /home/u5521427/public_html/apolloapi/vendor/illuminate/container/BoundMethod.php(32): call_user_func_array(Array, Array)
#14 /home/u5521427/public_html/apolloapi/vendor/illuminate/container/BoundMethod.php(90): Illuminate\Container\BoundMethod::Illuminate\Container\{closure}()
#15 /home/u5521427/public_html/apolloapi/vendor/illuminate/container/BoundMethod.php(34): Illuminate\Container\BoundMethod::callBoundMethod(Object(Laravel\Lumen\Application), Array, Object(Closure))
#16 /home/u5521427/public_html/apolloapi/vendor/illuminate/container/Container.php(576): Illuminate\Container\BoundMethod::call(Object(Laravel\Lumen\Application), Array, Array, NULL)
#17 /home/u5521427/public_html/apolloapi/vendor/laravel/lumen-framework/src/Concerns/RoutesRequests.php(376): Illuminate\Container\Container->call(Array, Array)
#18 /home/u5521427/public_html/apolloapi/vendor/laravel/lumen-framework/src/Concerns/RoutesRequests.php(342): Laravel\Lumen\Application->callControllerCallable(Array, Array)
#19 /home/u5521427/public_html/apolloapi/vendor/laravel/lumen-framework/src/Concerns/RoutesRequests.php(316): Laravel\Lumen\Application->callLumenController(Object(App\Http\Controllers\TransactionController), 'insert_transact...', Array)
#20 /home/u5521427/public_html/apolloapi/vendor/laravel/lumen-framework/src/Concerns/RoutesRequests.php(278): Laravel\Lumen\Application->callControllerAction(Array)
#21 /home/u5521427/public_html/apolloapi/vendor/laravel/lumen-framework/src/Concerns/RoutesRequests.php(258): Laravel\Lumen\Application->callActionOnArrayBasedRoute(Array)
#22 [internal function]: Laravel\Lumen\Application->Laravel\Lumen\Concerns\{closure}(Object(Laravel\Lumen\Http\Request))
#23 /home/u5521427/public_html/apolloapi/vendor/laravel/lumen-framework/src/Routing/Pipeline.php(52): call_user_func(Object(Closure), Object(Laravel\Lumen\Http\Request))
#24 /home/u5521427/public_html/apolloapi/app/Http/Middleware/Authenticate.php(65): Laravel\Lumen\Routing\Pipeline->Laravel\Lumen\Routing\{closure}(Object(Laravel\Lumen\Http\Request))
#25 /home/u5521427/public_html/apolloapi/vendor/illuminate/pipeline/Pipeline.php(163): App\Http\Middleware\Authenticate->handle(Object(Laravel\Lumen\Http\Request), Object(Closure))
#26 [internal function]: Illuminate\Pipeline\Pipeline->Illuminate\Pipeline\{closure}(Object(Laravel\Lumen\Http\Request))
#27 /home/u5521427/public_html/apolloapi/vendor/laravel/lumen-framework/src/Routing/Pipeline.php(32): call_user_func(Object(Closure), Object(Laravel\Lumen\Http\Request))
#28 /home/u5521427/public_html/apolloapi/vendor/illuminate/pipeline/Pipeline.php(104): Laravel\Lumen\Routing\Pipeline->Laravel\Lumen\Routing\{closure}(Object(Laravel\Lumen\Http\Request))
#29 /home/u5521427/public_html/apolloapi/vendor/laravel/lumen-framework/src/Concerns/RoutesRequests.php(413): Illuminate\Pipeline\Pipeline->then(Object(Closure))
#30 /home/u5521427/public_html/apolloapi/vendor/laravel/lumen-framework/src/Concerns/RoutesRequests.php(259): Laravel\Lumen\Application->sendThroughPipeline(Array, Object(Closure))
#31 /home/u5521427/public_html/apolloapi/vendor/laravel/lumen-framework/src/Concerns/RoutesRequests.php(165): Laravel\Lumen\Application->handleFoundRoute(Array)
#32 /home/u5521427/public_html/apolloapi/vendor/laravel/lumen-framework/src/Concerns/RoutesRequests.php(416): Laravel\Lumen\Application->Laravel\Lumen\Concerns\{closure}(Object(Laravel\Lumen\Http\Request))
#33 /home/u5521427/public_html/apolloapi/vendor/laravel/lumen-framework/src/Concerns/RoutesRequests.php(171): Laravel\Lumen\Application->sendThroughPipeline(Array, Object(Closure))
#34 /home/u5521427/public_html/apolloapi/vendor/laravel/lumen-framework/src/Concerns/RoutesRequests.php(108): Laravel\Lumen\Application->dispatch(NULL)
#35 /home/u5521427/public_html/apolloapi/public/index.php(28): Laravel\Lumen\Application->run()
#36 /home/u5521427/public_html/apolloapi/index.php(22): require_once('/home/u5521427/...')
#37 {main}

Next Illuminate\Database\QueryException: SQLSTATE[42S02]: Base table or view not found: 1146 Table 'u5521427_indotherapy.MasterOutlet' doesn't exist (SQL: select * from `MasterOutlet` where `StoreID` = 2 limit 1) in /home/u5521427/public_html/apolloapi/vendor/illuminate/database/Connection.php:664
Stack trace:
#0 /home/u5521427/public_html/apolloapi/vendor/illuminate/database/Connection.php(624): Illuminate\Database\Connection->runQueryCallback('select * from `...', Array, Object(Closure))
#1 /home/u5521427/public_html/apolloapi/vendor/illuminate/database/Connection.php(333): Illuminate\Database\Connection->run('select * from `...', Array, Object(Closure))
#2 /home/u5521427/public_html/apolloapi/vendor/illuminate/database/Query/Builder.php(2130): Illuminate\Database\Connection->select('select * from `...', Array, true)
#3 /home/u5521427/public_html/apolloapi/vendor/illuminate/database/Query/Builder.php(2118): Illuminate\Database\Query\Builder->runSelect()
#4 /home/u5521427/public_html/apolloapi/vendor/illuminate/database/Query/Builder.php(2604): Illuminate\Database\Query\Builder->Illuminate\Database\Query\{closure}()
#5 /home/u5521427/public_html/apolloapi/vendor/illuminate/database/Query/Builder.php(2119): Illuminate\Database\Query\Builder->onceWithColumns(Array, Object(Closure))
#6 /home/u5521427/public_html/apolloapi/vendor/illuminate/database/Eloquent/Builder.php(521): Illuminate\Database\Query\Builder->get(Array)
#7 /home/u5521427/public_html/apolloapi/vendor/illuminate/database/Eloquent/Builder.php(505): Illuminate\Database\Eloquent\Builder->getModels(Array)
#8 /home/u5521427/public_html/apolloapi/vendor/illuminate/database/Concerns/BuildsQueries.php(77): Illuminate\Database\Eloquent\Builder->get(Array)
#9 /home/u5521427/public_html/apolloapi/app/Http/Controllers/TransactionController.php(212): Illuminate\Database\Eloquent\Builder->first()
#10 [internal function]: App\Http\Controllers\TransactionController->insert_transaction(Object(Laravel\Lumen\Http\Request))
#11 /home/u5521427/public_html/apolloapi/vendor/illuminate/container/BoundMethod.php(32): call_user_func_array(Array, Array)
#12 /home/u5521427/public_html/apolloapi/vendor/illuminate/container/BoundMethod.php(90): Illuminate\Container\BoundMethod::Illuminate\Container\{closure}()
#13 /home/u5521427/public_html/apolloapi/vendor/illuminate/container/BoundMethod.php(34): Illuminate\Container\BoundMethod::callBoundMethod(Object(Laravel\Lumen\Application), Array, Object(Closure))
#14 /home/u5521427/public_html/apolloapi/vendor/illuminate/container/Container.php(576): Illuminate\Container\BoundMethod::call(Object(Laravel\Lumen\Application), Array, Array, NULL)
#15 /home/u5521427/public_html/apolloapi/vendor/laravel/lumen-framework/src/Concerns/RoutesRequests.php(376): Illuminate\Container\Container->call(Array, Array)
#16 /home/u5521427/public_html/apolloapi/vendor/laravel/lumen-framework/src/Concerns/RoutesRequests.php(342): Laravel\Lumen\Application->callControllerCallable(Array, Array)
#17 /home/u5521427/public_html/apolloapi/vendor/laravel/lumen-framework/src/Concerns/RoutesRequests.php(316): Laravel\Lumen\Application->callLumenController(Object(App\Http\Controllers\TransactionController), 'insert_transact...', Array)
#18 /home/u5521427/public_html/apolloapi/vendor/laravel/lumen-framework/src/Concerns/RoutesRequests.php(278): Laravel\Lumen\Application->callControllerAction(Array)
#19 /home/u5521427/public_html/apolloapi/vendor/laravel/lumen-framework/src/Concerns/RoutesRequests.php(258): Laravel\Lumen\Application->callActionOnArrayBasedRoute(Array)
#20 [internal function]: Laravel\Lumen\Application->Laravel\Lumen\Concerns\{closure}(Object(Laravel\Lumen\Http\Request))
#21 /home/u5521427/public_html/apolloapi/vendor/laravel/lumen-framework/src/Routing/Pipeline.php(52): call_user_func(Object(Closure), Object(Laravel\Lumen\Http\Request))
#22 /home/u5521427/public_html/apolloapi/app/Http/Middleware/Authenticate.php(65): Laravel\Lumen\Routing\Pipeline->Laravel\Lumen\Routing\{closure}(Object(Laravel\Lumen\Http\Request))
#23 /home/u5521427/public_html/apolloapi/vendor/illuminate/pipeline/Pipeline.php(163): App\Http\Middleware\Authenticate->handle(Object(Laravel\Lumen\Http\Request), Object(Closure))
#24 [internal function]: Illuminate\Pipeline\Pipeline->Illuminate\Pipeline\{closure}(Object(Laravel\Lumen\Http\Request))
#25 /home/u5521427/public_html/apolloapi/vendor/laravel/lumen-framework/src/Routing/Pipeline.php(32): call_user_func(Object(Closure), Object(Laravel\Lumen\Http\Request))
#26 /home/u5521427/public_html/apolloapi/vendor/illuminate/pipeline/Pipeline.php(104): Laravel\Lumen\Routing\Pipeline->Laravel\Lumen\Routing\{closure}(Object(Laravel\Lumen\Http\Request))
#27 /home/u5521427/public_html/apolloapi/vendor/laravel/lumen-framework/src/Concerns/RoutesRequests.php(413): Illuminate\Pipeline\Pipeline->then(Object(Closure))
#28 /home/u5521427/public_html/apolloapi/vendor/laravel/lumen-framework/src/Concerns/RoutesRequests.php(259): Laravel\Lumen\Application->sendThroughPipeline(Array, Object(Closure))
#29 /home/u5521427/public_html/apolloapi/vendor/laravel/lumen-framework/src/Concerns/RoutesRequests.php(165): Laravel\Lumen\Application->handleFoundRoute(Array)
#30 /home/u5521427/public_html/apolloapi/vendor/laravel/lumen-framework/src/Concerns/RoutesRequests.php(416): Laravel\Lumen\Application->Laravel\Lumen\Concerns\{closure}(Object(Laravel\Lumen\Http\Request))
#31 /home/u5521427/public_html/apolloapi/vendor/laravel/lumen-framework/src/Concerns/RoutesRequests.php(171): Laravel\Lumen\Application->sendThroughPipeline(Array, Object(Closure))
#32 /home/u5521427/public_html/apolloapi/vendor/laravel/lumen-framework/src/Concerns/RoutesRequests.php(108): Laravel\Lumen\Application->dispatch(NULL)
#33 /home/u5521427/public_html/apolloapi/public/index.php(28): Laravel\Lumen\Application->run()
#34 /home/u5521427/public_html/apolloapi/index.php(22): require_once('/home/u5521427/...')
#35 {main} {"exception":"[object] (Illuminate\\Database\\QueryException(code: 42S02): SQLSTATE[42S02]: Base table or view not found: 1146 Table 'u5521427_indotherapy.MasterOutlet' doesn't exist (SQL: select * from `MasterOutlet` where `StoreID` = 2 limit 1) at /home/u5521427/public_html/apolloapi/vendor/illuminate/database/Connection.php:664, PDOException(code: 42S02): SQLSTATE[42S02]: Base table or view not found: 1146 Table 'u5521427_indotherapy.MasterOutlet' doesn't exist at /home/u5521427/public_html/apolloapi/vendor/illuminate/database/Connection.php:326)
[stacktrace]
#0 /home/u5521427/public_html/apolloapi/vendor/illuminate/database/Connection.php(624): Illuminate\\Database\\Connection->runQueryCallback('select * from `...', Array, Object(Closure))
#1 /home/u5521427/public_html/apolloapi/vendor/illuminate/database/Connection.php(333): Illuminate\\Database\\Connection->run('select * from `...', Array, Object(Closure))
#2 /home/u5521427/public_html/apolloapi/vendor/illuminate/database/Query/Builder.php(2130): Illuminate\\Database\\Connection->select('select * from `...', Array, true)
#3 /home/u5521427/public_html/apolloapi/vendor/illuminate/database/Query/Builder.php(2118): Illuminate\\Database\\Query\\Builder->runSelect()
#4 /home/u5521427/public_html/apolloapi/vendor/illuminate/database/Query/Builder.php(2604): Illuminate\\Database\\Query\\Builder->Illuminate\\Database\\Query\\{closure}()
#5 /home/u5521427/public_html/apolloapi/vendor/illuminate/database/Query/Builder.php(2119): Illuminate\\Database\\Query\\Builder->onceWithColumns(Array, Object(Closure))
#6 /home/u5521427/public_html/apolloapi/vendor/illuminate/database/Eloquent/Builder.php(521): Illuminate\\Database\\Query\\Builder->get(Array)
#7 /home/u5521427/public_html/apolloapi/vendor/illuminate/database/Eloquent/Builder.php(505): Illuminate\\Database\\Eloquent\\Builder->getModels(Array)
#8 /home/u5521427/public_html/apolloapi/vendor/illuminate/database/Concerns/BuildsQueries.php(77): Illuminate\\Database\\Eloquent\\Builder->get(Array)
#9 /home/u5521427/public_html/apolloapi/app/Http/Controllers/TransactionController.php(212): Illuminate\\Database\\Eloquent\\Builder->first()
#10 [internal function]: App\\Http\\Controllers\\TransactionController->insert_transaction(Object(Laravel\\Lumen\\Http\\Request))
#11 /home/u5521427/public_html/apolloapi/vendor/illuminate/container/BoundMethod.php(32): call_user_func_array(Array, Array)
#12 /home/u5521427/public_html/apolloapi/vendor/illuminate/container/BoundMethod.php(90): Illuminate\\Container\\BoundMethod::Illuminate\\Container\\{closure}()
#13 /home/u5521427/public_html/apolloapi/vendor/illuminate/container/BoundMethod.php(34): Illuminate\\Container\\BoundMethod::callBoundMethod(Object(Laravel\\Lumen\\Application), Array, Object(Closure))
#14 /home/u5521427/public_html/apolloapi/vendor/illuminate/container/Container.php(576): Illuminate\\Container\\BoundMethod::call(Object(Laravel\\Lumen\\Application), Array, Array, NULL)
#15 /home/u5521427/public_html/apolloapi/vendor/laravel/lumen-framework/src/Concerns/RoutesRequests.php(376): Illuminate\\Container\\Container->call(Array, Array)
#16 /home/u5521427/public_html/apolloapi/vendor/laravel/lumen-framework/src/Concerns/RoutesRequests.php(342): Laravel\\Lumen\\Application->callControllerCallable(Array, Array)
#17 /home/u5521427/public_html/apolloapi/vendor/laravel/lumen-framework/src/Concerns/RoutesRequests.php(316): Laravel\\Lumen\\Application->callLumenController(Object(App\\Http\\Controllers\\TransactionController), 'insert_transact...', Array)
#18 /home/u5521427/public_html/apolloapi/vendor/laravel/lumen-framework/src/Concerns/RoutesRequests.php(278): Laravel\\Lumen\\Application->callControllerAction(Array)
#19 /home/u5521427/public_html/apolloapi/vendor/laravel/lumen-framework/src/Concerns/RoutesRequests.php(258): Laravel\\Lumen\\Application->callActionOnArrayBasedRoute(Array)
#20 [internal function]: Laravel\\Lumen\\Application->Laravel\\Lumen\\Concerns\\{closure}(Object(Laravel\\Lumen\\Http\\Request))
#21 /home/u5521427/public_html/apolloapi/vendor/laravel/lumen-framework/src/Routing/Pipeline.php(52): call_user_func(Object(Closure), Object(Laravel\\Lumen\\Http\\Request))
#22 /home/u5521427/public_html/apolloapi/app/Http/Middleware/Authenticate.php(65): Laravel\\Lumen\\Routing\\Pipeline->Laravel\\Lumen\\Routing\\{closure}(Object(Laravel\\Lumen\\Http\\Request))
#23 /home/u5521427/public_html/apolloapi/vendor/illuminate/pipeline/Pipeline.php(163): App\\Http\\Middleware\\Authenticate->handle(Object(Laravel\\Lumen\\Http\\Request), Object(Closure))
#24 [internal function]: Illuminate\\Pipeline\\Pipeline->Illuminate\\Pipeline\\{closure}(Object(Laravel\\Lumen\\Http\\Request))
#25 /home/u5521427/public_html/apolloapi/vendor/laravel/lumen-framework/src/Routing/Pipeline.php(32): call_user_func(Object(Closure), Object(Laravel\\Lumen\\Http\\Request))
#26 /home/u5521427/public_html/apolloapi/vendor/illuminate/pipeline/Pipeline.php(104): Laravel\\Lumen\\Routing\\Pipeline->Laravel\\Lumen\\Routing\\{closure}(Object(Laravel\\Lumen\\Http\\Request))
#27 /home/u5521427/public_html/apolloapi/vendor/laravel/lumen-framework/src/Concerns/RoutesRequests.php(413): Illuminate\\Pipeline\\Pipeline->then(Object(Closure))
#28 /home/u5521427/public_html/apolloapi/vendor/laravel/lumen-framework/src/Concerns/RoutesRequests.php(259): Laravel\\Lumen\\Application->sendThroughPipeline(Array, Object(Closure))
#29 /home/u5521427/public_html/apolloapi/vendor/laravel/lumen-framework/src/Concerns/RoutesRequests.php(165): Laravel\\Lumen\\Application->handleFoundRoute(Array)
#30 /home/u5521427/public_html/apolloapi/vendor/laravel/lumen-framework/src/Concerns/RoutesRequests.php(416): Laravel\\Lumen\\Application->Laravel\\Lumen\\Concerns\\{closure}(Object(Laravel\\Lumen\\Http\\Request))
#31 /home/u5521427/public_html/apolloapi/vendor/laravel/lumen-framework/src/Concerns/RoutesRequests.php(171): Laravel\\Lumen\\Application->sendThroughPipeline(Array, Object(Closure))
#32 /home/u5521427/public_html/apolloapi/vendor/laravel/lumen-framework/src/Concerns/RoutesRequests.php(108): Laravel\\Lumen\\Application->dispatch(NULL)
#33 /home/u5521427/public_html/apolloapi/public/index.php(28): Laravel\\Lumen\\Application->run()
#34 /home/u5521427/public_html/apolloapi/index.php(22): require_once('/home/u5521427/...')
#35 {main}
"} 
