[2024-06-24 17:32:36] staging.ERROR: PDOException: SQLSTATE[HY000] [1045] Access denied for user 'u5521427_whitedev'@'localhost' (using password: YES) in /home/u5521427/public_html/apiv1-wn/vendor/illuminate/database/Connectors/Connector.php:70
Stack trace:
#0 /home/u5521427/public_html/apiv1-wn/vendor/illuminate/database/Connectors/Connector.php(70): PDO->__construct('mysql:host=loca...', 'u5521427_whited...', 'CGGAPPAdmin02!', Array)
#1 /home/u5521427/public_html/apiv1-wn/vendor/illuminate/database/Connectors/Connector.php(46): Illuminate\Database\Connectors\Connector->createPdoConnection('mysql:host=loca...', 'u5521427_whited...', 'CGGAPPAdmin02!', Array)
#2 /home/u5521427/public_html/apiv1-wn/vendor/illuminate/database/Connectors/MySqlConnector.php(24): Illuminate\Database\Connectors\Connector->createConnection('mysql:host=loca...', Array, Array)
#3 /home/u5521427/public_html/apiv1-wn/vendor/illuminate/database/Connectors/ConnectionFactory.php(182): Illuminate\Database\Connectors\MySqlConnector->connect(Array)
#4 [internal function]: Illuminate\Database\Connectors\ConnectionFactory->Illuminate\Database\Connectors\{closure}()
#5 /home/u5521427/public_html/apiv1-wn/vendor/illuminate/database/Connection.php(919): call_user_func(Object(Closure))
#6 /home/u5521427/public_html/apiv1-wn/vendor/illuminate/database/Connection.php(944): Illuminate\Database\Connection->getPdo()
#7 /home/u5521427/public_html/apiv1-wn/vendor/illuminate/database/Connection.php(399): Illuminate\Database\Connection->getReadPdo()
#8 /home/u5521427/public_html/apiv1-wn/vendor/illuminate/database/Connection.php(325): Illuminate\Database\Connection->getPdoForSelect(true)
#9 /home/u5521427/public_html/apiv1-wn/vendor/illuminate/database/Connection.php(657): Illuminate\Database\Connection->Illuminate\Database\{closure}('select * from `...', Array)
#10 /home/u5521427/public_html/apiv1-wn/vendor/illuminate/database/Connection.php(624): Illuminate\Database\Connection->runQueryCallback('select * from `...', Array, Object(Closure))
#11 /home/u5521427/public_html/apiv1-wn/vendor/illuminate/database/Connection.php(333): Illuminate\Database\Connection->run('select * from `...', Array, Object(Closure))
#12 /home/u5521427/public_html/apiv1-wn/vendor/illuminate/database/Query/Builder.php(2130): Illuminate\Database\Connection->select('select * from `...', Array, true)
#13 /home/u5521427/public_html/apiv1-wn/vendor/illuminate/database/Query/Builder.php(2118): Illuminate\Database\Query\Builder->runSelect()
#14 /home/u5521427/public_html/apiv1-wn/vendor/illuminate/database/Query/Builder.php(2604): Illuminate\Database\Query\Builder->Illuminate\Database\Query\{closure}()
#15 /home/u5521427/public_html/apiv1-wn/vendor/illuminate/database/Query/Builder.php(2119): Illuminate\Database\Query\Builder->onceWithColumns(Array, Object(Closure))
#16 /home/u5521427/public_html/apiv1-wn/vendor/illuminate/database/Eloquent/Builder.php(521): Illuminate\Database\Query\Builder->get(Array)
#17 /home/u5521427/public_html/apiv1-wn/vendor/illuminate/database/Eloquent/Builder.php(505): Illuminate\Database\Eloquent\Builder->getModels(Array)
#18 /home/u5521427/public_html/apiv1-wn/vendor/illuminate/database/Concerns/BuildsQueries.php(77): Illuminate\Database\Eloquent\Builder->get(Array)
#19 /home/u5521427/public_html/apiv1-wn/app/Http/Controllers/AuthController.php(35): Illuminate\Database\Eloquent\Builder->first()
#20 [internal function]: App\Http\Controllers\AuthController->login(Object(Laravel\Lumen\Http\Request))
#21 /home/u5521427/public_html/apiv1-wn/vendor/illuminate/container/BoundMethod.php(32): call_user_func_array(Array, Array)
#22 /home/u5521427/public_html/apiv1-wn/vendor/illuminate/container/BoundMethod.php(90): Illuminate\Container\BoundMethod::Illuminate\Container\{closure}()
#23 /home/u5521427/public_html/apiv1-wn/vendor/illuminate/container/BoundMethod.php(34): Illuminate\Container\BoundMethod::callBoundMethod(Object(Laravel\Lumen\Application), Array, Object(Closure))
#24 /home/u5521427/public_html/apiv1-wn/vendor/illuminate/container/Container.php(576): Illuminate\Container\BoundMethod::call(Object(Laravel\Lumen\Application), Array, Array, NULL)
#25 /home/u5521427/public_html/apiv1-wn/vendor/laravel/lumen-framework/src/Concerns/RoutesRequests.php(376): Illuminate\Container\Container->call(Array, Array)
#26 /home/u5521427/public_html/apiv1-wn/vendor/laravel/lumen-framework/src/Concerns/RoutesRequests.php(342): Laravel\Lumen\Application->callControllerCallable(Array, Array)
#27 /home/u5521427/public_html/apiv1-wn/vendor/laravel/lumen-framework/src/Concerns/RoutesRequests.php(316): Laravel\Lumen\Application->callLumenController(Object(App\Http\Controllers\AuthController), 'login', Array)
#28 /home/u5521427/public_html/apiv1-wn/vendor/laravel/lumen-framework/src/Concerns/RoutesRequests.php(278): Laravel\Lumen\Application->callControllerAction(Array)
#29 /home/u5521427/public_html/apiv1-wn/vendor/laravel/lumen-framework/src/Concerns/RoutesRequests.php(263): Laravel\Lumen\Application->callActionOnArrayBasedRoute(Array)
#30 /home/u5521427/public_html/apiv1-wn/vendor/laravel/lumen-framework/src/Concerns/RoutesRequests.php(165): Laravel\Lumen\Application->handleFoundRoute(Array)
#31 /home/u5521427/public_html/apiv1-wn/vendor/laravel/lumen-framework/src/Concerns/RoutesRequests.php(416): Laravel\Lumen\Application->Laravel\Lumen\Concerns\{closure}(Object(Laravel\Lumen\Http\Request))
#32 /home/u5521427/public_html/apiv1-wn/vendor/laravel/lumen-framework/src/Concerns/RoutesRequests.php(171): Laravel\Lumen\Application->sendThroughPipeline(Array, Object(Closure))
#33 /home/u5521427/public_html/apiv1-wn/vendor/laravel/lumen-framework/src/Concerns/RoutesRequests.php(108): Laravel\Lumen\Application->dispatch(NULL)
#34 /home/u5521427/public_html/apiv1-wn/public/index.php(28): Laravel\Lumen\Application->run()
#35 /home/u5521427/public_html/apiv1-wn/index.php(22): require_once('/home/u5521427/...')
#36 {main}

Next Illuminate\Database\QueryException: SQLSTATE[HY000] [1045] Access denied for user 'u5521427_whitedev'@'localhost' (using password: YES) (SQL: select * from `Customer` where `Email` = playewithdanu@gmail.com limit 1) in /home/u5521427/public_html/apiv1-wn/vendor/illuminate/database/Connection.php:664
Stack trace:
#0 /home/u5521427/public_html/apiv1-wn/vendor/illuminate/database/Connection.php(624): Illuminate\Database\Connection->runQueryCallback('select * from `...', Array, Object(Closure))
#1 /home/u5521427/public_html/apiv1-wn/vendor/illuminate/database/Connection.php(333): Illuminate\Database\Connection->run('select * from `...', Array, Object(Closure))
#2 /home/u5521427/public_html/apiv1-wn/vendor/illuminate/database/Query/Builder.php(2130): Illuminate\Database\Connection->select('select * from `...', Array, true)
#3 /home/u5521427/public_html/apiv1-wn/vendor/illuminate/database/Query/Builder.php(2118): Illuminate\Database\Query\Builder->runSelect()
#4 /home/u5521427/public_html/apiv1-wn/vendor/illuminate/database/Query/Builder.php(2604): Illuminate\Database\Query\Builder->Illuminate\Database\Query\{closure}()
#5 /home/u5521427/public_html/apiv1-wn/vendor/illuminate/database/Query/Builder.php(2119): Illuminate\Database\Query\Builder->onceWithColumns(Array, Object(Closure))
#6 /home/u5521427/public_html/apiv1-wn/vendor/illuminate/database/Eloquent/Builder.php(521): Illuminate\Database\Query\Builder->get(Array)
#7 /home/u5521427/public_html/apiv1-wn/vendor/illuminate/database/Eloquent/Builder.php(505): Illuminate\Database\Eloquent\Builder->getModels(Array)
#8 /home/u5521427/public_html/apiv1-wn/vendor/illuminate/database/Concerns/BuildsQueries.php(77): Illuminate\Database\Eloquent\Builder->get(Array)
#9 /home/u5521427/public_html/apiv1-wn/app/Http/Controllers/AuthController.php(35): Illuminate\Database\Eloquent\Builder->first()
#10 [internal function]: App\Http\Controllers\AuthController->login(Object(Laravel\Lumen\Http\Request))
#11 /home/u5521427/public_html/apiv1-wn/vendor/illuminate/container/BoundMethod.php(32): call_user_func_array(Array, Array)
#12 /home/u5521427/public_html/apiv1-wn/vendor/illuminate/container/BoundMethod.php(90): Illuminate\Container\BoundMethod::Illuminate\Container\{closure}()
#13 /home/u5521427/public_html/apiv1-wn/vendor/illuminate/container/BoundMethod.php(34): Illuminate\Container\BoundMethod::callBoundMethod(Object(Laravel\Lumen\Application), Array, Object(Closure))
#14 /home/u5521427/public_html/apiv1-wn/vendor/illuminate/container/Container.php(576): Illuminate\Container\BoundMethod::call(Object(Laravel\Lumen\Application), Array, Array, NULL)
#15 /home/u5521427/public_html/apiv1-wn/vendor/laravel/lumen-framework/src/Concerns/RoutesRequests.php(376): Illuminate\Container\Container->call(Array, Array)
#16 /home/u5521427/public_html/apiv1-wn/vendor/laravel/lumen-framework/src/Concerns/RoutesRequests.php(342): Laravel\Lumen\Application->callControllerCallable(Array, Array)
#17 /home/u5521427/public_html/apiv1-wn/vendor/laravel/lumen-framework/src/Concerns/RoutesRequests.php(316): Laravel\Lumen\Application->callLumenController(Object(App\Http\Controllers\AuthController), 'login', Array)
#18 /home/u5521427/public_html/apiv1-wn/vendor/laravel/lumen-framework/src/Concerns/RoutesRequests.php(278): Laravel\Lumen\Application->callControllerAction(Array)
#19 /home/u5521427/public_html/apiv1-wn/vendor/laravel/lumen-framework/src/Concerns/RoutesRequests.php(263): Laravel\Lumen\Application->callActionOnArrayBasedRoute(Array)
#20 /home/u5521427/public_html/apiv1-wn/vendor/laravel/lumen-framework/src/Concerns/RoutesRequests.php(165): Laravel\Lumen\Application->handleFoundRoute(Array)
#21 /home/u5521427/public_html/apiv1-wn/vendor/laravel/lumen-framework/src/Concerns/RoutesRequests.php(416): Laravel\Lumen\Application->Laravel\Lumen\Concerns\{closure}(Object(Laravel\Lumen\Http\Request))
#22 /home/u5521427/public_html/apiv1-wn/vendor/laravel/lumen-framework/src/Concerns/RoutesRequests.php(171): Laravel\Lumen\Application->sendThroughPipeline(Array, Object(Closure))
#23 /home/u5521427/public_html/apiv1-wn/vendor/laravel/lumen-framework/src/Concerns/RoutesRequests.php(108): Laravel\Lumen\Application->dispatch(NULL)
#24 /home/u5521427/public_html/apiv1-wn/public/index.php(28): Laravel\Lumen\Application->run()
#25 /home/u5521427/public_html/apiv1-wn/index.php(22): require_once('/home/u5521427/...')
#26 {main} {"exception":"[object] (Illuminate\\Database\\QueryException(code: 1045): SQLSTATE[HY000] [1045] Access denied for user 'u5521427_whitedev'@'localhost' (using password: YES) (SQL: select * from `Customer` where `Email` = playewithdanu@gmail.com limit 1) at /home/u5521427/public_html/apiv1-wn/vendor/illuminate/database/Connection.php:664, PDOException(code: 1045): SQLSTATE[HY000] [1045] Access denied for user 'u5521427_whitedev'@'localhost' (using password: YES) at /home/u5521427/public_html/apiv1-wn/vendor/illuminate/database/Connectors/Connector.php:70)
[stacktrace]
#0 /home/u5521427/public_html/apiv1-wn/vendor/illuminate/database/Connection.php(624): Illuminate\\Database\\Connection->runQueryCallback('select * from `...', Array, Object(Closure))
#1 /home/u5521427/public_html/apiv1-wn/vendor/illuminate/database/Connection.php(333): Illuminate\\Database\\Connection->run('select * from `...', Array, Object(Closure))
#2 /home/u5521427/public_html/apiv1-wn/vendor/illuminate/database/Query/Builder.php(2130): Illuminate\\Database\\Connection->select('select * from `...', Array, true)
#3 /home/u5521427/public_html/apiv1-wn/vendor/illuminate/database/Query/Builder.php(2118): Illuminate\\Database\\Query\\Builder->runSelect()
#4 /home/u5521427/public_html/apiv1-wn/vendor/illuminate/database/Query/Builder.php(2604): Illuminate\\Database\\Query\\Builder->Illuminate\\Database\\Query\\{closure}()
#5 /home/u5521427/public_html/apiv1-wn/vendor/illuminate/database/Query/Builder.php(2119): Illuminate\\Database\\Query\\Builder->onceWithColumns(Array, Object(Closure))
#6 /home/u5521427/public_html/apiv1-wn/vendor/illuminate/database/Eloquent/Builder.php(521): Illuminate\\Database\\Query\\Builder->get(Array)
#7 /home/u5521427/public_html/apiv1-wn/vendor/illuminate/database/Eloquent/Builder.php(505): Illuminate\\Database\\Eloquent\\Builder->getModels(Array)
#8 /home/u5521427/public_html/apiv1-wn/vendor/illuminate/database/Concerns/BuildsQueries.php(77): Illuminate\\Database\\Eloquent\\Builder->get(Array)
#9 /home/u5521427/public_html/apiv1-wn/app/Http/Controllers/AuthController.php(35): Illuminate\\Database\\Eloquent\\Builder->first()
#10 [internal function]: App\\Http\\Controllers\\AuthController->login(Object(Laravel\\Lumen\\Http\\Request))
#11 /home/u5521427/public_html/apiv1-wn/vendor/illuminate/container/BoundMethod.php(32): call_user_func_array(Array, Array)
#12 /home/u5521427/public_html/apiv1-wn/vendor/illuminate/container/BoundMethod.php(90): Illuminate\\Container\\BoundMethod::Illuminate\\Container\\{closure}()
#13 /home/u5521427/public_html/apiv1-wn/vendor/illuminate/container/BoundMethod.php(34): Illuminate\\Container\\BoundMethod::callBoundMethod(Object(Laravel\\Lumen\\Application), Array, Object(Closure))
#14 /home/u5521427/public_html/apiv1-wn/vendor/illuminate/container/Container.php(576): Illuminate\\Container\\BoundMethod::call(Object(Laravel\\Lumen\\Application), Array, Array, NULL)
#15 /home/u5521427/public_html/apiv1-wn/vendor/laravel/lumen-framework/src/Concerns/RoutesRequests.php(376): Illuminate\\Container\\Container->call(Array, Array)
#16 /home/u5521427/public_html/apiv1-wn/vendor/laravel/lumen-framework/src/Concerns/RoutesRequests.php(342): Laravel\\Lumen\\Application->callControllerCallable(Array, Array)
#17 /home/u5521427/public_html/apiv1-wn/vendor/laravel/lumen-framework/src/Concerns/RoutesRequests.php(316): Laravel\\Lumen\\Application->callLumenController(Object(App\\Http\\Controllers\\AuthController), 'login', Array)
#18 /home/u5521427/public_html/apiv1-wn/vendor/laravel/lumen-framework/src/Concerns/RoutesRequests.php(278): Laravel\\Lumen\\Application->callControllerAction(Array)
#19 /home/u5521427/public_html/apiv1-wn/vendor/laravel/lumen-framework/src/Concerns/RoutesRequests.php(263): Laravel\\Lumen\\Application->callActionOnArrayBasedRoute(Array)
#20 /home/u5521427/public_html/apiv1-wn/vendor/laravel/lumen-framework/src/Concerns/RoutesRequests.php(165): Laravel\\Lumen\\Application->handleFoundRoute(Array)
#21 /home/u5521427/public_html/apiv1-wn/vendor/laravel/lumen-framework/src/Concerns/RoutesRequests.php(416): Laravel\\Lumen\\Application->Laravel\\Lumen\\Concerns\\{closure}(Object(Laravel\\Lumen\\Http\\Request))
#22 /home/u5521427/public_html/apiv1-wn/vendor/laravel/lumen-framework/src/Concerns/RoutesRequests.php(171): Laravel\\Lumen\\Application->sendThroughPipeline(Array, Object(Closure))
#23 /home/u5521427/public_html/apiv1-wn/vendor/laravel/lumen-framework/src/Concerns/RoutesRequests.php(108): Laravel\\Lumen\\Application->dispatch(NULL)
#24 /home/u5521427/public_html/apiv1-wn/public/index.php(28): Laravel\\Lumen\\Application->run()
#25 /home/u5521427/public_html/apiv1-wn/index.php(22): require_once('/home/u5521427/...')
#26 {main}
"} 
[2024-06-24 17:34:01] staging.ERROR: ErrorException: Creating default object from empty value in /home/u5521427/public_html/apiv1-wn/app/Http/Controllers/RegistrationController.php:265
Stack trace:
#0 /home/u5521427/public_html/apiv1-wn/app/Http/Controllers/RegistrationController.php(265): Laravel\Lumen\Application->Laravel\Lumen\Concerns\{closure}(2, 'Creating defaul...', '/home/u5521427/...', 265, Array)
#1 [internal function]: App\Http\Controllers\RegistrationController->create(Object(Laravel\Lumen\Http\Request))
#2 /home/u5521427/public_html/apiv1-wn/vendor/illuminate/container/BoundMethod.php(32): call_user_func_array(Array, Array)
#3 /home/u5521427/public_html/apiv1-wn/vendor/illuminate/container/BoundMethod.php(90): Illuminate\Container\BoundMethod::Illuminate\Container\{closure}()
#4 /home/u5521427/public_html/apiv1-wn/vendor/illuminate/container/BoundMethod.php(34): Illuminate\Container\BoundMethod::callBoundMethod(Object(Laravel\Lumen\Application), Array, Object(Closure))
#5 /home/u5521427/public_html/apiv1-wn/vendor/illuminate/container/Container.php(576): Illuminate\Container\BoundMethod::call(Object(Laravel\Lumen\Application), Array, Array, NULL)
#6 /home/u5521427/public_html/apiv1-wn/vendor/laravel/lumen-framework/src/Concerns/RoutesRequests.php(376): Illuminate\Container\Container->call(Array, Array)
#7 /home/u5521427/public_html/apiv1-wn/vendor/laravel/lumen-framework/src/Concerns/RoutesRequests.php(342): Laravel\Lumen\Application->callControllerCallable(Array, Array)
#8 /home/u5521427/public_html/apiv1-wn/vendor/laravel/lumen-framework/src/Concerns/RoutesRequests.php(316): Laravel\Lumen\Application->callLumenController(Object(App\Http\Controllers\RegistrationController), 'create', Array)
#9 /home/u5521427/public_html/apiv1-wn/vendor/laravel/lumen-framework/src/Concerns/RoutesRequests.php(278): Laravel\Lumen\Application->callControllerAction(Array)
#10 /home/u5521427/public_html/apiv1-wn/vendor/laravel/lumen-framework/src/Concerns/RoutesRequests.php(263): Laravel\Lumen\Application->callActionOnArrayBasedRoute(Array)
#11 /home/u5521427/public_html/apiv1-wn/vendor/laravel/lumen-framework/src/Concerns/RoutesRequests.php(165): Laravel\Lumen\Application->handleFoundRoute(Array)
#12 /home/u5521427/public_html/apiv1-wn/vendor/laravel/lumen-framework/src/Concerns/RoutesRequests.php(416): Laravel\Lumen\Application->Laravel\Lumen\Concerns\{closure}(Object(Laravel\Lumen\Http\Request))
#13 /home/u5521427/public_html/apiv1-wn/vendor/laravel/lumen-framework/src/Concerns/RoutesRequests.php(171): Laravel\Lumen\Application->sendThroughPipeline(Array, Object(Closure))
#14 /home/u5521427/public_html/apiv1-wn/vendor/laravel/lumen-framework/src/Concerns/RoutesRequests.php(108): Laravel\Lumen\Application->dispatch(NULL)
#15 /home/u5521427/public_html/apiv1-wn/public/index.php(28): Laravel\Lumen\Application->run()
#16 /home/u5521427/public_html/apiv1-wn/index.php(22): require_once('/home/u5521427/...')
#17 {main} {"exception":"[object] (ErrorException(code: 0): Creating default object from empty value at /home/u5521427/public_html/apiv1-wn/app/Http/Controllers/RegistrationController.php:265)
[stacktrace]
#0 /home/u5521427/public_html/apiv1-wn/app/Http/Controllers/RegistrationController.php(265): Laravel\\Lumen\\Application->Laravel\\Lumen\\Concerns\\{closure}(2, 'Creating defaul...', '/home/u5521427/...', 265, Array)
#1 [internal function]: App\\Http\\Controllers\\RegistrationController->create(Object(Laravel\\Lumen\\Http\\Request))
#2 /home/u5521427/public_html/apiv1-wn/vendor/illuminate/container/BoundMethod.php(32): call_user_func_array(Array, Array)
#3 /home/u5521427/public_html/apiv1-wn/vendor/illuminate/container/BoundMethod.php(90): Illuminate\\Container\\BoundMethod::Illuminate\\Container\\{closure}()
#4 /home/u5521427/public_html/apiv1-wn/vendor/illuminate/container/BoundMethod.php(34): Illuminate\\Container\\BoundMethod::callBoundMethod(Object(Laravel\\Lumen\\Application), Array, Object(Closure))
#5 /home/u5521427/public_html/apiv1-wn/vendor/illuminate/container/Container.php(576): Illuminate\\Container\\BoundMethod::call(Object(Laravel\\Lumen\\Application), Array, Array, NULL)
#6 /home/u5521427/public_html/apiv1-wn/vendor/laravel/lumen-framework/src/Concerns/RoutesRequests.php(376): Illuminate\\Container\\Container->call(Array, Array)
#7 /home/u5521427/public_html/apiv1-wn/vendor/laravel/lumen-framework/src/Concerns/RoutesRequests.php(342): Laravel\\Lumen\\Application->callControllerCallable(Array, Array)
#8 /home/u5521427/public_html/apiv1-wn/vendor/laravel/lumen-framework/src/Concerns/RoutesRequests.php(316): Laravel\\Lumen\\Application->callLumenController(Object(App\\Http\\Controllers\\RegistrationController), 'create', Array)
#9 /home/u5521427/public_html/apiv1-wn/vendor/laravel/lumen-framework/src/Concerns/RoutesRequests.php(278): Laravel\\Lumen\\Application->callControllerAction(Array)
#10 /home/u5521427/public_html/apiv1-wn/vendor/laravel/lumen-framework/src/Concerns/RoutesRequests.php(263): Laravel\\Lumen\\Application->callActionOnArrayBasedRoute(Array)
#11 /home/u5521427/public_html/apiv1-wn/vendor/laravel/lumen-framework/src/Concerns/RoutesRequests.php(165): Laravel\\Lumen\\Application->handleFoundRoute(Array)
#12 /home/u5521427/public_html/apiv1-wn/vendor/laravel/lumen-framework/src/Concerns/RoutesRequests.php(416): Laravel\\Lumen\\Application->Laravel\\Lumen\\Concerns\\{closure}(Object(Laravel\\Lumen\\Http\\Request))
#13 /home/u5521427/public_html/apiv1-wn/vendor/laravel/lumen-framework/src/Concerns/RoutesRequests.php(171): Laravel\\Lumen\\Application->sendThroughPipeline(Array, Object(Closure))
#14 /home/u5521427/public_html/apiv1-wn/vendor/laravel/lumen-framework/src/Concerns/RoutesRequests.php(108): Laravel\\Lumen\\Application->dispatch(NULL)
#15 /home/u5521427/public_html/apiv1-wn/public/index.php(28): Laravel\\Lumen\\Application->run()
#16 /home/u5521427/public_html/apiv1-wn/index.php(22): require_once('/home/u5521427/...')
#17 {main}
"} 
[2024-06-24 21:24:45] staging.ERROR: ErrorException: Undefined variable: resultProduct in /home/u5521427/public_html/apiv1-wn/app/Http/Controllers/NewsController.php:94
Stack trace:
#0 /home/u5521427/public_html/apiv1-wn/app/Http/Controllers/NewsController.php(94): Laravel\Lumen\Application->Laravel\Lumen\Concerns\{closure}(8, 'Undefined varia...', '/home/u5521427/...', 94, Array)
#1 [internal function]: App\Http\Controllers\NewsController->get_cust('1')
#2 /home/u5521427/public_html/apiv1-wn/vendor/illuminate/container/BoundMethod.php(32): call_user_func_array(Array, Array)
#3 /home/u5521427/public_html/apiv1-wn/vendor/illuminate/container/BoundMethod.php(90): Illuminate\Container\BoundMethod::Illuminate\Container\{closure}()
#4 /home/u5521427/public_html/apiv1-wn/vendor/illuminate/container/BoundMethod.php(34): Illuminate\Container\BoundMethod::callBoundMethod(Object(Laravel\Lumen\Application), Array, Object(Closure))
#5 /home/u5521427/public_html/apiv1-wn/vendor/illuminate/container/Container.php(576): Illuminate\Container\BoundMethod::call(Object(Laravel\Lumen\Application), Array, Array, NULL)
#6 /home/u5521427/public_html/apiv1-wn/vendor/laravel/lumen-framework/src/Concerns/RoutesRequests.php(376): Illuminate\Container\Container->call(Array, Array)
#7 /home/u5521427/public_html/apiv1-wn/vendor/laravel/lumen-framework/src/Concerns/RoutesRequests.php(342): Laravel\Lumen\Application->callControllerCallable(Array, Array)
#8 /home/u5521427/public_html/apiv1-wn/vendor/laravel/lumen-framework/src/Concerns/RoutesRequests.php(316): Laravel\Lumen\Application->callLumenController(Object(App\Http\Controllers\NewsController), 'get_cust', Array)
#9 /home/u5521427/public_html/apiv1-wn/vendor/laravel/lumen-framework/src/Concerns/RoutesRequests.php(278): Laravel\Lumen\Application->callControllerAction(Array)
#10 /home/u5521427/public_html/apiv1-wn/vendor/laravel/lumen-framework/src/Concerns/RoutesRequests.php(258): Laravel\Lumen\Application->callActionOnArrayBasedRoute(Array)
#11 [internal function]: Laravel\Lumen\Application->Laravel\Lumen\Concerns\{closure}(Object(Laravel\Lumen\Http\Request))
#12 /home/u5521427/public_html/apiv1-wn/vendor/laravel/lumen-framework/src/Routing/Pipeline.php(52): call_user_func(Object(Closure), Object(Laravel\Lumen\Http\Request))
#13 /home/u5521427/public_html/apiv1-wn/app/Http/Middleware/Authenticate.php(65): Laravel\Lumen\Routing\Pipeline->Laravel\Lumen\Routing\{closure}(Object(Laravel\Lumen\Http\Request))
#14 /home/u5521427/public_html/apiv1-wn/vendor/illuminate/pipeline/Pipeline.php(163): App\Http\Middleware\Authenticate->handle(Object(Laravel\Lumen\Http\Request), Object(Closure))
#15 [internal function]: Illuminate\Pipeline\Pipeline->Illuminate\Pipeline\{closure}(Object(Laravel\Lumen\Http\Request))
#16 /home/u5521427/public_html/apiv1-wn/vendor/laravel/lumen-framework/src/Routing/Pipeline.php(32): call_user_func(Object(Closure), Object(Laravel\Lumen\Http\Request))
#17 /home/u5521427/public_html/apiv1-wn/vendor/illuminate/pipeline/Pipeline.php(104): Laravel\Lumen\Routing\Pipeline->Laravel\Lumen\Routing\{closure}(Object(Laravel\Lumen\Http\Request))
#18 /home/u5521427/public_html/apiv1-wn/vendor/laravel/lumen-framework/src/Concerns/RoutesRequests.php(413): Illuminate\Pipeline\Pipeline->then(Object(Closure))
#19 /home/u5521427/public_html/apiv1-wn/vendor/laravel/lumen-framework/src/Concerns/RoutesRequests.php(259): Laravel\Lumen\Application->sendThroughPipeline(Array, Object(Closure))
#20 /home/u5521427/public_html/apiv1-wn/vendor/laravel/lumen-framework/src/Concerns/RoutesRequests.php(233): Laravel\Lumen\Application->handleFoundRoute(Array)
#21 /home/u5521427/public_html/apiv1-wn/vendor/laravel/lumen-framework/src/Concerns/RoutesRequests.php(169): Laravel\Lumen\Application->handleDispatcherResponse(Array)
#22 /home/u5521427/public_html/apiv1-wn/vendor/laravel/lumen-framework/src/Concerns/RoutesRequests.php(416): Laravel\Lumen\Application->Laravel\Lumen\Concerns\{closure}(Object(Laravel\Lumen\Http\Request))
#23 /home/u5521427/public_html/apiv1-wn/vendor/laravel/lumen-framework/src/Concerns/RoutesRequests.php(171): Laravel\Lumen\Application->sendThroughPipeline(Array, Object(Closure))
#24 /home/u5521427/public_html/apiv1-wn/vendor/laravel/lumen-framework/src/Concerns/RoutesRequests.php(108): Laravel\Lumen\Application->dispatch(NULL)
#25 /home/u5521427/public_html/apiv1-wn/public/index.php(28): Laravel\Lumen\Application->run()
#26 /home/u5521427/public_html/apiv1-wn/index.php(22): require_once('/home/u5521427/...')
#27 {main} {"exception":"[object] (ErrorException(code: 0): Undefined variable: resultProduct at /home/u5521427/public_html/apiv1-wn/app/Http/Controllers/NewsController.php:94)
[stacktrace]
#0 /home/u5521427/public_html/apiv1-wn/app/Http/Controllers/NewsController.php(94): Laravel\\Lumen\\Application->Laravel\\Lumen\\Concerns\\{closure}(8, 'Undefined varia...', '/home/u5521427/...', 94, Array)
#1 [internal function]: App\\Http\\Controllers\\NewsController->get_cust('1')
#2 /home/u5521427/public_html/apiv1-wn/vendor/illuminate/container/BoundMethod.php(32): call_user_func_array(Array, Array)
#3 /home/u5521427/public_html/apiv1-wn/vendor/illuminate/container/BoundMethod.php(90): Illuminate\\Container\\BoundMethod::Illuminate\\Container\\{closure}()
#4 /home/u5521427/public_html/apiv1-wn/vendor/illuminate/container/BoundMethod.php(34): Illuminate\\Container\\BoundMethod::callBoundMethod(Object(Laravel\\Lumen\\Application), Array, Object(Closure))
#5 /home/u5521427/public_html/apiv1-wn/vendor/illuminate/container/Container.php(576): Illuminate\\Container\\BoundMethod::call(Object(Laravel\\Lumen\\Application), Array, Array, NULL)
#6 /home/u5521427/public_html/apiv1-wn/vendor/laravel/lumen-framework/src/Concerns/RoutesRequests.php(376): Illuminate\\Container\\Container->call(Array, Array)
#7 /home/u5521427/public_html/apiv1-wn/vendor/laravel/lumen-framework/src/Concerns/RoutesRequests.php(342): Laravel\\Lumen\\Application->callControllerCallable(Array, Array)
#8 /home/u5521427/public_html/apiv1-wn/vendor/laravel/lumen-framework/src/Concerns/RoutesRequests.php(316): Laravel\\Lumen\\Application->callLumenController(Object(App\\Http\\Controllers\\NewsController), 'get_cust', Array)
#9 /home/u5521427/public_html/apiv1-wn/vendor/laravel/lumen-framework/src/Concerns/RoutesRequests.php(278): Laravel\\Lumen\\Application->callControllerAction(Array)
#10 /home/u5521427/public_html/apiv1-wn/vendor/laravel/lumen-framework/src/Concerns/RoutesRequests.php(258): Laravel\\Lumen\\Application->callActionOnArrayBasedRoute(Array)
#11 [internal function]: Laravel\\Lumen\\Application->Laravel\\Lumen\\Concerns\\{closure}(Object(Laravel\\Lumen\\Http\\Request))
#12 /home/u5521427/public_html/apiv1-wn/vendor/laravel/lumen-framework/src/Routing/Pipeline.php(52): call_user_func(Object(Closure), Object(Laravel\\Lumen\\Http\\Request))
#13 /home/u5521427/public_html/apiv1-wn/app/Http/Middleware/Authenticate.php(65): Laravel\\Lumen\\Routing\\Pipeline->Laravel\\Lumen\\Routing\\{closure}(Object(Laravel\\Lumen\\Http\\Request))
#14 /home/u5521427/public_html/apiv1-wn/vendor/illuminate/pipeline/Pipeline.php(163): App\\Http\\Middleware\\Authenticate->handle(Object(Laravel\\Lumen\\Http\\Request), Object(Closure))
#15 [internal function]: Illuminate\\Pipeline\\Pipeline->Illuminate\\Pipeline\\{closure}(Object(Laravel\\Lumen\\Http\\Request))
#16 /home/u5521427/public_html/apiv1-wn/vendor/laravel/lumen-framework/src/Routing/Pipeline.php(32): call_user_func(Object(Closure), Object(Laravel\\Lumen\\Http\\Request))
#17 /home/u5521427/public_html/apiv1-wn/vendor/illuminate/pipeline/Pipeline.php(104): Laravel\\Lumen\\Routing\\Pipeline->Laravel\\Lumen\\Routing\\{closure}(Object(Laravel\\Lumen\\Http\\Request))
#18 /home/u5521427/public_html/apiv1-wn/vendor/laravel/lumen-framework/src/Concerns/RoutesRequests.php(413): Illuminate\\Pipeline\\Pipeline->then(Object(Closure))
#19 /home/u5521427/public_html/apiv1-wn/vendor/laravel/lumen-framework/src/Concerns/RoutesRequests.php(259): Laravel\\Lumen\\Application->sendThroughPipeline(Array, Object(Closure))
#20 /home/u5521427/public_html/apiv1-wn/vendor/laravel/lumen-framework/src/Concerns/RoutesRequests.php(233): Laravel\\Lumen\\Application->handleFoundRoute(Array)
#21 /home/u5521427/public_html/apiv1-wn/vendor/laravel/lumen-framework/src/Concerns/RoutesRequests.php(169): Laravel\\Lumen\\Application->handleDispatcherResponse(Array)
#22 /home/u5521427/public_html/apiv1-wn/vendor/laravel/lumen-framework/src/Concerns/RoutesRequests.php(416): Laravel\\Lumen\\Application->Laravel\\Lumen\\Concerns\\{closure}(Object(Laravel\\Lumen\\Http\\Request))
#23 /home/u5521427/public_html/apiv1-wn/vendor/laravel/lumen-framework/src/Concerns/RoutesRequests.php(171): Laravel\\Lumen\\Application->sendThroughPipeline(Array, Object(Closure))
#24 /home/u5521427/public_html/apiv1-wn/vendor/laravel/lumen-framework/src/Concerns/RoutesRequests.php(108): Laravel\\Lumen\\Application->dispatch(NULL)
#25 /home/u5521427/public_html/apiv1-wn/public/index.php(28): Laravel\\Lumen\\Application->run()
#26 /home/u5521427/public_html/apiv1-wn/index.php(22): require_once('/home/u5521427/...')
#27 {main}
"} 
