[2024-06-17 19:43:42] staging.ERROR: PDOException: SQLSTATE[42S02]: Base table or view not found: 1146 Table 'u5521427_indotherapy.OrtusInfo' doesn't exist in /home/u5521427/public_html/apolloapi/vendor/illuminate/database/Connection.php:326
Stack trace:
#0 /home/u5521427/public_html/apolloapi/vendor/illuminate/database/Connection.php(326): PDO->prepare('select * from `...')
#1 /home/u5521427/public_html/apolloapi/vendor/illuminate/database/Connection.php(657): Illuminate\Database\Connection->Illuminate\Database\{closure}('select * from `...', Array)
#2 /home/u5521427/public_html/apolloapi/vendor/illuminate/database/Connection.php(624): Illuminate\Database\Connection->runQueryCallback('select * from `...', Array, Object(Closure))
#3 /home/u5521427/public_html/apolloapi/vendor/illuminate/database/Connection.php(333): Illuminate\Database\Connection->run('select * from `...', Array, Object(Closure))
#4 /home/u5521427/public_html/apolloapi/vendor/illuminate/database/Query/Builder.php(2130): Illuminate\Database\Connection->select('select * from `...', Array, true)
#5 /home/u5521427/public_html/apolloapi/vendor/illuminate/database/Query/Builder.php(2118): Illuminate\Database\Query\Builder->runSelect()
#6 /home/u5521427/public_html/apolloapi/vendor/illuminate/database/Query/Builder.php(2604): Illuminate\Database\Query\Builder->Illuminate\Database\Query\{closure}()
#7 /home/u5521427/public_html/apolloapi/vendor/illuminate/database/Query/Builder.php(2119): Illuminate\Database\Query\Builder->onceWithColumns(Array, Object(Closure))
#8 /home/u5521427/public_html/apolloapi/vendor/illuminate/database/Eloquent/Builder.php(521): Illuminate\Database\Query\Builder->get(Array)
#9 /home/u5521427/public_html/apolloapi/vendor/illuminate/database/Eloquent/Builder.php(505): Illuminate\Database\Eloquent\Builder->getModels(Array)
#10 /home/u5521427/public_html/apolloapi/vendor/illuminate/database/Eloquent/Model.php(462): Illuminate\Database\Eloquent\Builder->get(Array)
#11 /home/u5521427/public_html/apolloapi/app/Http/Controllers/OrtusInfoController.php(22): Illuminate\Database\Eloquent\Model::all()
#12 [internal function]: App\Http\Controllers\OrtusInfoController->get()
#13 /home/u5521427/public_html/apolloapi/vendor/illuminate/container/BoundMethod.php(32): call_user_func_array(Array, Array)
#14 /home/u5521427/public_html/apolloapi/vendor/illuminate/container/BoundMethod.php(90): Illuminate\Container\BoundMethod::Illuminate\Container\{closure}()
#15 /home/u5521427/public_html/apolloapi/vendor/illuminate/container/BoundMethod.php(34): Illuminate\Container\BoundMethod::callBoundMethod(Object(Laravel\Lumen\Application), Array, Object(Closure))
#16 /home/u5521427/public_html/apolloapi/vendor/illuminate/container/Container.php(576): Illuminate\Container\BoundMethod::call(Object(Laravel\Lumen\Application), Array, Array, NULL)
#17 /home/u5521427/public_html/apolloapi/vendor/laravel/lumen-framework/src/Concerns/RoutesRequests.php(376): Illuminate\Container\Container->call(Array, Array)
#18 /home/u5521427/public_html/apolloapi/vendor/laravel/lumen-framework/src/Concerns/RoutesRequests.php(342): Laravel\Lumen\Application->callControllerCallable(Array, Array)
#19 /home/u5521427/public_html/apolloapi/vendor/laravel/lumen-framework/src/Concerns/RoutesRequests.php(316): Laravel\Lumen\Application->callLumenController(Object(App\Http\Controllers\OrtusInfoController), 'get', Array)
#20 /home/u5521427/public_html/apolloapi/vendor/laravel/lumen-framework/src/Concerns/RoutesRequests.php(278): Laravel\Lumen\Application->callControllerAction(Array)
#21 /home/u5521427/public_html/apolloapi/vendor/laravel/lumen-framework/src/Concerns/RoutesRequests.php(263): Laravel\Lumen\Application->callActionOnArrayBasedRoute(Array)
#22 /home/u5521427/public_html/apolloapi/vendor/laravel/lumen-framework/src/Concerns/RoutesRequests.php(165): Laravel\Lumen\Application->handleFoundRoute(Array)
#23 /home/u5521427/public_html/apolloapi/vendor/laravel/lumen-framework/src/Concerns/RoutesRequests.php(416): Laravel\Lumen\Application->Laravel\Lumen\Concerns\{closure}(Object(Laravel\Lumen\Http\Request))
#24 /home/u5521427/public_html/apolloapi/vendor/laravel/lumen-framework/src/Concerns/RoutesRequests.php(171): Laravel\Lumen\Application->sendThroughPipeline(Array, Object(Closure))
#25 /home/u5521427/public_html/apolloapi/vendor/laravel/lumen-framework/src/Concerns/RoutesRequests.php(108): Laravel\Lumen\Application->dispatch(NULL)
#26 /home/u5521427/public_html/apolloapi/public/index.php(28): Laravel\Lumen\Application->run()
#27 /home/u5521427/public_html/apolloapi/index.php(22): require_once('/home/u5521427/...')
#28 {main}

Next Illuminate\Database\QueryException: SQLSTATE[42S02]: Base table or view not found: 1146 Table 'u5521427_indotherapy.OrtusInfo' doesn't exist (SQL: select * from `OrtusInfo`) in /home/u5521427/public_html/apolloapi/vendor/illuminate/database/Connection.php:664
Stack trace:
#0 /home/u5521427/public_html/apolloapi/vendor/illuminate/database/Connection.php(624): Illuminate\Database\Connection->runQueryCallback('select * from `...', Array, Object(Closure))
#1 /home/u5521427/public_html/apolloapi/vendor/illuminate/database/Connection.php(333): Illuminate\Database\Connection->run('select * from `...', Array, Object(Closure))
#2 /home/u5521427/public_html/apolloapi/vendor/illuminate/database/Query/Builder.php(2130): Illuminate\Database\Connection->select('select * from `...', Array, true)
#3 /home/u5521427/public_html/apolloapi/vendor/illuminate/database/Query/Builder.php(2118): Illuminate\Database\Query\Builder->runSelect()
#4 /home/u5521427/public_html/apolloapi/vendor/illuminate/database/Query/Builder.php(2604): Illuminate\Database\Query\Builder->Illuminate\Database\Query\{closure}()
#5 /home/u5521427/public_html/apolloapi/vendor/illuminate/database/Query/Builder.php(2119): Illuminate\Database\Query\Builder->onceWithColumns(Array, Object(Closure))
#6 /home/u5521427/public_html/apolloapi/vendor/illuminate/database/Eloquent/Builder.php(521): Illuminate\Database\Query\Builder->get(Array)
#7 /home/u5521427/public_html/apolloapi/vendor/illuminate/database/Eloquent/Builder.php(505): Illuminate\Database\Eloquent\Builder->getModels(Array)
#8 /home/u5521427/public_html/apolloapi/vendor/illuminate/database/Eloquent/Model.php(462): Illuminate\Database\Eloquent\Builder->get(Array)
#9 /home/u5521427/public_html/apolloapi/app/Http/Controllers/OrtusInfoController.php(22): Illuminate\Database\Eloquent\Model::all()
#10 [internal function]: App\Http\Controllers\OrtusInfoController->get()
#11 /home/u5521427/public_html/apolloapi/vendor/illuminate/container/BoundMethod.php(32): call_user_func_array(Array, Array)
#12 /home/u5521427/public_html/apolloapi/vendor/illuminate/container/BoundMethod.php(90): Illuminate\Container\BoundMethod::Illuminate\Container\{closure}()
#13 /home/u5521427/public_html/apolloapi/vendor/illuminate/container/BoundMethod.php(34): Illuminate\Container\BoundMethod::callBoundMethod(Object(Laravel\Lumen\Application), Array, Object(Closure))
#14 /home/u5521427/public_html/apolloapi/vendor/illuminate/container/Container.php(576): Illuminate\Container\BoundMethod::call(Object(Laravel\Lumen\Application), Array, Array, NULL)
#15 /home/u5521427/public_html/apolloapi/vendor/laravel/lumen-framework/src/Concerns/RoutesRequests.php(376): Illuminate\Container\Container->call(Array, Array)
#16 /home/u5521427/public_html/apolloapi/vendor/laravel/lumen-framework/src/Concerns/RoutesRequests.php(342): Laravel\Lumen\Application->callControllerCallable(Array, Array)
#17 /home/u5521427/public_html/apolloapi/vendor/laravel/lumen-framework/src/Concerns/RoutesRequests.php(316): Laravel\Lumen\Application->callLumenController(Object(App\Http\Controllers\OrtusInfoController), 'get', Array)
#18 /home/u5521427/public_html/apolloapi/vendor/laravel/lumen-framework/src/Concerns/RoutesRequests.php(278): Laravel\Lumen\Application->callControllerAction(Array)
#19 /home/u5521427/public_html/apolloapi/vendor/laravel/lumen-framework/src/Concerns/RoutesRequests.php(263): Laravel\Lumen\Application->callActionOnArrayBasedRoute(Array)
#20 /home/u5521427/public_html/apolloapi/vendor/laravel/lumen-framework/src/Concerns/RoutesRequests.php(165): Laravel\Lumen\Application->handleFoundRoute(Array)
#21 /home/u5521427/public_html/apolloapi/vendor/laravel/lumen-framework/src/Concerns/RoutesRequests.php(416): Laravel\Lumen\Application->Laravel\Lumen\Concerns\{closure}(Object(Laravel\Lumen\Http\Request))
#22 /home/u5521427/public_html/apolloapi/vendor/laravel/lumen-framework/src/Concerns/RoutesRequests.php(171): Laravel\Lumen\Application->sendThroughPipeline(Array, Object(Closure))
#23 /home/u5521427/public_html/apolloapi/vendor/laravel/lumen-framework/src/Concerns/RoutesRequests.php(108): Laravel\Lumen\Application->dispatch(NULL)
#24 /home/u5521427/public_html/apolloapi/public/index.php(28): Laravel\Lumen\Application->run()
#25 /home/u5521427/public_html/apolloapi/index.php(22): require_once('/home/u5521427/...')
#26 {main} {"exception":"[object] (Illuminate\\Database\\QueryException(code: 42S02): SQLSTATE[42S02]: Base table or view not found: 1146 Table 'u5521427_indotherapy.OrtusInfo' doesn't exist (SQL: select * from `OrtusInfo`) at /home/u5521427/public_html/apolloapi/vendor/illuminate/database/Connection.php:664, PDOException(code: 42S02): SQLSTATE[42S02]: Base table or view not found: 1146 Table 'u5521427_indotherapy.OrtusInfo' doesn't exist at /home/u5521427/public_html/apolloapi/vendor/illuminate/database/Connection.php:326)
[stacktrace]
#0 /home/u5521427/public_html/apolloapi/vendor/illuminate/database/Connection.php(624): Illuminate\\Database\\Connection->runQueryCallback('select * from `...', Array, Object(Closure))
#1 /home/u5521427/public_html/apolloapi/vendor/illuminate/database/Connection.php(333): Illuminate\\Database\\Connection->run('select * from `...', Array, Object(Closure))
#2 /home/u5521427/public_html/apolloapi/vendor/illuminate/database/Query/Builder.php(2130): Illuminate\\Database\\Connection->select('select * from `...', Array, true)
#3 /home/u5521427/public_html/apolloapi/vendor/illuminate/database/Query/Builder.php(2118): Illuminate\\Database\\Query\\Builder->runSelect()
#4 /home/u5521427/public_html/apolloapi/vendor/illuminate/database/Query/Builder.php(2604): Illuminate\\Database\\Query\\Builder->Illuminate\\Database\\Query\\{closure}()
#5 /home/u5521427/public_html/apolloapi/vendor/illuminate/database/Query/Builder.php(2119): Illuminate\\Database\\Query\\Builder->onceWithColumns(Array, Object(Closure))
#6 /home/u5521427/public_html/apolloapi/vendor/illuminate/database/Eloquent/Builder.php(521): Illuminate\\Database\\Query\\Builder->get(Array)
#7 /home/u5521427/public_html/apolloapi/vendor/illuminate/database/Eloquent/Builder.php(505): Illuminate\\Database\\Eloquent\\Builder->getModels(Array)
#8 /home/u5521427/public_html/apolloapi/vendor/illuminate/database/Eloquent/Model.php(462): Illuminate\\Database\\Eloquent\\Builder->get(Array)
#9 /home/u5521427/public_html/apolloapi/app/Http/Controllers/OrtusInfoController.php(22): Illuminate\\Database\\Eloquent\\Model::all()
#10 [internal function]: App\\Http\\Controllers\\OrtusInfoController->get()
#11 /home/u5521427/public_html/apolloapi/vendor/illuminate/container/BoundMethod.php(32): call_user_func_array(Array, Array)
#12 /home/u5521427/public_html/apolloapi/vendor/illuminate/container/BoundMethod.php(90): Illuminate\\Container\\BoundMethod::Illuminate\\Container\\{closure}()
#13 /home/u5521427/public_html/apolloapi/vendor/illuminate/container/BoundMethod.php(34): Illuminate\\Container\\BoundMethod::callBoundMethod(Object(Laravel\\Lumen\\Application), Array, Object(Closure))
#14 /home/u5521427/public_html/apolloapi/vendor/illuminate/container/Container.php(576): Illuminate\\Container\\BoundMethod::call(Object(Laravel\\Lumen\\Application), Array, Array, NULL)
#15 /home/u5521427/public_html/apolloapi/vendor/laravel/lumen-framework/src/Concerns/RoutesRequests.php(376): Illuminate\\Container\\Container->call(Array, Array)
#16 /home/u5521427/public_html/apolloapi/vendor/laravel/lumen-framework/src/Concerns/RoutesRequests.php(342): Laravel\\Lumen\\Application->callControllerCallable(Array, Array)
#17 /home/u5521427/public_html/apolloapi/vendor/laravel/lumen-framework/src/Concerns/RoutesRequests.php(316): Laravel\\Lumen\\Application->callLumenController(Object(App\\Http\\Controllers\\OrtusInfoController), 'get', Array)
#18 /home/u5521427/public_html/apolloapi/vendor/laravel/lumen-framework/src/Concerns/RoutesRequests.php(278): Laravel\\Lumen\\Application->callControllerAction(Array)
#19 /home/u5521427/public_html/apolloapi/vendor/laravel/lumen-framework/src/Concerns/RoutesRequests.php(263): Laravel\\Lumen\\Application->callActionOnArrayBasedRoute(Array)
#20 /home/u5521427/public_html/apolloapi/vendor/laravel/lumen-framework/src/Concerns/RoutesRequests.php(165): Laravel\\Lumen\\Application->handleFoundRoute(Array)
#21 /home/u5521427/public_html/apolloapi/vendor/laravel/lumen-framework/src/Concerns/RoutesRequests.php(416): Laravel\\Lumen\\Application->Laravel\\Lumen\\Concerns\\{closure}(Object(Laravel\\Lumen\\Http\\Request))
#22 /home/u5521427/public_html/apolloapi/vendor/laravel/lumen-framework/src/Concerns/RoutesRequests.php(171): Laravel\\Lumen\\Application->sendThroughPipeline(Array, Object(Closure))
#23 /home/u5521427/public_html/apolloapi/vendor/laravel/lumen-framework/src/Concerns/RoutesRequests.php(108): Laravel\\Lumen\\Application->dispatch(NULL)
#24 /home/u5521427/public_html/apolloapi/public/index.php(28): Laravel\\Lumen\\Application->run()
#25 /home/u5521427/public_html/apolloapi/index.php(22): require_once('/home/u5521427/...')
#26 {main}
"} 
