[2025-08-28 11:08:35] staging.ERROR: PDOException: SQLSTATE[42S22]: Column not found: 1054 Unknown column 'Username' in 'where clause' in /var/www/html/efms/api/vendor/illuminate/database/Connection.php:326
Stack trace:
#0 /var/www/html/efms/api/vendor/illuminate/database/Connection.php(326): PDO->prepare()
#1 /var/www/html/efms/api/vendor/illuminate/database/Connection.php(657): Illuminate\Database\Connection->Illuminate\Database\{closure}()
#2 /var/www/html/efms/api/vendor/illuminate/database/Connection.php(624): Illuminate\Database\Connection->runQueryCallback()
#3 /var/www/html/efms/api/vendor/illuminate/database/Connection.php(333): Illuminate\Database\Connection->run()
#4 /var/www/html/efms/api/vendor/illuminate/database/Query/Builder.php(2130): Illuminate\Database\Connection->select()
#5 /var/www/html/efms/api/vendor/illuminate/database/Query/Builder.php(2118): Illuminate\Database\Query\Builder->runSelect()
#6 /var/www/html/efms/api/vendor/illuminate/database/Query/Builder.php(2604): Illuminate\Database\Query\Builder->Illuminate\Database\Query\{closure}()
#7 /var/www/html/efms/api/vendor/illuminate/database/Query/Builder.php(2119): Illuminate\Database\Query\Builder->onceWithColumns()
#8 /var/www/html/efms/api/vendor/illuminate/database/Eloquent/Builder.php(521): Illuminate\Database\Query\Builder->get()
#9 /var/www/html/efms/api/vendor/illuminate/database/Eloquent/Builder.php(505): Illuminate\Database\Eloquent\Builder->getModels()
#10 /var/www/html/efms/api/vendor/illuminate/database/Concerns/BuildsQueries.php(77): Illuminate\Database\Eloquent\Builder->get()
#11 /var/www/html/efms/api/app/Http/Controllers/AuthController.php(47): Illuminate\Database\Eloquent\Builder->first()
#12 [internal function]: App\Http\Controllers\AuthController->login()
#13 /var/www/html/efms/api/vendor/illuminate/container/BoundMethod.php(32): call_user_func_array()
#14 /var/www/html/efms/api/vendor/illuminate/container/BoundMethod.php(90): Illuminate\Container\BoundMethod::Illuminate\Container\{closure}()
#15 /var/www/html/efms/api/vendor/illuminate/container/BoundMethod.php(34): Illuminate\Container\BoundMethod::callBoundMethod()
#16 /var/www/html/efms/api/vendor/illuminate/container/Container.php(576): Illuminate\Container\BoundMethod::call()
#17 /var/www/html/efms/api/vendor/laravel/lumen-framework/src/Concerns/RoutesRequests.php(376): Illuminate\Container\Container->call()
#18 /var/www/html/efms/api/vendor/laravel/lumen-framework/src/Concerns/RoutesRequests.php(342): Laravel\Lumen\Application->callControllerCallable()
#19 /var/www/html/efms/api/vendor/laravel/lumen-framework/src/Concerns/RoutesRequests.php(316): Laravel\Lumen\Application->callLumenController()
#20 /var/www/html/efms/api/vendor/laravel/lumen-framework/src/Concerns/RoutesRequests.php(278): Laravel\Lumen\Application->callControllerAction()
#21 /var/www/html/efms/api/vendor/laravel/lumen-framework/src/Concerns/RoutesRequests.php(263): Laravel\Lumen\Application->callActionOnArrayBasedRoute()
#22 /var/www/html/efms/api/vendor/laravel/lumen-framework/src/Concerns/RoutesRequests.php(165): Laravel\Lumen\Application->handleFoundRoute()
#23 /var/www/html/efms/api/vendor/laravel/lumen-framework/src/Concerns/RoutesRequests.php(416): Laravel\Lumen\Application->Laravel\Lumen\Concerns\{closure}()
#24 /var/www/html/efms/api/vendor/laravel/lumen-framework/src/Concerns/RoutesRequests.php(171): Laravel\Lumen\Application->sendThroughPipeline()
#25 /var/www/html/efms/api/vendor/laravel/lumen-framework/src/Concerns/RoutesRequests.php(108): Laravel\Lumen\Application->dispatch()
#26 /var/www/html/efms/api/public/index.php(28): Laravel\Lumen\Application->run()
#27 /var/www/html/efms/api/index.php(22): require_once('/var/www/html/e...')
#28 {main}

Next Illuminate\Database\QueryException: SQLSTATE[42S22]: Column not found: 1054 Unknown column 'Username' in 'where clause' (SQL: select * from `UserLogin` where `Username` = test_dev limit 1) in /var/www/html/efms/api/vendor/illuminate/database/Connection.php:664
Stack trace:
#0 /var/www/html/efms/api/vendor/illuminate/database/Connection.php(624): Illuminate\Database\Connection->runQueryCallback()
#1 /var/www/html/efms/api/vendor/illuminate/database/Connection.php(333): Illuminate\Database\Connection->run()
#2 /var/www/html/efms/api/vendor/illuminate/database/Query/Builder.php(2130): Illuminate\Database\Connection->select()
#3 /var/www/html/efms/api/vendor/illuminate/database/Query/Builder.php(2118): Illuminate\Database\Query\Builder->runSelect()
#4 /var/www/html/efms/api/vendor/illuminate/database/Query/Builder.php(2604): Illuminate\Database\Query\Builder->Illuminate\Database\Query\{closure}()
#5 /var/www/html/efms/api/vendor/illuminate/database/Query/Builder.php(2119): Illuminate\Database\Query\Builder->onceWithColumns()
#6 /var/www/html/efms/api/vendor/illuminate/database/Eloquent/Builder.php(521): Illuminate\Database\Query\Builder->get()
#7 /var/www/html/efms/api/vendor/illuminate/database/Eloquent/Builder.php(505): Illuminate\Database\Eloquent\Builder->getModels()
#8 /var/www/html/efms/api/vendor/illuminate/database/Concerns/BuildsQueries.php(77): Illuminate\Database\Eloquent\Builder->get()
#9 /var/www/html/efms/api/app/Http/Controllers/AuthController.php(47): Illuminate\Database\Eloquent\Builder->first()
#10 [internal function]: App\Http\Controllers\AuthController->login()
#11 /var/www/html/efms/api/vendor/illuminate/container/BoundMethod.php(32): call_user_func_array()
#12 /var/www/html/efms/api/vendor/illuminate/container/BoundMethod.php(90): Illuminate\Container\BoundMethod::Illuminate\Container\{closure}()
#13 /var/www/html/efms/api/vendor/illuminate/container/BoundMethod.php(34): Illuminate\Container\BoundMethod::callBoundMethod()
#14 /var/www/html/efms/api/vendor/illuminate/container/Container.php(576): Illuminate\Container\BoundMethod::call()
#15 /var/www/html/efms/api/vendor/laravel/lumen-framework/src/Concerns/RoutesRequests.php(376): Illuminate\Container\Container->call()
#16 /var/www/html/efms/api/vendor/laravel/lumen-framework/src/Concerns/RoutesRequests.php(342): Laravel\Lumen\Application->callControllerCallable()
#17 /var/www/html/efms/api/vendor/laravel/lumen-framework/src/Concerns/RoutesRequests.php(316): Laravel\Lumen\Application->callLumenController()
#18 /var/www/html/efms/api/vendor/laravel/lumen-framework/src/Concerns/RoutesRequests.php(278): Laravel\Lumen\Application->callControllerAction()
#19 /var/www/html/efms/api/vendor/laravel/lumen-framework/src/Concerns/RoutesRequests.php(263): Laravel\Lumen\Application->callActionOnArrayBasedRoute()
#20 /var/www/html/efms/api/vendor/laravel/lumen-framework/src/Concerns/RoutesRequests.php(165): Laravel\Lumen\Application->handleFoundRoute()
#21 /var/www/html/efms/api/vendor/laravel/lumen-framework/src/Concerns/RoutesRequests.php(416): Laravel\Lumen\Application->Laravel\Lumen\Concerns\{closure}()
#22 /var/www/html/efms/api/vendor/laravel/lumen-framework/src/Concerns/RoutesRequests.php(171): Laravel\Lumen\Application->sendThroughPipeline()
#23 /var/www/html/efms/api/vendor/laravel/lumen-framework/src/Concerns/RoutesRequests.php(108): Laravel\Lumen\Application->dispatch()
#24 /var/www/html/efms/api/public/index.php(28): Laravel\Lumen\Application->run()
#25 /var/www/html/efms/api/index.php(22): require_once('/var/www/html/e...')
#26 {main} {"exception":"[object] (Illuminate\\Database\\QueryException(code: 42S22): SQLSTATE[42S22]: Column not found: 1054 Unknown column 'Username' in 'where clause' (SQL: select * from `UserLogin` where `Username` = test_dev limit 1) at /var/www/html/efms/api/vendor/illuminate/database/Connection.php:664, PDOException(code: 42S22): SQLSTATE[42S22]: Column not found: 1054 Unknown column 'Username' in 'where clause' at /var/www/html/efms/api/vendor/illuminate/database/Connection.php:326)
[stacktrace]
#0 /var/www/html/efms/api/vendor/illuminate/database/Connection.php(624): Illuminate\\Database\\Connection->runQueryCallback()
#1 /var/www/html/efms/api/vendor/illuminate/database/Connection.php(333): Illuminate\\Database\\Connection->run()
#2 /var/www/html/efms/api/vendor/illuminate/database/Query/Builder.php(2130): Illuminate\\Database\\Connection->select()
#3 /var/www/html/efms/api/vendor/illuminate/database/Query/Builder.php(2118): Illuminate\\Database\\Query\\Builder->runSelect()
#4 /var/www/html/efms/api/vendor/illuminate/database/Query/Builder.php(2604): Illuminate\\Database\\Query\\Builder->Illuminate\\Database\\Query\\{closure}()
#5 /var/www/html/efms/api/vendor/illuminate/database/Query/Builder.php(2119): Illuminate\\Database\\Query\\Builder->onceWithColumns()
#6 /var/www/html/efms/api/vendor/illuminate/database/Eloquent/Builder.php(521): Illuminate\\Database\\Query\\Builder->get()
#7 /var/www/html/efms/api/vendor/illuminate/database/Eloquent/Builder.php(505): Illuminate\\Database\\Eloquent\\Builder->getModels()
#8 /var/www/html/efms/api/vendor/illuminate/database/Concerns/BuildsQueries.php(77): Illuminate\\Database\\Eloquent\\Builder->get()
#9 /var/www/html/efms/api/app/Http/Controllers/AuthController.php(47): Illuminate\\Database\\Eloquent\\Builder->first()
#10 [internal function]: App\\Http\\Controllers\\AuthController->login()
#11 /var/www/html/efms/api/vendor/illuminate/container/BoundMethod.php(32): call_user_func_array()
#12 /var/www/html/efms/api/vendor/illuminate/container/BoundMethod.php(90): Illuminate\\Container\\BoundMethod::Illuminate\\Container\\{closure}()
#13 /var/www/html/efms/api/vendor/illuminate/container/BoundMethod.php(34): Illuminate\\Container\\BoundMethod::callBoundMethod()
#14 /var/www/html/efms/api/vendor/illuminate/container/Container.php(576): Illuminate\\Container\\BoundMethod::call()
#15 /var/www/html/efms/api/vendor/laravel/lumen-framework/src/Concerns/RoutesRequests.php(376): Illuminate\\Container\\Container->call()
#16 /var/www/html/efms/api/vendor/laravel/lumen-framework/src/Concerns/RoutesRequests.php(342): Laravel\\Lumen\\Application->callControllerCallable()
#17 /var/www/html/efms/api/vendor/laravel/lumen-framework/src/Concerns/RoutesRequests.php(316): Laravel\\Lumen\\Application->callLumenController()
#18 /var/www/html/efms/api/vendor/laravel/lumen-framework/src/Concerns/RoutesRequests.php(278): Laravel\\Lumen\\Application->callControllerAction()
#19 /var/www/html/efms/api/vendor/laravel/lumen-framework/src/Concerns/RoutesRequests.php(263): Laravel\\Lumen\\Application->callActionOnArrayBasedRoute()
#20 /var/www/html/efms/api/vendor/laravel/lumen-framework/src/Concerns/RoutesRequests.php(165): Laravel\\Lumen\\Application->handleFoundRoute()
#21 /var/www/html/efms/api/vendor/laravel/lumen-framework/src/Concerns/RoutesRequests.php(416): Laravel\\Lumen\\Application->Laravel\\Lumen\\Concerns\\{closure}()
#22 /var/www/html/efms/api/vendor/laravel/lumen-framework/src/Concerns/RoutesRequests.php(171): Laravel\\Lumen\\Application->sendThroughPipeline()
#23 /var/www/html/efms/api/vendor/laravel/lumen-framework/src/Concerns/RoutesRequests.php(108): Laravel\\Lumen\\Application->dispatch()
#24 /var/www/html/efms/api/public/index.php(28): Laravel\\Lumen\\Application->run()
#25 /var/www/html/efms/api/index.php(22): require_once('/var/www/html/e...')
#26 {main}
"} 
[2025-08-28 11:19:17] staging.ERROR: Symfony\Component\Debug\Exception\FatalThrowableError: syntax error, unexpected 'return' (T_RETURN) in /var/www/html/efms/api/app/Http/Controllers/AuthController.php:73
Stack trace:
#0 /var/www/html/efms/api/vendor/composer/ClassLoader.php(322): Composer\Autoload\includeFile()
#1 [internal function]: Composer\Autoload\ClassLoader->loadClass()
#2 [internal function]: spl_autoload_call()
#3 /var/www/html/efms/api/vendor/illuminate/container/Container.php(788): ReflectionClass->__construct()
#4 /var/www/html/efms/api/vendor/illuminate/container/Container.php(667): Illuminate\Container\Container->build()
#5 /var/www/html/efms/api/vendor/illuminate/container/Container.php(615): Illuminate\Container\Container->resolve()
#6 /var/www/html/efms/api/vendor/laravel/lumen-framework/src/Application.php(267): Illuminate\Container\Container->make()
#7 /var/www/html/efms/api/vendor/laravel/lumen-framework/src/Concerns/RoutesRequests.php(311): Laravel\Lumen\Application->make()
#8 /var/www/html/efms/api/vendor/laravel/lumen-framework/src/Concerns/RoutesRequests.php(278): Laravel\Lumen\Application->callControllerAction()
#9 /var/www/html/efms/api/vendor/laravel/lumen-framework/src/Concerns/RoutesRequests.php(263): Laravel\Lumen\Application->callActionOnArrayBasedRoute()
#10 /var/www/html/efms/api/vendor/laravel/lumen-framework/src/Concerns/RoutesRequests.php(165): Laravel\Lumen\Application->handleFoundRoute()
#11 /var/www/html/efms/api/vendor/laravel/lumen-framework/src/Concerns/RoutesRequests.php(416): Laravel\Lumen\Application->Laravel\Lumen\Concerns\{closure}()
#12 /var/www/html/efms/api/vendor/laravel/lumen-framework/src/Concerns/RoutesRequests.php(171): Laravel\Lumen\Application->sendThroughPipeline()
#13 /var/www/html/efms/api/vendor/laravel/lumen-framework/src/Concerns/RoutesRequests.php(108): Laravel\Lumen\Application->dispatch()
#14 /var/www/html/efms/api/public/index.php(28): Laravel\Lumen\Application->run()
#15 /var/www/html/efms/api/index.php(22): require_once('/var/www/html/e...')
#16 {main} {"exception":"[object] (Symfony\\Component\\Debug\\Exception\\FatalThrowableError(code: 0): syntax error, unexpected 'return' (T_RETURN) at /var/www/html/efms/api/app/Http/Controllers/AuthController.php:73)
[stacktrace]
#0 /var/www/html/efms/api/vendor/composer/ClassLoader.php(322): Composer\\Autoload\\includeFile()
#1 [internal function]: Composer\\Autoload\\ClassLoader->loadClass()
#2 [internal function]: spl_autoload_call()
#3 /var/www/html/efms/api/vendor/illuminate/container/Container.php(788): ReflectionClass->__construct()
#4 /var/www/html/efms/api/vendor/illuminate/container/Container.php(667): Illuminate\\Container\\Container->build()
#5 /var/www/html/efms/api/vendor/illuminate/container/Container.php(615): Illuminate\\Container\\Container->resolve()
#6 /var/www/html/efms/api/vendor/laravel/lumen-framework/src/Application.php(267): Illuminate\\Container\\Container->make()
#7 /var/www/html/efms/api/vendor/laravel/lumen-framework/src/Concerns/RoutesRequests.php(311): Laravel\\Lumen\\Application->make()
#8 /var/www/html/efms/api/vendor/laravel/lumen-framework/src/Concerns/RoutesRequests.php(278): Laravel\\Lumen\\Application->callControllerAction()
#9 /var/www/html/efms/api/vendor/laravel/lumen-framework/src/Concerns/RoutesRequests.php(263): Laravel\\Lumen\\Application->callActionOnArrayBasedRoute()
#10 /var/www/html/efms/api/vendor/laravel/lumen-framework/src/Concerns/RoutesRequests.php(165): Laravel\\Lumen\\Application->handleFoundRoute()
#11 /var/www/html/efms/api/vendor/laravel/lumen-framework/src/Concerns/RoutesRequests.php(416): Laravel\\Lumen\\Application->Laravel\\Lumen\\Concerns\\{closure}()
#12 /var/www/html/efms/api/vendor/laravel/lumen-framework/src/Concerns/RoutesRequests.php(171): Laravel\\Lumen\\Application->sendThroughPipeline()
#13 /var/www/html/efms/api/vendor/laravel/lumen-framework/src/Concerns/RoutesRequests.php(108): Laravel\\Lumen\\Application->dispatch()
#14 /var/www/html/efms/api/public/index.php(28): Laravel\\Lumen\\Application->run()
#15 /var/www/html/efms/api/index.php(22): require_once('/var/www/html/e...')
#16 {main}
"} 
[2025-08-28 11:34:12] staging.ERROR: ErrorException: include(/var/www/html/efms/api/vendor/composer/../../app/Models/ModelLogin.php): failed to open stream: No such file or directory in /var/www/html/efms/api/vendor/composer/ClassLoader.php:444
Stack trace:
#0 /var/www/html/efms/api/vendor/composer/ClassLoader.php(444): Laravel\Lumen\Application->Laravel\Lumen\Concerns\{closure}()
#1 /var/www/html/efms/api/vendor/composer/ClassLoader.php(444): include()
#2 /var/www/html/efms/api/vendor/composer/ClassLoader.php(322): Composer\Autoload\includeFile()
#3 [internal function]: Composer\Autoload\ClassLoader->loadClass()
#4 /var/www/html/efms/api/app/Http/Middleware/Authenticate.php(54): spl_autoload_call()
#5 /var/www/html/efms/api/vendor/illuminate/pipeline/Pipeline.php(163): App\Http\Middleware\Authenticate->handle()
#6 [internal function]: Illuminate\Pipeline\Pipeline->Illuminate\Pipeline\{closure}()
#7 /var/www/html/efms/api/vendor/laravel/lumen-framework/src/Routing/Pipeline.php(32): call_user_func()
#8 /var/www/html/efms/api/vendor/illuminate/pipeline/Pipeline.php(104): Laravel\Lumen\Routing\Pipeline->Laravel\Lumen\Routing\{closure}()
#9 /var/www/html/efms/api/vendor/laravel/lumen-framework/src/Concerns/RoutesRequests.php(413): Illuminate\Pipeline\Pipeline->then()
#10 /var/www/html/efms/api/vendor/laravel/lumen-framework/src/Concerns/RoutesRequests.php(259): Laravel\Lumen\Application->sendThroughPipeline()
#11 /var/www/html/efms/api/vendor/laravel/lumen-framework/src/Concerns/RoutesRequests.php(233): Laravel\Lumen\Application->handleFoundRoute()
#12 /var/www/html/efms/api/vendor/laravel/lumen-framework/src/Concerns/RoutesRequests.php(169): Laravel\Lumen\Application->handleDispatcherResponse()
#13 /var/www/html/efms/api/vendor/laravel/lumen-framework/src/Concerns/RoutesRequests.php(416): Laravel\Lumen\Application->Laravel\Lumen\Concerns\{closure}()
#14 /var/www/html/efms/api/vendor/laravel/lumen-framework/src/Concerns/RoutesRequests.php(171): Laravel\Lumen\Application->sendThroughPipeline()
#15 /var/www/html/efms/api/vendor/laravel/lumen-framework/src/Concerns/RoutesRequests.php(108): Laravel\Lumen\Application->dispatch()
#16 /var/www/html/efms/api/public/index.php(28): Laravel\Lumen\Application->run()
#17 /var/www/html/efms/api/index.php(22): require_once('/var/www/html/e...')
#18 {main} {"exception":"[object] (ErrorException(code: 0): include(/var/www/html/efms/api/vendor/composer/../../app/Models/ModelLogin.php): failed to open stream: No such file or directory at /var/www/html/efms/api/vendor/composer/ClassLoader.php:444)
[stacktrace]
#0 /var/www/html/efms/api/vendor/composer/ClassLoader.php(444): Laravel\\Lumen\\Application->Laravel\\Lumen\\Concerns\\{closure}()
#1 /var/www/html/efms/api/vendor/composer/ClassLoader.php(444): include()
#2 /var/www/html/efms/api/vendor/composer/ClassLoader.php(322): Composer\\Autoload\\includeFile()
#3 [internal function]: Composer\\Autoload\\ClassLoader->loadClass()
#4 /var/www/html/efms/api/app/Http/Middleware/Authenticate.php(54): spl_autoload_call()
#5 /var/www/html/efms/api/vendor/illuminate/pipeline/Pipeline.php(163): App\\Http\\Middleware\\Authenticate->handle()
#6 [internal function]: Illuminate\\Pipeline\\Pipeline->Illuminate\\Pipeline\\{closure}()
#7 /var/www/html/efms/api/vendor/laravel/lumen-framework/src/Routing/Pipeline.php(32): call_user_func()
#8 /var/www/html/efms/api/vendor/illuminate/pipeline/Pipeline.php(104): Laravel\\Lumen\\Routing\\Pipeline->Laravel\\Lumen\\Routing\\{closure}()
#9 /var/www/html/efms/api/vendor/laravel/lumen-framework/src/Concerns/RoutesRequests.php(413): Illuminate\\Pipeline\\Pipeline->then()
#10 /var/www/html/efms/api/vendor/laravel/lumen-framework/src/Concerns/RoutesRequests.php(259): Laravel\\Lumen\\Application->sendThroughPipeline()
#11 /var/www/html/efms/api/vendor/laravel/lumen-framework/src/Concerns/RoutesRequests.php(233): Laravel\\Lumen\\Application->handleFoundRoute()
#12 /var/www/html/efms/api/vendor/laravel/lumen-framework/src/Concerns/RoutesRequests.php(169): Laravel\\Lumen\\Application->handleDispatcherResponse()
#13 /var/www/html/efms/api/vendor/laravel/lumen-framework/src/Concerns/RoutesRequests.php(416): Laravel\\Lumen\\Application->Laravel\\Lumen\\Concerns\\{closure}()
#14 /var/www/html/efms/api/vendor/laravel/lumen-framework/src/Concerns/RoutesRequests.php(171): Laravel\\Lumen\\Application->sendThroughPipeline()
#15 /var/www/html/efms/api/vendor/laravel/lumen-framework/src/Concerns/RoutesRequests.php(108): Laravel\\Lumen\\Application->dispatch()
#16 /var/www/html/efms/api/public/index.php(28): Laravel\\Lumen\\Application->run()
#17 /var/www/html/efms/api/index.php(22): require_once('/var/www/html/e...')
#18 {main}
"} 
[2025-08-28 11:34:23] staging.ERROR: ErrorException: include(/var/www/html/efms/api/vendor/composer/../../app/Models/ModelLogin.php): failed to open stream: No such file or directory in /var/www/html/efms/api/vendor/composer/ClassLoader.php:444
Stack trace:
#0 /var/www/html/efms/api/vendor/composer/ClassLoader.php(444): Laravel\Lumen\Application->Laravel\Lumen\Concerns\{closure}()
#1 /var/www/html/efms/api/vendor/composer/ClassLoader.php(444): include()
#2 /var/www/html/efms/api/vendor/composer/ClassLoader.php(322): Composer\Autoload\includeFile()
#3 [internal function]: Composer\Autoload\ClassLoader->loadClass()
#4 /var/www/html/efms/api/app/Http/Middleware/Authenticate.php(54): spl_autoload_call()
#5 /var/www/html/efms/api/vendor/illuminate/pipeline/Pipeline.php(163): App\Http\Middleware\Authenticate->handle()
#6 [internal function]: Illuminate\Pipeline\Pipeline->Illuminate\Pipeline\{closure}()
#7 /var/www/html/efms/api/vendor/laravel/lumen-framework/src/Routing/Pipeline.php(32): call_user_func()
#8 /var/www/html/efms/api/vendor/illuminate/pipeline/Pipeline.php(104): Laravel\Lumen\Routing\Pipeline->Laravel\Lumen\Routing\{closure}()
#9 /var/www/html/efms/api/vendor/laravel/lumen-framework/src/Concerns/RoutesRequests.php(413): Illuminate\Pipeline\Pipeline->then()
#10 /var/www/html/efms/api/vendor/laravel/lumen-framework/src/Concerns/RoutesRequests.php(259): Laravel\Lumen\Application->sendThroughPipeline()
#11 /var/www/html/efms/api/vendor/laravel/lumen-framework/src/Concerns/RoutesRequests.php(233): Laravel\Lumen\Application->handleFoundRoute()
#12 /var/www/html/efms/api/vendor/laravel/lumen-framework/src/Concerns/RoutesRequests.php(169): Laravel\Lumen\Application->handleDispatcherResponse()
#13 /var/www/html/efms/api/vendor/laravel/lumen-framework/src/Concerns/RoutesRequests.php(416): Laravel\Lumen\Application->Laravel\Lumen\Concerns\{closure}()
#14 /var/www/html/efms/api/vendor/laravel/lumen-framework/src/Concerns/RoutesRequests.php(171): Laravel\Lumen\Application->sendThroughPipeline()
#15 /var/www/html/efms/api/vendor/laravel/lumen-framework/src/Concerns/RoutesRequests.php(108): Laravel\Lumen\Application->dispatch()
#16 /var/www/html/efms/api/public/index.php(28): Laravel\Lumen\Application->run()
#17 /var/www/html/efms/api/index.php(22): require_once('/var/www/html/e...')
#18 {main} {"exception":"[object] (ErrorException(code: 0): include(/var/www/html/efms/api/vendor/composer/../../app/Models/ModelLogin.php): failed to open stream: No such file or directory at /var/www/html/efms/api/vendor/composer/ClassLoader.php:444)
[stacktrace]
#0 /var/www/html/efms/api/vendor/composer/ClassLoader.php(444): Laravel\\Lumen\\Application->Laravel\\Lumen\\Concerns\\{closure}()
#1 /var/www/html/efms/api/vendor/composer/ClassLoader.php(444): include()
#2 /var/www/html/efms/api/vendor/composer/ClassLoader.php(322): Composer\\Autoload\\includeFile()
#3 [internal function]: Composer\\Autoload\\ClassLoader->loadClass()
#4 /var/www/html/efms/api/app/Http/Middleware/Authenticate.php(54): spl_autoload_call()
#5 /var/www/html/efms/api/vendor/illuminate/pipeline/Pipeline.php(163): App\\Http\\Middleware\\Authenticate->handle()
#6 [internal function]: Illuminate\\Pipeline\\Pipeline->Illuminate\\Pipeline\\{closure}()
#7 /var/www/html/efms/api/vendor/laravel/lumen-framework/src/Routing/Pipeline.php(32): call_user_func()
#8 /var/www/html/efms/api/vendor/illuminate/pipeline/Pipeline.php(104): Laravel\\Lumen\\Routing\\Pipeline->Laravel\\Lumen\\Routing\\{closure}()
#9 /var/www/html/efms/api/vendor/laravel/lumen-framework/src/Concerns/RoutesRequests.php(413): Illuminate\\Pipeline\\Pipeline->then()
#10 /var/www/html/efms/api/vendor/laravel/lumen-framework/src/Concerns/RoutesRequests.php(259): Laravel\\Lumen\\Application->sendThroughPipeline()
#11 /var/www/html/efms/api/vendor/laravel/lumen-framework/src/Concerns/RoutesRequests.php(233): Laravel\\Lumen\\Application->handleFoundRoute()
#12 /var/www/html/efms/api/vendor/laravel/lumen-framework/src/Concerns/RoutesRequests.php(169): Laravel\\Lumen\\Application->handleDispatcherResponse()
#13 /var/www/html/efms/api/vendor/laravel/lumen-framework/src/Concerns/RoutesRequests.php(416): Laravel\\Lumen\\Application->Laravel\\Lumen\\Concerns\\{closure}()
#14 /var/www/html/efms/api/vendor/laravel/lumen-framework/src/Concerns/RoutesRequests.php(171): Laravel\\Lumen\\Application->sendThroughPipeline()
#15 /var/www/html/efms/api/vendor/laravel/lumen-framework/src/Concerns/RoutesRequests.php(108): Laravel\\Lumen\\Application->dispatch()
#16 /var/www/html/efms/api/public/index.php(28): Laravel\\Lumen\\Application->run()
#17 /var/www/html/efms/api/index.php(22): require_once('/var/www/html/e...')
#18 {main}
"} 
[2025-08-28 11:35:32] staging.ERROR: ErrorException: include(/var/www/html/efms/api/vendor/composer/../../app/Models/ModelLogin.php): failed to open stream: No such file or directory in /var/www/html/efms/api/vendor/composer/ClassLoader.php:444
Stack trace:
#0 /var/www/html/efms/api/vendor/composer/ClassLoader.php(444): Laravel\Lumen\Application->Laravel\Lumen\Concerns\{closure}()
#1 /var/www/html/efms/api/vendor/composer/ClassLoader.php(444): include()
#2 /var/www/html/efms/api/vendor/composer/ClassLoader.php(322): Composer\Autoload\includeFile()
#3 [internal function]: Composer\Autoload\ClassLoader->loadClass()
#4 /var/www/html/efms/api/app/Http/Middleware/Authenticate.php(54): spl_autoload_call()
#5 /var/www/html/efms/api/vendor/illuminate/pipeline/Pipeline.php(163): App\Http\Middleware\Authenticate->handle()
#6 [internal function]: Illuminate\Pipeline\Pipeline->Illuminate\Pipeline\{closure}()
#7 /var/www/html/efms/api/vendor/laravel/lumen-framework/src/Routing/Pipeline.php(32): call_user_func()
#8 /var/www/html/efms/api/vendor/illuminate/pipeline/Pipeline.php(104): Laravel\Lumen\Routing\Pipeline->Laravel\Lumen\Routing\{closure}()
#9 /var/www/html/efms/api/vendor/laravel/lumen-framework/src/Concerns/RoutesRequests.php(413): Illuminate\Pipeline\Pipeline->then()
#10 /var/www/html/efms/api/vendor/laravel/lumen-framework/src/Concerns/RoutesRequests.php(259): Laravel\Lumen\Application->sendThroughPipeline()
#11 /var/www/html/efms/api/vendor/laravel/lumen-framework/src/Concerns/RoutesRequests.php(233): Laravel\Lumen\Application->handleFoundRoute()
#12 /var/www/html/efms/api/vendor/laravel/lumen-framework/src/Concerns/RoutesRequests.php(169): Laravel\Lumen\Application->handleDispatcherResponse()
#13 /var/www/html/efms/api/vendor/laravel/lumen-framework/src/Concerns/RoutesRequests.php(416): Laravel\Lumen\Application->Laravel\Lumen\Concerns\{closure}()
#14 /var/www/html/efms/api/vendor/laravel/lumen-framework/src/Concerns/RoutesRequests.php(171): Laravel\Lumen\Application->sendThroughPipeline()
#15 /var/www/html/efms/api/vendor/laravel/lumen-framework/src/Concerns/RoutesRequests.php(108): Laravel\Lumen\Application->dispatch()
#16 /var/www/html/efms/api/public/index.php(28): Laravel\Lumen\Application->run()
#17 /var/www/html/efms/api/index.php(22): require_once('/var/www/html/e...')
#18 {main} {"exception":"[object] (ErrorException(code: 0): include(/var/www/html/efms/api/vendor/composer/../../app/Models/ModelLogin.php): failed to open stream: No such file or directory at /var/www/html/efms/api/vendor/composer/ClassLoader.php:444)
[stacktrace]
#0 /var/www/html/efms/api/vendor/composer/ClassLoader.php(444): Laravel\\Lumen\\Application->Laravel\\Lumen\\Concerns\\{closure}()
#1 /var/www/html/efms/api/vendor/composer/ClassLoader.php(444): include()
#2 /var/www/html/efms/api/vendor/composer/ClassLoader.php(322): Composer\\Autoload\\includeFile()
#3 [internal function]: Composer\\Autoload\\ClassLoader->loadClass()
#4 /var/www/html/efms/api/app/Http/Middleware/Authenticate.php(54): spl_autoload_call()
#5 /var/www/html/efms/api/vendor/illuminate/pipeline/Pipeline.php(163): App\\Http\\Middleware\\Authenticate->handle()
#6 [internal function]: Illuminate\\Pipeline\\Pipeline->Illuminate\\Pipeline\\{closure}()
#7 /var/www/html/efms/api/vendor/laravel/lumen-framework/src/Routing/Pipeline.php(32): call_user_func()
#8 /var/www/html/efms/api/vendor/illuminate/pipeline/Pipeline.php(104): Laravel\\Lumen\\Routing\\Pipeline->Laravel\\Lumen\\Routing\\{closure}()
#9 /var/www/html/efms/api/vendor/laravel/lumen-framework/src/Concerns/RoutesRequests.php(413): Illuminate\\Pipeline\\Pipeline->then()
#10 /var/www/html/efms/api/vendor/laravel/lumen-framework/src/Concerns/RoutesRequests.php(259): Laravel\\Lumen\\Application->sendThroughPipeline()
#11 /var/www/html/efms/api/vendor/laravel/lumen-framework/src/Concerns/RoutesRequests.php(233): Laravel\\Lumen\\Application->handleFoundRoute()
#12 /var/www/html/efms/api/vendor/laravel/lumen-framework/src/Concerns/RoutesRequests.php(169): Laravel\\Lumen\\Application->handleDispatcherResponse()
#13 /var/www/html/efms/api/vendor/laravel/lumen-framework/src/Concerns/RoutesRequests.php(416): Laravel\\Lumen\\Application->Laravel\\Lumen\\Concerns\\{closure}()
#14 /var/www/html/efms/api/vendor/laravel/lumen-framework/src/Concerns/RoutesRequests.php(171): Laravel\\Lumen\\Application->sendThroughPipeline()
#15 /var/www/html/efms/api/vendor/laravel/lumen-framework/src/Concerns/RoutesRequests.php(108): Laravel\\Lumen\\Application->dispatch()
#16 /var/www/html/efms/api/public/index.php(28): Laravel\\Lumen\\Application->run()
#17 /var/www/html/efms/api/index.php(22): require_once('/var/www/html/e...')
#18 {main}
"} 
[2025-08-28 11:36:12] staging.ERROR: ErrorException: include(/var/www/html/efms/api/vendor/composer/../../app/Models/ModelLogin.php): failed to open stream: No such file or directory in /var/www/html/efms/api/vendor/composer/ClassLoader.php:444
Stack trace:
#0 /var/www/html/efms/api/vendor/composer/ClassLoader.php(444): Laravel\Lumen\Application->Laravel\Lumen\Concerns\{closure}()
#1 /var/www/html/efms/api/vendor/composer/ClassLoader.php(444): include()
#2 /var/www/html/efms/api/vendor/composer/ClassLoader.php(322): Composer\Autoload\includeFile()
#3 [internal function]: Composer\Autoload\ClassLoader->loadClass()
#4 /var/www/html/efms/api/app/Http/Middleware/Authenticate.php(54): spl_autoload_call()
#5 /var/www/html/efms/api/vendor/illuminate/pipeline/Pipeline.php(163): App\Http\Middleware\Authenticate->handle()
#6 [internal function]: Illuminate\Pipeline\Pipeline->Illuminate\Pipeline\{closure}()
#7 /var/www/html/efms/api/vendor/laravel/lumen-framework/src/Routing/Pipeline.php(32): call_user_func()
#8 /var/www/html/efms/api/vendor/illuminate/pipeline/Pipeline.php(104): Laravel\Lumen\Routing\Pipeline->Laravel\Lumen\Routing\{closure}()
#9 /var/www/html/efms/api/vendor/laravel/lumen-framework/src/Concerns/RoutesRequests.php(413): Illuminate\Pipeline\Pipeline->then()
#10 /var/www/html/efms/api/vendor/laravel/lumen-framework/src/Concerns/RoutesRequests.php(259): Laravel\Lumen\Application->sendThroughPipeline()
#11 /var/www/html/efms/api/vendor/laravel/lumen-framework/src/Concerns/RoutesRequests.php(233): Laravel\Lumen\Application->handleFoundRoute()
#12 /var/www/html/efms/api/vendor/laravel/lumen-framework/src/Concerns/RoutesRequests.php(169): Laravel\Lumen\Application->handleDispatcherResponse()
#13 /var/www/html/efms/api/vendor/laravel/lumen-framework/src/Concerns/RoutesRequests.php(416): Laravel\Lumen\Application->Laravel\Lumen\Concerns\{closure}()
#14 /var/www/html/efms/api/vendor/laravel/lumen-framework/src/Concerns/RoutesRequests.php(171): Laravel\Lumen\Application->sendThroughPipeline()
#15 /var/www/html/efms/api/vendor/laravel/lumen-framework/src/Concerns/RoutesRequests.php(108): Laravel\Lumen\Application->dispatch()
#16 /var/www/html/efms/api/public/index.php(28): Laravel\Lumen\Application->run()
#17 /var/www/html/efms/api/index.php(22): require_once('/var/www/html/e...')
#18 {main} {"exception":"[object] (ErrorException(code: 0): include(/var/www/html/efms/api/vendor/composer/../../app/Models/ModelLogin.php): failed to open stream: No such file or directory at /var/www/html/efms/api/vendor/composer/ClassLoader.php:444)
[stacktrace]
#0 /var/www/html/efms/api/vendor/composer/ClassLoader.php(444): Laravel\\Lumen\\Application->Laravel\\Lumen\\Concerns\\{closure}()
#1 /var/www/html/efms/api/vendor/composer/ClassLoader.php(444): include()
#2 /var/www/html/efms/api/vendor/composer/ClassLoader.php(322): Composer\\Autoload\\includeFile()
#3 [internal function]: Composer\\Autoload\\ClassLoader->loadClass()
#4 /var/www/html/efms/api/app/Http/Middleware/Authenticate.php(54): spl_autoload_call()
#5 /var/www/html/efms/api/vendor/illuminate/pipeline/Pipeline.php(163): App\\Http\\Middleware\\Authenticate->handle()
#6 [internal function]: Illuminate\\Pipeline\\Pipeline->Illuminate\\Pipeline\\{closure}()
#7 /var/www/html/efms/api/vendor/laravel/lumen-framework/src/Routing/Pipeline.php(32): call_user_func()
#8 /var/www/html/efms/api/vendor/illuminate/pipeline/Pipeline.php(104): Laravel\\Lumen\\Routing\\Pipeline->Laravel\\Lumen\\Routing\\{closure}()
#9 /var/www/html/efms/api/vendor/laravel/lumen-framework/src/Concerns/RoutesRequests.php(413): Illuminate\\Pipeline\\Pipeline->then()
#10 /var/www/html/efms/api/vendor/laravel/lumen-framework/src/Concerns/RoutesRequests.php(259): Laravel\\Lumen\\Application->sendThroughPipeline()
#11 /var/www/html/efms/api/vendor/laravel/lumen-framework/src/Concerns/RoutesRequests.php(233): Laravel\\Lumen\\Application->handleFoundRoute()
#12 /var/www/html/efms/api/vendor/laravel/lumen-framework/src/Concerns/RoutesRequests.php(169): Laravel\\Lumen\\Application->handleDispatcherResponse()
#13 /var/www/html/efms/api/vendor/laravel/lumen-framework/src/Concerns/RoutesRequests.php(416): Laravel\\Lumen\\Application->Laravel\\Lumen\\Concerns\\{closure}()
#14 /var/www/html/efms/api/vendor/laravel/lumen-framework/src/Concerns/RoutesRequests.php(171): Laravel\\Lumen\\Application->sendThroughPipeline()
#15 /var/www/html/efms/api/vendor/laravel/lumen-framework/src/Concerns/RoutesRequests.php(108): Laravel\\Lumen\\Application->dispatch()
#16 /var/www/html/efms/api/public/index.php(28): Laravel\\Lumen\\Application->run()
#17 /var/www/html/efms/api/index.php(22): require_once('/var/www/html/e...')
#18 {main}
"} 
[2025-08-28 11:36:47] staging.ERROR: ErrorException: include(/var/www/html/efms/api/vendor/composer/../../app/Models/ModelLogin.php): failed to open stream: No such file or directory in /var/www/html/efms/api/vendor/composer/ClassLoader.php:444
Stack trace:
#0 /var/www/html/efms/api/vendor/composer/ClassLoader.php(444): Laravel\Lumen\Application->Laravel\Lumen\Concerns\{closure}()
#1 /var/www/html/efms/api/vendor/composer/ClassLoader.php(444): include()
#2 /var/www/html/efms/api/vendor/composer/ClassLoader.php(322): Composer\Autoload\includeFile()
#3 [internal function]: Composer\Autoload\ClassLoader->loadClass()
#4 /var/www/html/efms/api/app/Http/Middleware/Authenticate.php(54): spl_autoload_call()
#5 /var/www/html/efms/api/vendor/illuminate/pipeline/Pipeline.php(163): App\Http\Middleware\Authenticate->handle()
#6 [internal function]: Illuminate\Pipeline\Pipeline->Illuminate\Pipeline\{closure}()
#7 /var/www/html/efms/api/vendor/laravel/lumen-framework/src/Routing/Pipeline.php(32): call_user_func()
#8 /var/www/html/efms/api/vendor/illuminate/pipeline/Pipeline.php(104): Laravel\Lumen\Routing\Pipeline->Laravel\Lumen\Routing\{closure}()
#9 /var/www/html/efms/api/vendor/laravel/lumen-framework/src/Concerns/RoutesRequests.php(413): Illuminate\Pipeline\Pipeline->then()
#10 /var/www/html/efms/api/vendor/laravel/lumen-framework/src/Concerns/RoutesRequests.php(259): Laravel\Lumen\Application->sendThroughPipeline()
#11 /var/www/html/efms/api/vendor/laravel/lumen-framework/src/Concerns/RoutesRequests.php(233): Laravel\Lumen\Application->handleFoundRoute()
#12 /var/www/html/efms/api/vendor/laravel/lumen-framework/src/Concerns/RoutesRequests.php(169): Laravel\Lumen\Application->handleDispatcherResponse()
#13 /var/www/html/efms/api/vendor/laravel/lumen-framework/src/Concerns/RoutesRequests.php(416): Laravel\Lumen\Application->Laravel\Lumen\Concerns\{closure}()
#14 /var/www/html/efms/api/vendor/laravel/lumen-framework/src/Concerns/RoutesRequests.php(171): Laravel\Lumen\Application->sendThroughPipeline()
#15 /var/www/html/efms/api/vendor/laravel/lumen-framework/src/Concerns/RoutesRequests.php(108): Laravel\Lumen\Application->dispatch()
#16 /var/www/html/efms/api/public/index.php(28): Laravel\Lumen\Application->run()
#17 /var/www/html/efms/api/index.php(22): require_once('/var/www/html/e...')
#18 {main} {"exception":"[object] (ErrorException(code: 0): include(/var/www/html/efms/api/vendor/composer/../../app/Models/ModelLogin.php): failed to open stream: No such file or directory at /var/www/html/efms/api/vendor/composer/ClassLoader.php:444)
[stacktrace]
#0 /var/www/html/efms/api/vendor/composer/ClassLoader.php(444): Laravel\\Lumen\\Application->Laravel\\Lumen\\Concerns\\{closure}()
#1 /var/www/html/efms/api/vendor/composer/ClassLoader.php(444): include()
#2 /var/www/html/efms/api/vendor/composer/ClassLoader.php(322): Composer\\Autoload\\includeFile()
#3 [internal function]: Composer\\Autoload\\ClassLoader->loadClass()
#4 /var/www/html/efms/api/app/Http/Middleware/Authenticate.php(54): spl_autoload_call()
#5 /var/www/html/efms/api/vendor/illuminate/pipeline/Pipeline.php(163): App\\Http\\Middleware\\Authenticate->handle()
#6 [internal function]: Illuminate\\Pipeline\\Pipeline->Illuminate\\Pipeline\\{closure}()
#7 /var/www/html/efms/api/vendor/laravel/lumen-framework/src/Routing/Pipeline.php(32): call_user_func()
#8 /var/www/html/efms/api/vendor/illuminate/pipeline/Pipeline.php(104): Laravel\\Lumen\\Routing\\Pipeline->Laravel\\Lumen\\Routing\\{closure}()
#9 /var/www/html/efms/api/vendor/laravel/lumen-framework/src/Concerns/RoutesRequests.php(413): Illuminate\\Pipeline\\Pipeline->then()
#10 /var/www/html/efms/api/vendor/laravel/lumen-framework/src/Concerns/RoutesRequests.php(259): Laravel\\Lumen\\Application->sendThroughPipeline()
#11 /var/www/html/efms/api/vendor/laravel/lumen-framework/src/Concerns/RoutesRequests.php(233): Laravel\\Lumen\\Application->handleFoundRoute()
#12 /var/www/html/efms/api/vendor/laravel/lumen-framework/src/Concerns/RoutesRequests.php(169): Laravel\\Lumen\\Application->handleDispatcherResponse()
#13 /var/www/html/efms/api/vendor/laravel/lumen-framework/src/Concerns/RoutesRequests.php(416): Laravel\\Lumen\\Application->Laravel\\Lumen\\Concerns\\{closure}()
#14 /var/www/html/efms/api/vendor/laravel/lumen-framework/src/Concerns/RoutesRequests.php(171): Laravel\\Lumen\\Application->sendThroughPipeline()
#15 /var/www/html/efms/api/vendor/laravel/lumen-framework/src/Concerns/RoutesRequests.php(108): Laravel\\Lumen\\Application->dispatch()
#16 /var/www/html/efms/api/public/index.php(28): Laravel\\Lumen\\Application->run()
#17 /var/www/html/efms/api/index.php(22): require_once('/var/www/html/e...')
#18 {main}
"} 
[2025-08-28 11:37:38] staging.ERROR: ErrorException: include(/var/www/html/efms/api/vendor/composer/../../app/Models/ModelLogin.php): failed to open stream: No such file or directory in /var/www/html/efms/api/vendor/composer/ClassLoader.php:444
Stack trace:
#0 /var/www/html/efms/api/vendor/composer/ClassLoader.php(444): Laravel\Lumen\Application->Laravel\Lumen\Concerns\{closure}()
#1 /var/www/html/efms/api/vendor/composer/ClassLoader.php(444): include()
#2 /var/www/html/efms/api/vendor/composer/ClassLoader.php(322): Composer\Autoload\includeFile()
#3 [internal function]: Composer\Autoload\ClassLoader->loadClass()
#4 /var/www/html/efms/api/app/Http/Middleware/Authenticate.php(54): spl_autoload_call()
#5 /var/www/html/efms/api/vendor/illuminate/pipeline/Pipeline.php(163): App\Http\Middleware\Authenticate->handle()
#6 [internal function]: Illuminate\Pipeline\Pipeline->Illuminate\Pipeline\{closure}()
#7 /var/www/html/efms/api/vendor/laravel/lumen-framework/src/Routing/Pipeline.php(32): call_user_func()
#8 /var/www/html/efms/api/vendor/illuminate/pipeline/Pipeline.php(104): Laravel\Lumen\Routing\Pipeline->Laravel\Lumen\Routing\{closure}()
#9 /var/www/html/efms/api/vendor/laravel/lumen-framework/src/Concerns/RoutesRequests.php(413): Illuminate\Pipeline\Pipeline->then()
#10 /var/www/html/efms/api/vendor/laravel/lumen-framework/src/Concerns/RoutesRequests.php(259): Laravel\Lumen\Application->sendThroughPipeline()
#11 /var/www/html/efms/api/vendor/laravel/lumen-framework/src/Concerns/RoutesRequests.php(233): Laravel\Lumen\Application->handleFoundRoute()
#12 /var/www/html/efms/api/vendor/laravel/lumen-framework/src/Concerns/RoutesRequests.php(169): Laravel\Lumen\Application->handleDispatcherResponse()
#13 /var/www/html/efms/api/vendor/laravel/lumen-framework/src/Concerns/RoutesRequests.php(416): Laravel\Lumen\Application->Laravel\Lumen\Concerns\{closure}()
#14 /var/www/html/efms/api/vendor/laravel/lumen-framework/src/Concerns/RoutesRequests.php(171): Laravel\Lumen\Application->sendThroughPipeline()
#15 /var/www/html/efms/api/vendor/laravel/lumen-framework/src/Concerns/RoutesRequests.php(108): Laravel\Lumen\Application->dispatch()
#16 /var/www/html/efms/api/public/index.php(28): Laravel\Lumen\Application->run()
#17 /var/www/html/efms/api/index.php(22): require_once('/var/www/html/e...')
#18 {main} {"exception":"[object] (ErrorException(code: 0): include(/var/www/html/efms/api/vendor/composer/../../app/Models/ModelLogin.php): failed to open stream: No such file or directory at /var/www/html/efms/api/vendor/composer/ClassLoader.php:444)
[stacktrace]
#0 /var/www/html/efms/api/vendor/composer/ClassLoader.php(444): Laravel\\Lumen\\Application->Laravel\\Lumen\\Concerns\\{closure}()
#1 /var/www/html/efms/api/vendor/composer/ClassLoader.php(444): include()
#2 /var/www/html/efms/api/vendor/composer/ClassLoader.php(322): Composer\\Autoload\\includeFile()
#3 [internal function]: Composer\\Autoload\\ClassLoader->loadClass()
#4 /var/www/html/efms/api/app/Http/Middleware/Authenticate.php(54): spl_autoload_call()
#5 /var/www/html/efms/api/vendor/illuminate/pipeline/Pipeline.php(163): App\\Http\\Middleware\\Authenticate->handle()
#6 [internal function]: Illuminate\\Pipeline\\Pipeline->Illuminate\\Pipeline\\{closure}()
#7 /var/www/html/efms/api/vendor/laravel/lumen-framework/src/Routing/Pipeline.php(32): call_user_func()
#8 /var/www/html/efms/api/vendor/illuminate/pipeline/Pipeline.php(104): Laravel\\Lumen\\Routing\\Pipeline->Laravel\\Lumen\\Routing\\{closure}()
#9 /var/www/html/efms/api/vendor/laravel/lumen-framework/src/Concerns/RoutesRequests.php(413): Illuminate\\Pipeline\\Pipeline->then()
#10 /var/www/html/efms/api/vendor/laravel/lumen-framework/src/Concerns/RoutesRequests.php(259): Laravel\\Lumen\\Application->sendThroughPipeline()
#11 /var/www/html/efms/api/vendor/laravel/lumen-framework/src/Concerns/RoutesRequests.php(233): Laravel\\Lumen\\Application->handleFoundRoute()
#12 /var/www/html/efms/api/vendor/laravel/lumen-framework/src/Concerns/RoutesRequests.php(169): Laravel\\Lumen\\Application->handleDispatcherResponse()
#13 /var/www/html/efms/api/vendor/laravel/lumen-framework/src/Concerns/RoutesRequests.php(416): Laravel\\Lumen\\Application->Laravel\\Lumen\\Concerns\\{closure}()
#14 /var/www/html/efms/api/vendor/laravel/lumen-framework/src/Concerns/RoutesRequests.php(171): Laravel\\Lumen\\Application->sendThroughPipeline()
#15 /var/www/html/efms/api/vendor/laravel/lumen-framework/src/Concerns/RoutesRequests.php(108): Laravel\\Lumen\\Application->dispatch()
#16 /var/www/html/efms/api/public/index.php(28): Laravel\\Lumen\\Application->run()
#17 /var/www/html/efms/api/index.php(22): require_once('/var/www/html/e...')
#18 {main}
"} 
[2025-08-28 11:38:05] staging.ERROR: ErrorException: include(/var/www/html/efms/api/vendor/composer/../../app/Models/ModelLogin.php): failed to open stream: No such file or directory in /var/www/html/efms/api/vendor/composer/ClassLoader.php:444
Stack trace:
#0 /var/www/html/efms/api/vendor/composer/ClassLoader.php(444): Laravel\Lumen\Application->Laravel\Lumen\Concerns\{closure}()
#1 /var/www/html/efms/api/vendor/composer/ClassLoader.php(444): include()
#2 /var/www/html/efms/api/vendor/composer/ClassLoader.php(322): Composer\Autoload\includeFile()
#3 [internal function]: Composer\Autoload\ClassLoader->loadClass()
#4 /var/www/html/efms/api/app/Http/Middleware/Authenticate.php(54): spl_autoload_call()
#5 /var/www/html/efms/api/vendor/illuminate/pipeline/Pipeline.php(163): App\Http\Middleware\Authenticate->handle()
#6 [internal function]: Illuminate\Pipeline\Pipeline->Illuminate\Pipeline\{closure}()
#7 /var/www/html/efms/api/vendor/laravel/lumen-framework/src/Routing/Pipeline.php(32): call_user_func()
#8 /var/www/html/efms/api/vendor/illuminate/pipeline/Pipeline.php(104): Laravel\Lumen\Routing\Pipeline->Laravel\Lumen\Routing\{closure}()
#9 /var/www/html/efms/api/vendor/laravel/lumen-framework/src/Concerns/RoutesRequests.php(413): Illuminate\Pipeline\Pipeline->then()
#10 /var/www/html/efms/api/vendor/laravel/lumen-framework/src/Concerns/RoutesRequests.php(259): Laravel\Lumen\Application->sendThroughPipeline()
#11 /var/www/html/efms/api/vendor/laravel/lumen-framework/src/Concerns/RoutesRequests.php(233): Laravel\Lumen\Application->handleFoundRoute()
#12 /var/www/html/efms/api/vendor/laravel/lumen-framework/src/Concerns/RoutesRequests.php(169): Laravel\Lumen\Application->handleDispatcherResponse()
#13 /var/www/html/efms/api/vendor/laravel/lumen-framework/src/Concerns/RoutesRequests.php(416): Laravel\Lumen\Application->Laravel\Lumen\Concerns\{closure}()
#14 /var/www/html/efms/api/vendor/laravel/lumen-framework/src/Concerns/RoutesRequests.php(171): Laravel\Lumen\Application->sendThroughPipeline()
#15 /var/www/html/efms/api/vendor/laravel/lumen-framework/src/Concerns/RoutesRequests.php(108): Laravel\Lumen\Application->dispatch()
#16 /var/www/html/efms/api/public/index.php(28): Laravel\Lumen\Application->run()
#17 /var/www/html/efms/api/index.php(22): require_once('/var/www/html/e...')
#18 {main} {"exception":"[object] (ErrorException(code: 0): include(/var/www/html/efms/api/vendor/composer/../../app/Models/ModelLogin.php): failed to open stream: No such file or directory at /var/www/html/efms/api/vendor/composer/ClassLoader.php:444)
[stacktrace]
#0 /var/www/html/efms/api/vendor/composer/ClassLoader.php(444): Laravel\\Lumen\\Application->Laravel\\Lumen\\Concerns\\{closure}()
#1 /var/www/html/efms/api/vendor/composer/ClassLoader.php(444): include()
#2 /var/www/html/efms/api/vendor/composer/ClassLoader.php(322): Composer\\Autoload\\includeFile()
#3 [internal function]: Composer\\Autoload\\ClassLoader->loadClass()
#4 /var/www/html/efms/api/app/Http/Middleware/Authenticate.php(54): spl_autoload_call()
#5 /var/www/html/efms/api/vendor/illuminate/pipeline/Pipeline.php(163): App\\Http\\Middleware\\Authenticate->handle()
#6 [internal function]: Illuminate\\Pipeline\\Pipeline->Illuminate\\Pipeline\\{closure}()
#7 /var/www/html/efms/api/vendor/laravel/lumen-framework/src/Routing/Pipeline.php(32): call_user_func()
#8 /var/www/html/efms/api/vendor/illuminate/pipeline/Pipeline.php(104): Laravel\\Lumen\\Routing\\Pipeline->Laravel\\Lumen\\Routing\\{closure}()
#9 /var/www/html/efms/api/vendor/laravel/lumen-framework/src/Concerns/RoutesRequests.php(413): Illuminate\\Pipeline\\Pipeline->then()
#10 /var/www/html/efms/api/vendor/laravel/lumen-framework/src/Concerns/RoutesRequests.php(259): Laravel\\Lumen\\Application->sendThroughPipeline()
#11 /var/www/html/efms/api/vendor/laravel/lumen-framework/src/Concerns/RoutesRequests.php(233): Laravel\\Lumen\\Application->handleFoundRoute()
#12 /var/www/html/efms/api/vendor/laravel/lumen-framework/src/Concerns/RoutesRequests.php(169): Laravel\\Lumen\\Application->handleDispatcherResponse()
#13 /var/www/html/efms/api/vendor/laravel/lumen-framework/src/Concerns/RoutesRequests.php(416): Laravel\\Lumen\\Application->Laravel\\Lumen\\Concerns\\{closure}()
#14 /var/www/html/efms/api/vendor/laravel/lumen-framework/src/Concerns/RoutesRequests.php(171): Laravel\\Lumen\\Application->sendThroughPipeline()
#15 /var/www/html/efms/api/vendor/laravel/lumen-framework/src/Concerns/RoutesRequests.php(108): Laravel\\Lumen\\Application->dispatch()
#16 /var/www/html/efms/api/public/index.php(28): Laravel\\Lumen\\Application->run()
#17 /var/www/html/efms/api/index.php(22): require_once('/var/www/html/e...')
#18 {main}
"} 
[2025-08-28 11:40:30] staging.ERROR: ErrorException: Trying to get property 'Fullname' of non-object in /var/www/html/efms/api/app/Http/Controllers/UserController.php:23
Stack trace:
#0 /var/www/html/efms/api/app/Http/Controllers/UserController.php(23): Laravel\Lumen\Application->Laravel\Lumen\Concerns\{closure}()
#1 [internal function]: App\Http\Controllers\UserController->get_user()
#2 /var/www/html/efms/api/vendor/illuminate/container/BoundMethod.php(32): call_user_func_array()
#3 /var/www/html/efms/api/vendor/illuminate/container/BoundMethod.php(90): Illuminate\Container\BoundMethod::Illuminate\Container\{closure}()
#4 /var/www/html/efms/api/vendor/illuminate/container/BoundMethod.php(34): Illuminate\Container\BoundMethod::callBoundMethod()
#5 /var/www/html/efms/api/vendor/illuminate/container/Container.php(576): Illuminate\Container\BoundMethod::call()
#6 /var/www/html/efms/api/vendor/laravel/lumen-framework/src/Concerns/RoutesRequests.php(376): Illuminate\Container\Container->call()
#7 /var/www/html/efms/api/vendor/laravel/lumen-framework/src/Concerns/RoutesRequests.php(342): Laravel\Lumen\Application->callControllerCallable()
#8 /var/www/html/efms/api/vendor/laravel/lumen-framework/src/Concerns/RoutesRequests.php(316): Laravel\Lumen\Application->callLumenController()
#9 /var/www/html/efms/api/vendor/laravel/lumen-framework/src/Concerns/RoutesRequests.php(278): Laravel\Lumen\Application->callControllerAction()
#10 /var/www/html/efms/api/vendor/laravel/lumen-framework/src/Concerns/RoutesRequests.php(258): Laravel\Lumen\Application->callActionOnArrayBasedRoute()
#11 [internal function]: Laravel\Lumen\Application->Laravel\Lumen\Concerns\{closure}()
#12 /var/www/html/efms/api/vendor/laravel/lumen-framework/src/Routing/Pipeline.php(52): call_user_func()
#13 /var/www/html/efms/api/app/Http/Middleware/Authenticate.php(64): Laravel\Lumen\Routing\Pipeline->Laravel\Lumen\Routing\{closure}()
#14 /var/www/html/efms/api/vendor/illuminate/pipeline/Pipeline.php(163): App\Http\Middleware\Authenticate->handle()
#15 [internal function]: Illuminate\Pipeline\Pipeline->Illuminate\Pipeline\{closure}()
#16 /var/www/html/efms/api/vendor/laravel/lumen-framework/src/Routing/Pipeline.php(32): call_user_func()
#17 /var/www/html/efms/api/vendor/illuminate/pipeline/Pipeline.php(104): Laravel\Lumen\Routing\Pipeline->Laravel\Lumen\Routing\{closure}()
#18 /var/www/html/efms/api/vendor/laravel/lumen-framework/src/Concerns/RoutesRequests.php(413): Illuminate\Pipeline\Pipeline->then()
#19 /var/www/html/efms/api/vendor/laravel/lumen-framework/src/Concerns/RoutesRequests.php(259): Laravel\Lumen\Application->sendThroughPipeline()
#20 /var/www/html/efms/api/vendor/laravel/lumen-framework/src/Concerns/RoutesRequests.php(233): Laravel\Lumen\Application->handleFoundRoute()
#21 /var/www/html/efms/api/vendor/laravel/lumen-framework/src/Concerns/RoutesRequests.php(169): Laravel\Lumen\Application->handleDispatcherResponse()
#22 /var/www/html/efms/api/vendor/laravel/lumen-framework/src/Concerns/RoutesRequests.php(416): Laravel\Lumen\Application->Laravel\Lumen\Concerns\{closure}()
#23 /var/www/html/efms/api/vendor/laravel/lumen-framework/src/Concerns/RoutesRequests.php(171): Laravel\Lumen\Application->sendThroughPipeline()
#24 /var/www/html/efms/api/vendor/laravel/lumen-framework/src/Concerns/RoutesRequests.php(108): Laravel\Lumen\Application->dispatch()
#25 /var/www/html/efms/api/public/index.php(28): Laravel\Lumen\Application->run()
#26 /var/www/html/efms/api/index.php(22): require_once('/var/www/html/e...')
#27 {main} {"exception":"[object] (ErrorException(code: 0): Trying to get property 'Fullname' of non-object at /var/www/html/efms/api/app/Http/Controllers/UserController.php:23)
[stacktrace]
#0 /var/www/html/efms/api/app/Http/Controllers/UserController.php(23): Laravel\\Lumen\\Application->Laravel\\Lumen\\Concerns\\{closure}()
#1 [internal function]: App\\Http\\Controllers\\UserController->get_user()
#2 /var/www/html/efms/api/vendor/illuminate/container/BoundMethod.php(32): call_user_func_array()
#3 /var/www/html/efms/api/vendor/illuminate/container/BoundMethod.php(90): Illuminate\\Container\\BoundMethod::Illuminate\\Container\\{closure}()
#4 /var/www/html/efms/api/vendor/illuminate/container/BoundMethod.php(34): Illuminate\\Container\\BoundMethod::callBoundMethod()
#5 /var/www/html/efms/api/vendor/illuminate/container/Container.php(576): Illuminate\\Container\\BoundMethod::call()
#6 /var/www/html/efms/api/vendor/laravel/lumen-framework/src/Concerns/RoutesRequests.php(376): Illuminate\\Container\\Container->call()
#7 /var/www/html/efms/api/vendor/laravel/lumen-framework/src/Concerns/RoutesRequests.php(342): Laravel\\Lumen\\Application->callControllerCallable()
#8 /var/www/html/efms/api/vendor/laravel/lumen-framework/src/Concerns/RoutesRequests.php(316): Laravel\\Lumen\\Application->callLumenController()
#9 /var/www/html/efms/api/vendor/laravel/lumen-framework/src/Concerns/RoutesRequests.php(278): Laravel\\Lumen\\Application->callControllerAction()
#10 /var/www/html/efms/api/vendor/laravel/lumen-framework/src/Concerns/RoutesRequests.php(258): Laravel\\Lumen\\Application->callActionOnArrayBasedRoute()
#11 [internal function]: Laravel\\Lumen\\Application->Laravel\\Lumen\\Concerns\\{closure}()
#12 /var/www/html/efms/api/vendor/laravel/lumen-framework/src/Routing/Pipeline.php(52): call_user_func()
#13 /var/www/html/efms/api/app/Http/Middleware/Authenticate.php(64): Laravel\\Lumen\\Routing\\Pipeline->Laravel\\Lumen\\Routing\\{closure}()
#14 /var/www/html/efms/api/vendor/illuminate/pipeline/Pipeline.php(163): App\\Http\\Middleware\\Authenticate->handle()
#15 [internal function]: Illuminate\\Pipeline\\Pipeline->Illuminate\\Pipeline\\{closure}()
#16 /var/www/html/efms/api/vendor/laravel/lumen-framework/src/Routing/Pipeline.php(32): call_user_func()
#17 /var/www/html/efms/api/vendor/illuminate/pipeline/Pipeline.php(104): Laravel\\Lumen\\Routing\\Pipeline->Laravel\\Lumen\\Routing\\{closure}()
#18 /var/www/html/efms/api/vendor/laravel/lumen-framework/src/Concerns/RoutesRequests.php(413): Illuminate\\Pipeline\\Pipeline->then()
#19 /var/www/html/efms/api/vendor/laravel/lumen-framework/src/Concerns/RoutesRequests.php(259): Laravel\\Lumen\\Application->sendThroughPipeline()
#20 /var/www/html/efms/api/vendor/laravel/lumen-framework/src/Concerns/RoutesRequests.php(233): Laravel\\Lumen\\Application->handleFoundRoute()
#21 /var/www/html/efms/api/vendor/laravel/lumen-framework/src/Concerns/RoutesRequests.php(169): Laravel\\Lumen\\Application->handleDispatcherResponse()
#22 /var/www/html/efms/api/vendor/laravel/lumen-framework/src/Concerns/RoutesRequests.php(416): Laravel\\Lumen\\Application->Laravel\\Lumen\\Concerns\\{closure}()
#23 /var/www/html/efms/api/vendor/laravel/lumen-framework/src/Concerns/RoutesRequests.php(171): Laravel\\Lumen\\Application->sendThroughPipeline()
#24 /var/www/html/efms/api/vendor/laravel/lumen-framework/src/Concerns/RoutesRequests.php(108): Laravel\\Lumen\\Application->dispatch()
#25 /var/www/html/efms/api/public/index.php(28): Laravel\\Lumen\\Application->run()
#26 /var/www/html/efms/api/index.php(22): require_once('/var/www/html/e...')
#27 {main}
"} 
[2025-08-28 11:41:13] staging.ERROR: ErrorException: Trying to get property 'Fullname' of non-object in /var/www/html/efms/api/app/Http/Controllers/UserController.php:23
Stack trace:
#0 /var/www/html/efms/api/app/Http/Controllers/UserController.php(23): Laravel\Lumen\Application->Laravel\Lumen\Concerns\{closure}()
#1 [internal function]: App\Http\Controllers\UserController->get_user()
#2 /var/www/html/efms/api/vendor/illuminate/container/BoundMethod.php(32): call_user_func_array()
#3 /var/www/html/efms/api/vendor/illuminate/container/BoundMethod.php(90): Illuminate\Container\BoundMethod::Illuminate\Container\{closure}()
#4 /var/www/html/efms/api/vendor/illuminate/container/BoundMethod.php(34): Illuminate\Container\BoundMethod::callBoundMethod()
#5 /var/www/html/efms/api/vendor/illuminate/container/Container.php(576): Illuminate\Container\BoundMethod::call()
#6 /var/www/html/efms/api/vendor/laravel/lumen-framework/src/Concerns/RoutesRequests.php(376): Illuminate\Container\Container->call()
#7 /var/www/html/efms/api/vendor/laravel/lumen-framework/src/Concerns/RoutesRequests.php(342): Laravel\Lumen\Application->callControllerCallable()
#8 /var/www/html/efms/api/vendor/laravel/lumen-framework/src/Concerns/RoutesRequests.php(316): Laravel\Lumen\Application->callLumenController()
#9 /var/www/html/efms/api/vendor/laravel/lumen-framework/src/Concerns/RoutesRequests.php(278): Laravel\Lumen\Application->callControllerAction()
#10 /var/www/html/efms/api/vendor/laravel/lumen-framework/src/Concerns/RoutesRequests.php(258): Laravel\Lumen\Application->callActionOnArrayBasedRoute()
#11 [internal function]: Laravel\Lumen\Application->Laravel\Lumen\Concerns\{closure}()
#12 /var/www/html/efms/api/vendor/laravel/lumen-framework/src/Routing/Pipeline.php(52): call_user_func()
#13 /var/www/html/efms/api/app/Http/Middleware/Authenticate.php(64): Laravel\Lumen\Routing\Pipeline->Laravel\Lumen\Routing\{closure}()
#14 /var/www/html/efms/api/vendor/illuminate/pipeline/Pipeline.php(163): App\Http\Middleware\Authenticate->handle()
#15 [internal function]: Illuminate\Pipeline\Pipeline->Illuminate\Pipeline\{closure}()
#16 /var/www/html/efms/api/vendor/laravel/lumen-framework/src/Routing/Pipeline.php(32): call_user_func()
#17 /var/www/html/efms/api/vendor/illuminate/pipeline/Pipeline.php(104): Laravel\Lumen\Routing\Pipeline->Laravel\Lumen\Routing\{closure}()
#18 /var/www/html/efms/api/vendor/laravel/lumen-framework/src/Concerns/RoutesRequests.php(413): Illuminate\Pipeline\Pipeline->then()
#19 /var/www/html/efms/api/vendor/laravel/lumen-framework/src/Concerns/RoutesRequests.php(259): Laravel\Lumen\Application->sendThroughPipeline()
#20 /var/www/html/efms/api/vendor/laravel/lumen-framework/src/Concerns/RoutesRequests.php(233): Laravel\Lumen\Application->handleFoundRoute()
#21 /var/www/html/efms/api/vendor/laravel/lumen-framework/src/Concerns/RoutesRequests.php(169): Laravel\Lumen\Application->handleDispatcherResponse()
#22 /var/www/html/efms/api/vendor/laravel/lumen-framework/src/Concerns/RoutesRequests.php(416): Laravel\Lumen\Application->Laravel\Lumen\Concerns\{closure}()
#23 /var/www/html/efms/api/vendor/laravel/lumen-framework/src/Concerns/RoutesRequests.php(171): Laravel\Lumen\Application->sendThroughPipeline()
#24 /var/www/html/efms/api/vendor/laravel/lumen-framework/src/Concerns/RoutesRequests.php(108): Laravel\Lumen\Application->dispatch()
#25 /var/www/html/efms/api/public/index.php(28): Laravel\Lumen\Application->run()
#26 /var/www/html/efms/api/index.php(22): require_once('/var/www/html/e...')
#27 {main} {"exception":"[object] (ErrorException(code: 0): Trying to get property 'Fullname' of non-object at /var/www/html/efms/api/app/Http/Controllers/UserController.php:23)
[stacktrace]
#0 /var/www/html/efms/api/app/Http/Controllers/UserController.php(23): Laravel\\Lumen\\Application->Laravel\\Lumen\\Concerns\\{closure}()
#1 [internal function]: App\\Http\\Controllers\\UserController->get_user()
#2 /var/www/html/efms/api/vendor/illuminate/container/BoundMethod.php(32): call_user_func_array()
#3 /var/www/html/efms/api/vendor/illuminate/container/BoundMethod.php(90): Illuminate\\Container\\BoundMethod::Illuminate\\Container\\{closure}()
#4 /var/www/html/efms/api/vendor/illuminate/container/BoundMethod.php(34): Illuminate\\Container\\BoundMethod::callBoundMethod()
#5 /var/www/html/efms/api/vendor/illuminate/container/Container.php(576): Illuminate\\Container\\BoundMethod::call()
#6 /var/www/html/efms/api/vendor/laravel/lumen-framework/src/Concerns/RoutesRequests.php(376): Illuminate\\Container\\Container->call()
#7 /var/www/html/efms/api/vendor/laravel/lumen-framework/src/Concerns/RoutesRequests.php(342): Laravel\\Lumen\\Application->callControllerCallable()
#8 /var/www/html/efms/api/vendor/laravel/lumen-framework/src/Concerns/RoutesRequests.php(316): Laravel\\Lumen\\Application->callLumenController()
#9 /var/www/html/efms/api/vendor/laravel/lumen-framework/src/Concerns/RoutesRequests.php(278): Laravel\\Lumen\\Application->callControllerAction()
#10 /var/www/html/efms/api/vendor/laravel/lumen-framework/src/Concerns/RoutesRequests.php(258): Laravel\\Lumen\\Application->callActionOnArrayBasedRoute()
#11 [internal function]: Laravel\\Lumen\\Application->Laravel\\Lumen\\Concerns\\{closure}()
#12 /var/www/html/efms/api/vendor/laravel/lumen-framework/src/Routing/Pipeline.php(52): call_user_func()
#13 /var/www/html/efms/api/app/Http/Middleware/Authenticate.php(64): Laravel\\Lumen\\Routing\\Pipeline->Laravel\\Lumen\\Routing\\{closure}()
#14 /var/www/html/efms/api/vendor/illuminate/pipeline/Pipeline.php(163): App\\Http\\Middleware\\Authenticate->handle()
#15 [internal function]: Illuminate\\Pipeline\\Pipeline->Illuminate\\Pipeline\\{closure}()
#16 /var/www/html/efms/api/vendor/laravel/lumen-framework/src/Routing/Pipeline.php(32): call_user_func()
#17 /var/www/html/efms/api/vendor/illuminate/pipeline/Pipeline.php(104): Laravel\\Lumen\\Routing\\Pipeline->Laravel\\Lumen\\Routing\\{closure}()
#18 /var/www/html/efms/api/vendor/laravel/lumen-framework/src/Concerns/RoutesRequests.php(413): Illuminate\\Pipeline\\Pipeline->then()
#19 /var/www/html/efms/api/vendor/laravel/lumen-framework/src/Concerns/RoutesRequests.php(259): Laravel\\Lumen\\Application->sendThroughPipeline()
#20 /var/www/html/efms/api/vendor/laravel/lumen-framework/src/Concerns/RoutesRequests.php(233): Laravel\\Lumen\\Application->handleFoundRoute()
#21 /var/www/html/efms/api/vendor/laravel/lumen-framework/src/Concerns/RoutesRequests.php(169): Laravel\\Lumen\\Application->handleDispatcherResponse()
#22 /var/www/html/efms/api/vendor/laravel/lumen-framework/src/Concerns/RoutesRequests.php(416): Laravel\\Lumen\\Application->Laravel\\Lumen\\Concerns\\{closure}()
#23 /var/www/html/efms/api/vendor/laravel/lumen-framework/src/Concerns/RoutesRequests.php(171): Laravel\\Lumen\\Application->sendThroughPipeline()
#24 /var/www/html/efms/api/vendor/laravel/lumen-framework/src/Concerns/RoutesRequests.php(108): Laravel\\Lumen\\Application->dispatch()
#25 /var/www/html/efms/api/public/index.php(28): Laravel\\Lumen\\Application->run()
#26 /var/www/html/efms/api/index.php(22): require_once('/var/www/html/e...')
#27 {main}
"} 
[2025-08-28 11:41:49] staging.ERROR: ErrorException: Trying to get property 'Fullname' of non-object in /var/www/html/efms/api/app/Http/Controllers/UserController.php:23
Stack trace:
#0 /var/www/html/efms/api/app/Http/Controllers/UserController.php(23): Laravel\Lumen\Application->Laravel\Lumen\Concerns\{closure}()
#1 [internal function]: App\Http\Controllers\UserController->get_user()
#2 /var/www/html/efms/api/vendor/illuminate/container/BoundMethod.php(32): call_user_func_array()
#3 /var/www/html/efms/api/vendor/illuminate/container/BoundMethod.php(90): Illuminate\Container\BoundMethod::Illuminate\Container\{closure}()
#4 /var/www/html/efms/api/vendor/illuminate/container/BoundMethod.php(34): Illuminate\Container\BoundMethod::callBoundMethod()
#5 /var/www/html/efms/api/vendor/illuminate/container/Container.php(576): Illuminate\Container\BoundMethod::call()
#6 /var/www/html/efms/api/vendor/laravel/lumen-framework/src/Concerns/RoutesRequests.php(376): Illuminate\Container\Container->call()
#7 /var/www/html/efms/api/vendor/laravel/lumen-framework/src/Concerns/RoutesRequests.php(342): Laravel\Lumen\Application->callControllerCallable()
#8 /var/www/html/efms/api/vendor/laravel/lumen-framework/src/Concerns/RoutesRequests.php(316): Laravel\Lumen\Application->callLumenController()
#9 /var/www/html/efms/api/vendor/laravel/lumen-framework/src/Concerns/RoutesRequests.php(278): Laravel\Lumen\Application->callControllerAction()
#10 /var/www/html/efms/api/vendor/laravel/lumen-framework/src/Concerns/RoutesRequests.php(258): Laravel\Lumen\Application->callActionOnArrayBasedRoute()
#11 [internal function]: Laravel\Lumen\Application->Laravel\Lumen\Concerns\{closure}()
#12 /var/www/html/efms/api/vendor/laravel/lumen-framework/src/Routing/Pipeline.php(52): call_user_func()
#13 /var/www/html/efms/api/app/Http/Middleware/Authenticate.php(64): Laravel\Lumen\Routing\Pipeline->Laravel\Lumen\Routing\{closure}()
#14 /var/www/html/efms/api/vendor/illuminate/pipeline/Pipeline.php(163): App\Http\Middleware\Authenticate->handle()
#15 [internal function]: Illuminate\Pipeline\Pipeline->Illuminate\Pipeline\{closure}()
#16 /var/www/html/efms/api/vendor/laravel/lumen-framework/src/Routing/Pipeline.php(32): call_user_func()
#17 /var/www/html/efms/api/vendor/illuminate/pipeline/Pipeline.php(104): Laravel\Lumen\Routing\Pipeline->Laravel\Lumen\Routing\{closure}()
#18 /var/www/html/efms/api/vendor/laravel/lumen-framework/src/Concerns/RoutesRequests.php(413): Illuminate\Pipeline\Pipeline->then()
#19 /var/www/html/efms/api/vendor/laravel/lumen-framework/src/Concerns/RoutesRequests.php(259): Laravel\Lumen\Application->sendThroughPipeline()
#20 /var/www/html/efms/api/vendor/laravel/lumen-framework/src/Concerns/RoutesRequests.php(233): Laravel\Lumen\Application->handleFoundRoute()
#21 /var/www/html/efms/api/vendor/laravel/lumen-framework/src/Concerns/RoutesRequests.php(169): Laravel\Lumen\Application->handleDispatcherResponse()
#22 /var/www/html/efms/api/vendor/laravel/lumen-framework/src/Concerns/RoutesRequests.php(416): Laravel\Lumen\Application->Laravel\Lumen\Concerns\{closure}()
#23 /var/www/html/efms/api/vendor/laravel/lumen-framework/src/Concerns/RoutesRequests.php(171): Laravel\Lumen\Application->sendThroughPipeline()
#24 /var/www/html/efms/api/vendor/laravel/lumen-framework/src/Concerns/RoutesRequests.php(108): Laravel\Lumen\Application->dispatch()
#25 /var/www/html/efms/api/public/index.php(28): Laravel\Lumen\Application->run()
#26 /var/www/html/efms/api/index.php(22): require_once('/var/www/html/e...')
#27 {main} {"exception":"[object] (ErrorException(code: 0): Trying to get property 'Fullname' of non-object at /var/www/html/efms/api/app/Http/Controllers/UserController.php:23)
[stacktrace]
#0 /var/www/html/efms/api/app/Http/Controllers/UserController.php(23): Laravel\\Lumen\\Application->Laravel\\Lumen\\Concerns\\{closure}()
#1 [internal function]: App\\Http\\Controllers\\UserController->get_user()
#2 /var/www/html/efms/api/vendor/illuminate/container/BoundMethod.php(32): call_user_func_array()
#3 /var/www/html/efms/api/vendor/illuminate/container/BoundMethod.php(90): Illuminate\\Container\\BoundMethod::Illuminate\\Container\\{closure}()
#4 /var/www/html/efms/api/vendor/illuminate/container/BoundMethod.php(34): Illuminate\\Container\\BoundMethod::callBoundMethod()
#5 /var/www/html/efms/api/vendor/illuminate/container/Container.php(576): Illuminate\\Container\\BoundMethod::call()
#6 /var/www/html/efms/api/vendor/laravel/lumen-framework/src/Concerns/RoutesRequests.php(376): Illuminate\\Container\\Container->call()
#7 /var/www/html/efms/api/vendor/laravel/lumen-framework/src/Concerns/RoutesRequests.php(342): Laravel\\Lumen\\Application->callControllerCallable()
#8 /var/www/html/efms/api/vendor/laravel/lumen-framework/src/Concerns/RoutesRequests.php(316): Laravel\\Lumen\\Application->callLumenController()
#9 /var/www/html/efms/api/vendor/laravel/lumen-framework/src/Concerns/RoutesRequests.php(278): Laravel\\Lumen\\Application->callControllerAction()
#10 /var/www/html/efms/api/vendor/laravel/lumen-framework/src/Concerns/RoutesRequests.php(258): Laravel\\Lumen\\Application->callActionOnArrayBasedRoute()
#11 [internal function]: Laravel\\Lumen\\Application->Laravel\\Lumen\\Concerns\\{closure}()
#12 /var/www/html/efms/api/vendor/laravel/lumen-framework/src/Routing/Pipeline.php(52): call_user_func()
#13 /var/www/html/efms/api/app/Http/Middleware/Authenticate.php(64): Laravel\\Lumen\\Routing\\Pipeline->Laravel\\Lumen\\Routing\\{closure}()
#14 /var/www/html/efms/api/vendor/illuminate/pipeline/Pipeline.php(163): App\\Http\\Middleware\\Authenticate->handle()
#15 [internal function]: Illuminate\\Pipeline\\Pipeline->Illuminate\\Pipeline\\{closure}()
#16 /var/www/html/efms/api/vendor/laravel/lumen-framework/src/Routing/Pipeline.php(32): call_user_func()
#17 /var/www/html/efms/api/vendor/illuminate/pipeline/Pipeline.php(104): Laravel\\Lumen\\Routing\\Pipeline->Laravel\\Lumen\\Routing\\{closure}()
#18 /var/www/html/efms/api/vendor/laravel/lumen-framework/src/Concerns/RoutesRequests.php(413): Illuminate\\Pipeline\\Pipeline->then()
#19 /var/www/html/efms/api/vendor/laravel/lumen-framework/src/Concerns/RoutesRequests.php(259): Laravel\\Lumen\\Application->sendThroughPipeline()
#20 /var/www/html/efms/api/vendor/laravel/lumen-framework/src/Concerns/RoutesRequests.php(233): Laravel\\Lumen\\Application->handleFoundRoute()
#21 /var/www/html/efms/api/vendor/laravel/lumen-framework/src/Concerns/RoutesRequests.php(169): Laravel\\Lumen\\Application->handleDispatcherResponse()
#22 /var/www/html/efms/api/vendor/laravel/lumen-framework/src/Concerns/RoutesRequests.php(416): Laravel\\Lumen\\Application->Laravel\\Lumen\\Concerns\\{closure}()
#23 /var/www/html/efms/api/vendor/laravel/lumen-framework/src/Concerns/RoutesRequests.php(171): Laravel\\Lumen\\Application->sendThroughPipeline()
#24 /var/www/html/efms/api/vendor/laravel/lumen-framework/src/Concerns/RoutesRequests.php(108): Laravel\\Lumen\\Application->dispatch()
#25 /var/www/html/efms/api/public/index.php(28): Laravel\\Lumen\\Application->run()
#26 /var/www/html/efms/api/index.php(22): require_once('/var/www/html/e...')
#27 {main}
"} 
